[2.479s] Invoking command in '/home/walkowiczf/MoveoUnity/MoveoROS2/build/moveo_interfaces': BYOBU_DATE=%Y-%m-%d PYTHONPATH=/home/walkowiczf/MoveoUnity/MoveoROS2/build/moveo_interfaces/prefix_override:/usr/lib/python3/dist-packages/colcon_core/task/python/colcon_distutils_commands:/home/walkowiczf/MoveoUnity/MoveoROS2/install/moveo_interfaces/lib/python3.10/site-packages:${PYTHONPATH} /usr/bin/python3 -W ignore:setup.py install is deprecated -W ignore:easy_install command is deprecated setup.py develop --editable --build-directory /home/walkowiczf/MoveoUnity/MoveoROS2/build/moveo_interfaces/build --no-deps symlink_data
[3.622s] running develop
[3.622s] running egg_info
[3.622s] creating moveo_interfaces.egg-info
[3.622s] writing moveo_interfaces.egg-info/PKG-INFO
[3.622s] writing dependency_links to moveo_interfaces.egg-info/dependency_links.txt
[3.622s] writing requirements to moveo_interfaces.egg-info/requires.txt
[3.623s] writing top-level names to moveo_interfaces.egg-info/top_level.txt
[3.623s] writing manifest file 'moveo_interfaces.egg-info/SOURCES.txt'
[3.623s] reading manifest file 'moveo_interfaces.egg-info/SOURCES.txt'
[3.623s] writing manifest file 'moveo_interfaces.egg-info/SOURCES.txt'
[3.623s] running build_ext
[3.628s] Creating /home/walkowiczf/MoveoUnity/MoveoROS2/install/moveo_interfaces/lib/python3.10/site-packages/moveo-interfaces.egg-link (link to .)
[3.629s] 
[3.629s] Installed /home/walkowiczf/MoveoUnity/MoveoROS2/build/moveo_interfaces
[3.629s] running symlink_data
[3.629s] creating /home/walkowiczf/MoveoUnity/MoveoROS2/install/moveo_interfaces/share/ament_index/resource_index/packages
[3.629s] symbolically linking /home/walkowiczf/MoveoUnity/MoveoROS2/build/moveo_interfaces/resource/moveo_interfaces -> /home/walkowiczf/MoveoUnity/MoveoROS2/install/moveo_interfaces/share/ament_index/resource_index/packages
[3.629s] symbolically linking /home/walkowiczf/MoveoUnity/MoveoROS2/build/moveo_interfaces/package.xml -> /home/walkowiczf/MoveoUnity/MoveoROS2/install/moveo_interfaces/share/moveo_interfaces
[3.630s] Invoked command in '/home/walkowiczf/MoveoUnity/MoveoROS2/build/moveo_interfaces' returned '0': BYOBU_DATE=%Y-%m-%d PYTHONPATH=/home/walkowiczf/MoveoUnity/MoveoROS2/build/moveo_interfaces/prefix_override:/usr/lib/python3/dist-packages/colcon_core/task/python/colcon_distutils_commands:/home/walkowiczf/MoveoUnity/MoveoROS2/install/moveo_interfaces/lib/python3.10/site-packages:${PYTHONPATH} /usr/bin/python3 -W ignore:setup.py install is deprecated -W ignore:easy_install command is deprecated setup.py develop --editable --build-directory /home/walkowiczf/MoveoUnity/MoveoROS2/build/moveo_interfaces/build --no-deps symlink_data
