running develop
running egg_info
creating moveo_moveit2.egg-info
writing moveo_moveit2.egg-info/PKG-INFO
writing dependency_links to moveo_moveit2.egg-info/dependency_links.txt
writing requirements to moveo_moveit2.egg-info/requires.txt
writing top-level names to moveo_moveit2.egg-info/top_level.txt
writing manifest file 'moveo_moveit2.egg-info/SOURCES.txt'
reading manifest file 'moveo_moveit2.egg-info/SOURCES.txt'
writing manifest file 'moveo_moveit2.egg-info/SOURCES.txt'
running build_ext
Creating /home/walkowiczf/MoveoUnity/MoveoROS2/install/moveo_moveit2/lib/python3.10/site-packages/moveo-moveit2.egg-link (link to .)

Installed /home/walkowiczf/MoveoUnity/MoveoROS2/build/moveo_moveit2
running symlink_data
creating /home/walkowiczf/MoveoUnity/MoveoROS2/install/moveo_moveit2/share/ament_index/resource_index/packages
symbolically linking /home/walkowiczf/MoveoUnity/MoveoROS2/build/moveo_moveit2/resource/moveo_moveit2 -> /home/walkowiczf/MoveoUnity/MoveoROS2/install/moveo_moveit2/share/ament_index/resource_index/packages
symbolically linking /home/walkowiczf/MoveoUnity/MoveoROS2/build/moveo_moveit2/package.xml -> /home/walkowiczf/MoveoUnity/MoveoROS2/install/moveo_moveit2/share/moveo_moveit2
creating /home/walkowiczf/MoveoUnity/MoveoROS2/install/moveo_moveit2/share/moveo_moveit2/launch
symbolically linking /home/walkowiczf/MoveoUnity/MoveoROS2/build/moveo_moveit2/launch/moveit.launch.py -> /home/walkowiczf/MoveoUnity/MoveoROS2/install/moveo_moveit2/share/moveo_moveit2/launch
creating /home/walkowiczf/MoveoUnity/MoveoROS2/install/moveo_moveit2/share/moveo_moveit2/config
symbolically linking /home/walkowiczf/MoveoUnity/MoveoROS2/build/moveo_moveit2/config/joint_limits.yaml -> /home/walkowiczf/MoveoUnity/MoveoROS2/install/moveo_moveit2/share/moveo_moveit2/config
symbolically linking /home/walkowiczf/MoveoUnity/MoveoROS2/build/moveo_moveit2/config/kinematics.yaml -> /home/walkowiczf/MoveoUnity/MoveoROS2/install/moveo_moveit2/share/moveo_moveit2/config
symbolically linking /home/walkowiczf/MoveoUnity/MoveoROS2/build/moveo_moveit2/config/moveit_controllers.yaml -> /home/walkowiczf/MoveoUnity/MoveoROS2/install/moveo_moveit2/share/moveo_moveit2/config
symbolically linking /home/walkowiczf/MoveoUnity/MoveoROS2/build/moveo_moveit2/config/pilz_cartesian_limits.yaml -> /home/walkowiczf/MoveoUnity/MoveoROS2/install/moveo_moveit2/share/moveo_moveit2/config
symbolically linking /home/walkowiczf/MoveoUnity/MoveoROS2/build/moveo_moveit2/config/initial_position.yaml -> /home/walkowiczf/MoveoUnity/MoveoROS2/install/moveo_moveit2/share/moveo_moveit2/config
symbolically linking /home/walkowiczf/MoveoUnity/MoveoROS2/build/moveo_moveit2/config/moveo.srdf -> /home/walkowiczf/MoveoUnity/MoveoROS2/install/moveo_moveit2/share/moveo_moveit2/config
