[0.128s] DEBUG:colcon:Command line arguments: ['/usr/bin/colcon', 'build', '--symlink-install']
[0.128s] DEBUG:colcon:Parsed command line arguments: Namespace(log_base=None, log_level=None, verb_name='build', build_base='build', install_base='install', merge_install=False, symlink_install=True, test_result_base=None, continue_on_error=False, executor='parallel', parallel_workers=8, event_handlers=None, ignore_user_meta=False, metas=['./colcon.meta'], base_paths=['.'], packages_ignore=None, packages_ignore_regex=None, paths=None, packages_up_to=None, packages_up_to_regex=None, packages_above=None, packages_above_and_dependencies=None, packages_above_depth=None, packages_select_by_dep=None, packages_skip_by_dep=None, packages_skip_up_to=None, packages_select_build_failed=False, packages_skip_build_finished=False, packages_select_test_failures=False, packages_skip_test_passed=False, packages_select=None, packages_skip=None, packages_select_regex=None, packages_skip_regex=None, packages_start=None, packages_end=None, allow_overriding=[], cmake_args=None, cmake_target=None, cmake_target_skip_unavailable=False, cmake_clean_cache=False, cmake_clean_first=False, cmake_force_configure=False, ament_cmake_args=None, catkin_cmake_args=None, catkin_skip_building_tests=False, mixin_files=None, mixin=None, verb_parser=<colcon_mixin.mixin.mixin_argument.MixinArgumentDecorator object at 0x72694428f790>, verb_extension=<colcon_core.verb.build.BuildVerb object at 0x726944245120>, main=<bound method BuildVerb.main of <colcon_core.verb.build.BuildVerb object at 0x726944245120>>, mixin_verb=('build',))
[0.172s] Level 1:colcon.colcon_core.package_discovery:discover_packages(colcon_meta) check parameters
[0.172s] Level 1:colcon.colcon_core.package_discovery:discover_packages(recursive) check parameters
[0.172s] Level 1:colcon.colcon_core.package_discovery:discover_packages(ignore) check parameters
[0.172s] Level 1:colcon.colcon_core.package_discovery:discover_packages(path) check parameters
[0.172s] Level 1:colcon.colcon_core.package_discovery:discover_packages(colcon_meta) discover
[0.172s] Level 1:colcon.colcon_core.package_discovery:discover_packages(recursive) discover
[0.172s] INFO:colcon.colcon_core.package_discovery:Crawling recursively for packages in '/home/walkowiczf/MoveoUnity/MoveoROS2'
[0.172s] Level 1:colcon.colcon_core.package_identification:_identify(.) by extensions ['ignore', 'ignore_ament_install']
[0.172s] Level 1:colcon.colcon_core.package_identification:_identify(.) by extension 'ignore'
[0.173s] Level 1:colcon.colcon_core.package_identification:_identify(.) by extension 'ignore_ament_install'
[0.173s] Level 1:colcon.colcon_core.package_identification:_identify(.) by extensions ['colcon_pkg']
[0.173s] Level 1:colcon.colcon_core.package_identification:_identify(.) by extension 'colcon_pkg'
[0.173s] Level 1:colcon.colcon_core.package_identification:_identify(.) by extensions ['colcon_meta']
[0.173s] Level 1:colcon.colcon_core.package_identification:_identify(.) by extension 'colcon_meta'
[0.173s] Level 1:colcon.colcon_core.package_identification:_identify(.) by extensions ['ros']
[0.173s] Level 1:colcon.colcon_core.package_identification:_identify(.) by extension 'ros'
[0.184s] Level 1:colcon.colcon_core.package_identification:_identify(.) by extensions ['cmake', 'python']
[0.184s] Level 1:colcon.colcon_core.package_identification:_identify(.) by extension 'cmake'
[0.184s] Level 1:colcon.colcon_core.package_identification:_identify(.) by extension 'python'
[0.184s] Level 1:colcon.colcon_core.package_identification:_identify(.) by extensions ['python_setup_py']
[0.184s] Level 1:colcon.colcon_core.package_identification:_identify(.) by extension 'python_setup_py'
[0.185s] Level 1:colcon.colcon_core.package_identification:_identify(build) by extensions ['ignore', 'ignore_ament_install']
[0.185s] Level 1:colcon.colcon_core.package_identification:_identify(build) by extension 'ignore'
[0.185s] Level 1:colcon.colcon_core.package_identification:_identify(build) ignored
[0.185s] Level 1:colcon.colcon_core.package_identification:_identify(install) by extensions ['ignore', 'ignore_ament_install']
[0.185s] Level 1:colcon.colcon_core.package_identification:_identify(install) by extension 'ignore'
[0.185s] Level 1:colcon.colcon_core.package_identification:_identify(install) ignored
[0.185s] Level 1:colcon.colcon_core.package_identification:_identify(log) by extensions ['ignore', 'ignore_ament_install']
[0.185s] Level 1:colcon.colcon_core.package_identification:_identify(log) by extension 'ignore'
[0.185s] Level 1:colcon.colcon_core.package_identification:_identify(log) ignored
[0.185s] Level 1:colcon.colcon_core.package_identification:_identify(src) by extensions ['ignore', 'ignore_ament_install']
[0.185s] Level 1:colcon.colcon_core.package_identification:_identify(src) by extension 'ignore'
[0.186s] Level 1:colcon.colcon_core.package_identification:_identify(src) by extension 'ignore_ament_install'
[0.186s] Level 1:colcon.colcon_core.package_identification:_identify(src) by extensions ['colcon_pkg']
[0.186s] Level 1:colcon.colcon_core.package_identification:_identify(src) by extension 'colcon_pkg'
[0.186s] Level 1:colcon.colcon_core.package_identification:_identify(src) by extensions ['colcon_meta']
[0.186s] Level 1:colcon.colcon_core.package_identification:_identify(src) by extension 'colcon_meta'
[0.186s] Level 1:colcon.colcon_core.package_identification:_identify(src) by extensions ['ros']
[0.186s] Level 1:colcon.colcon_core.package_identification:_identify(src) by extension 'ros'
[0.186s] Level 1:colcon.colcon_core.package_identification:_identify(src) by extensions ['cmake', 'python']
[0.186s] Level 1:colcon.colcon_core.package_identification:_identify(src) by extension 'cmake'
[0.186s] Level 1:colcon.colcon_core.package_identification:_identify(src) by extension 'python'
[0.186s] Level 1:colcon.colcon_core.package_identification:_identify(src) by extensions ['python_setup_py']
[0.186s] Level 1:colcon.colcon_core.package_identification:_identify(src) by extension 'python_setup_py'
[0.186s] Level 1:colcon.colcon_core.package_identification:_identify(src/ROS-TCP-Endpoint-main-ros2) by extensions ['ignore', 'ignore_ament_install']
[0.186s] Level 1:colcon.colcon_core.package_identification:_identify(src/ROS-TCP-Endpoint-main-ros2) by extension 'ignore'
[0.186s] Level 1:colcon.colcon_core.package_identification:_identify(src/ROS-TCP-Endpoint-main-ros2) by extension 'ignore_ament_install'
[0.186s] Level 1:colcon.colcon_core.package_identification:_identify(src/ROS-TCP-Endpoint-main-ros2) by extensions ['colcon_pkg']
[0.186s] Level 1:colcon.colcon_core.package_identification:_identify(src/ROS-TCP-Endpoint-main-ros2) by extension 'colcon_pkg'
[0.186s] Level 1:colcon.colcon_core.package_identification:_identify(src/ROS-TCP-Endpoint-main-ros2) by extensions ['colcon_meta']
[0.186s] Level 1:colcon.colcon_core.package_identification:_identify(src/ROS-TCP-Endpoint-main-ros2) by extension 'colcon_meta'
[0.186s] Level 1:colcon.colcon_core.package_identification:_identify(src/ROS-TCP-Endpoint-main-ros2) by extensions ['ros']
[0.186s] Level 1:colcon.colcon_core.package_identification:_identify(src/ROS-TCP-Endpoint-main-ros2) by extension 'ros'
[0.189s] DEBUG:colcon.colcon_core.package_identification:Package 'src/ROS-TCP-Endpoint-main-ros2' with type 'ros.ament_python' and name 'ros_tcp_endpoint'
[0.189s] Level 1:colcon.colcon_core.package_identification:_identify(src/moveo_bringup) by extensions ['ignore', 'ignore_ament_install']
[0.189s] Level 1:colcon.colcon_core.package_identification:_identify(src/moveo_bringup) by extension 'ignore'
[0.189s] Level 1:colcon.colcon_core.package_identification:_identify(src/moveo_bringup) by extension 'ignore_ament_install'
[0.189s] Level 1:colcon.colcon_core.package_identification:_identify(src/moveo_bringup) by extensions ['colcon_pkg']
[0.189s] Level 1:colcon.colcon_core.package_identification:_identify(src/moveo_bringup) by extension 'colcon_pkg'
[0.189s] Level 1:colcon.colcon_core.package_identification:_identify(src/moveo_bringup) by extensions ['colcon_meta']
[0.189s] Level 1:colcon.colcon_core.package_identification:_identify(src/moveo_bringup) by extension 'colcon_meta'
[0.189s] Level 1:colcon.colcon_core.package_identification:_identify(src/moveo_bringup) by extensions ['ros']
[0.189s] Level 1:colcon.colcon_core.package_identification:_identify(src/moveo_bringup) by extension 'ros'
[0.190s] DEBUG:colcon.colcon_core.package_identification:Package 'src/moveo_bringup' with type 'ros.ament_python' and name 'moveo_bringup'
[0.190s] Level 1:colcon.colcon_core.package_identification:_identify(src/moveo_description) by extensions ['ignore', 'ignore_ament_install']
[0.190s] Level 1:colcon.colcon_core.package_identification:_identify(src/moveo_description) by extension 'ignore'
[0.190s] Level 1:colcon.colcon_core.package_identification:_identify(src/moveo_description) by extension 'ignore_ament_install'
[0.190s] Level 1:colcon.colcon_core.package_identification:_identify(src/moveo_description) by extensions ['colcon_pkg']
[0.190s] Level 1:colcon.colcon_core.package_identification:_identify(src/moveo_description) by extension 'colcon_pkg'
[0.190s] Level 1:colcon.colcon_core.package_identification:_identify(src/moveo_description) by extensions ['colcon_meta']
[0.190s] Level 1:colcon.colcon_core.package_identification:_identify(src/moveo_description) by extension 'colcon_meta'
[0.190s] Level 1:colcon.colcon_core.package_identification:_identify(src/moveo_description) by extensions ['ros']
[0.190s] Level 1:colcon.colcon_core.package_identification:_identify(src/moveo_description) by extension 'ros'
[0.191s] DEBUG:colcon.colcon_core.package_identification:Package 'src/moveo_description' with type 'ros.ament_python' and name 'moveo_description'
[0.191s] Level 1:colcon.colcon_core.package_identification:_identify(src/moveo_gazebo) by extensions ['ignore', 'ignore_ament_install']
[0.191s] Level 1:colcon.colcon_core.package_identification:_identify(src/moveo_gazebo) by extension 'ignore'
[0.191s] Level 1:colcon.colcon_core.package_identification:_identify(src/moveo_gazebo) by extension 'ignore_ament_install'
[0.191s] Level 1:colcon.colcon_core.package_identification:_identify(src/moveo_gazebo) by extensions ['colcon_pkg']
[0.191s] Level 1:colcon.colcon_core.package_identification:_identify(src/moveo_gazebo) by extension 'colcon_pkg'
[0.191s] Level 1:colcon.colcon_core.package_identification:_identify(src/moveo_gazebo) by extensions ['colcon_meta']
[0.191s] Level 1:colcon.colcon_core.package_identification:_identify(src/moveo_gazebo) by extension 'colcon_meta'
[0.192s] Level 1:colcon.colcon_core.package_identification:_identify(src/moveo_gazebo) by extensions ['ros']
[0.192s] Level 1:colcon.colcon_core.package_identification:_identify(src/moveo_gazebo) by extension 'ros'
[0.193s] DEBUG:colcon.colcon_core.package_identification:Package 'src/moveo_gazebo' with type 'ros.ament_python' and name 'moveo_gazebo'
[0.193s] Level 1:colcon.colcon_core.package_identification:_identify(src/moveo_interfaces) by extensions ['ignore', 'ignore_ament_install']
[0.193s] Level 1:colcon.colcon_core.package_identification:_identify(src/moveo_interfaces) by extension 'ignore'
[0.193s] Level 1:colcon.colcon_core.package_identification:_identify(src/moveo_interfaces) by extension 'ignore_ament_install'
[0.193s] Level 1:colcon.colcon_core.package_identification:_identify(src/moveo_interfaces) by extensions ['colcon_pkg']
[0.193s] Level 1:colcon.colcon_core.package_identification:_identify(src/moveo_interfaces) by extension 'colcon_pkg'
[0.193s] Level 1:colcon.colcon_core.package_identification:_identify(src/moveo_interfaces) by extensions ['colcon_meta']
[0.193s] Level 1:colcon.colcon_core.package_identification:_identify(src/moveo_interfaces) by extension 'colcon_meta'
[0.193s] Level 1:colcon.colcon_core.package_identification:_identify(src/moveo_interfaces) by extensions ['ros']
[0.194s] Level 1:colcon.colcon_core.package_identification:_identify(src/moveo_interfaces) by extension 'ros'
[0.194s] DEBUG:colcon.colcon_core.package_identification:Package 'src/moveo_interfaces' with type 'ros.ament_python' and name 'moveo_interfaces'
[0.194s] Level 1:colcon.colcon_core.package_identification:_identify(src/moveo_moveit) by extensions ['ignore', 'ignore_ament_install']
[0.194s] Level 1:colcon.colcon_core.package_identification:_identify(src/moveo_moveit) by extension 'ignore'
[0.195s] Level 1:colcon.colcon_core.package_identification:_identify(src/moveo_moveit) by extension 'ignore_ament_install'
[0.195s] Level 1:colcon.colcon_core.package_identification:_identify(src/moveo_moveit) by extensions ['colcon_pkg']
[0.195s] Level 1:colcon.colcon_core.package_identification:_identify(src/moveo_moveit) by extension 'colcon_pkg'
[0.195s] Level 1:colcon.colcon_core.package_identification:_identify(src/moveo_moveit) by extensions ['colcon_meta']
[0.195s] Level 1:colcon.colcon_core.package_identification:_identify(src/moveo_moveit) by extension 'colcon_meta'
[0.195s] Level 1:colcon.colcon_core.package_identification:_identify(src/moveo_moveit) by extensions ['ros']
[0.195s] Level 1:colcon.colcon_core.package_identification:_identify(src/moveo_moveit) by extension 'ros'
[0.196s] DEBUG:colcon.colcon_core.package_identification:Package 'src/moveo_moveit' with type 'ros.ament_cmake' and name 'moveo_moveit'
[0.196s] Level 1:colcon.colcon_core.package_identification:_identify(src/moveo_moveit2) by extensions ['ignore', 'ignore_ament_install']
[0.196s] Level 1:colcon.colcon_core.package_identification:_identify(src/moveo_moveit2) by extension 'ignore'
[0.196s] Level 1:colcon.colcon_core.package_identification:_identify(src/moveo_moveit2) by extension 'ignore_ament_install'
[0.197s] Level 1:colcon.colcon_core.package_identification:_identify(src/moveo_moveit2) by extensions ['colcon_pkg']
[0.197s] Level 1:colcon.colcon_core.package_identification:_identify(src/moveo_moveit2) by extension 'colcon_pkg'
[0.197s] Level 1:colcon.colcon_core.package_identification:_identify(src/moveo_moveit2) by extensions ['colcon_meta']
[0.197s] Level 1:colcon.colcon_core.package_identification:_identify(src/moveo_moveit2) by extension 'colcon_meta'
[0.197s] Level 1:colcon.colcon_core.package_identification:_identify(src/moveo_moveit2) by extensions ['ros']
[0.197s] Level 1:colcon.colcon_core.package_identification:_identify(src/moveo_moveit2) by extension 'ros'
[0.197s] DEBUG:colcon.colcon_core.package_identification:Package 'src/moveo_moveit2' with type 'ros.ament_python' and name 'moveo_moveit2'
[0.198s] Level 1:colcon.colcon_core.package_identification:_identify(src/moveo_rviz) by extensions ['ignore', 'ignore_ament_install']
[0.198s] Level 1:colcon.colcon_core.package_identification:_identify(src/moveo_rviz) by extension 'ignore'
[0.198s] Level 1:colcon.colcon_core.package_identification:_identify(src/moveo_rviz) by extension 'ignore_ament_install'
[0.198s] Level 1:colcon.colcon_core.package_identification:_identify(src/moveo_rviz) by extensions ['colcon_pkg']
[0.198s] Level 1:colcon.colcon_core.package_identification:_identify(src/moveo_rviz) by extension 'colcon_pkg'
[0.198s] Level 1:colcon.colcon_core.package_identification:_identify(src/moveo_rviz) by extensions ['colcon_meta']
[0.198s] Level 1:colcon.colcon_core.package_identification:_identify(src/moveo_rviz) by extension 'colcon_meta'
[0.198s] Level 1:colcon.colcon_core.package_identification:_identify(src/moveo_rviz) by extensions ['ros']
[0.198s] Level 1:colcon.colcon_core.package_identification:_identify(src/moveo_rviz) by extension 'ros'
[0.199s] DEBUG:colcon.colcon_core.package_identification:Package 'src/moveo_rviz' with type 'ros.ament_python' and name 'moveo_rviz'
[0.199s] Level 1:colcon.colcon_core.package_discovery:discover_packages(recursive) using defaults
[0.199s] Level 1:colcon.colcon_core.package_discovery:discover_packages(ignore) discover
[0.199s] Level 1:colcon.colcon_core.package_discovery:discover_packages(ignore) using defaults
[0.199s] Level 1:colcon.colcon_core.package_discovery:discover_packages(path) discover
[0.199s] Level 1:colcon.colcon_core.package_discovery:discover_packages(path) using defaults
[0.229s] Level 1:colcon.colcon_core.package_discovery:discover_packages(prefix_path) check parameters
[0.229s] Level 1:colcon.colcon_core.package_discovery:discover_packages(prefix_path) discover
[0.233s] DEBUG:colcon.colcon_installed_package_information.package_discovery:Found 7 installed packages in /home/walkowiczf/MoveoUnity/MoveoROS2/install
[0.233s] DEBUG:colcon.colcon_installed_package_information.package_discovery:Found 1 installed packages in /home/walkowiczf/PycharmProjects/ROS2/install
[0.235s] DEBUG:colcon.colcon_installed_package_information.package_discovery:Found 455 installed packages in /opt/ros/humble
[0.236s] Level 1:colcon.colcon_core.package_discovery:discover_packages(prefix_path) using defaults
[0.326s] Level 5:colcon.colcon_core.verb:set package 'moveo_bringup' build argument 'cmake_args' from command line to 'None'
[0.326s] Level 5:colcon.colcon_core.verb:set package 'moveo_bringup' build argument 'cmake_target' from command line to 'None'
[0.327s] Level 5:colcon.colcon_core.verb:set package 'moveo_bringup' build argument 'cmake_target_skip_unavailable' from command line to 'False'
[0.327s] Level 5:colcon.colcon_core.verb:set package 'moveo_bringup' build argument 'cmake_clean_cache' from command line to 'False'
[0.327s] Level 5:colcon.colcon_core.verb:set package 'moveo_bringup' build argument 'cmake_clean_first' from command line to 'False'
[0.327s] Level 5:colcon.colcon_core.verb:set package 'moveo_bringup' build argument 'cmake_force_configure' from command line to 'False'
[0.327s] Level 5:colcon.colcon_core.verb:set package 'moveo_bringup' build argument 'ament_cmake_args' from command line to 'None'
[0.327s] Level 5:colcon.colcon_core.verb:set package 'moveo_bringup' build argument 'catkin_cmake_args' from command line to 'None'
[0.327s] Level 5:colcon.colcon_core.verb:set package 'moveo_bringup' build argument 'catkin_skip_building_tests' from command line to 'False'
[0.327s] DEBUG:colcon.colcon_core.verb:Building package 'moveo_bringup' with the following arguments: {'ament_cmake_args': None, 'build_base': '/home/walkowiczf/MoveoUnity/MoveoROS2/build/moveo_bringup', 'catkin_cmake_args': None, 'catkin_skip_building_tests': False, 'cmake_args': None, 'cmake_clean_cache': False, 'cmake_clean_first': False, 'cmake_force_configure': False, 'cmake_target': None, 'cmake_target_skip_unavailable': False, 'install_base': '/home/walkowiczf/MoveoUnity/MoveoROS2/install/moveo_bringup', 'merge_install': False, 'path': '/home/walkowiczf/MoveoUnity/MoveoROS2/src/moveo_bringup', 'symlink_install': True, 'test_result_base': None}
[0.327s] Level 5:colcon.colcon_core.verb:set package 'moveo_description' build argument 'cmake_args' from command line to 'None'
[0.327s] Level 5:colcon.colcon_core.verb:set package 'moveo_description' build argument 'cmake_target' from command line to 'None'
[0.327s] Level 5:colcon.colcon_core.verb:set package 'moveo_description' build argument 'cmake_target_skip_unavailable' from command line to 'False'
[0.327s] Level 5:colcon.colcon_core.verb:set package 'moveo_description' build argument 'cmake_clean_cache' from command line to 'False'
[0.327s] Level 5:colcon.colcon_core.verb:set package 'moveo_description' build argument 'cmake_clean_first' from command line to 'False'
[0.327s] Level 5:colcon.colcon_core.verb:set package 'moveo_description' build argument 'cmake_force_configure' from command line to 'False'
[0.327s] Level 5:colcon.colcon_core.verb:set package 'moveo_description' build argument 'ament_cmake_args' from command line to 'None'
[0.327s] Level 5:colcon.colcon_core.verb:set package 'moveo_description' build argument 'catkin_cmake_args' from command line to 'None'
[0.327s] Level 5:colcon.colcon_core.verb:set package 'moveo_description' build argument 'catkin_skip_building_tests' from command line to 'False'
[0.327s] DEBUG:colcon.colcon_core.verb:Building package 'moveo_description' with the following arguments: {'ament_cmake_args': None, 'build_base': '/home/walkowiczf/MoveoUnity/MoveoROS2/build/moveo_description', 'catkin_cmake_args': None, 'catkin_skip_building_tests': False, 'cmake_args': None, 'cmake_clean_cache': False, 'cmake_clean_first': False, 'cmake_force_configure': False, 'cmake_target': None, 'cmake_target_skip_unavailable': False, 'install_base': '/home/walkowiczf/MoveoUnity/MoveoROS2/install/moveo_description', 'merge_install': False, 'path': '/home/walkowiczf/MoveoUnity/MoveoROS2/src/moveo_description', 'symlink_install': True, 'test_result_base': None}
[0.328s] Level 5:colcon.colcon_core.verb:set package 'moveo_gazebo' build argument 'cmake_args' from command line to 'None'
[0.328s] Level 5:colcon.colcon_core.verb:set package 'moveo_gazebo' build argument 'cmake_target' from command line to 'None'
[0.328s] Level 5:colcon.colcon_core.verb:set package 'moveo_gazebo' build argument 'cmake_target_skip_unavailable' from command line to 'False'
[0.328s] Level 5:colcon.colcon_core.verb:set package 'moveo_gazebo' build argument 'cmake_clean_cache' from command line to 'False'
[0.328s] Level 5:colcon.colcon_core.verb:set package 'moveo_gazebo' build argument 'cmake_clean_first' from command line to 'False'
[0.328s] Level 5:colcon.colcon_core.verb:set package 'moveo_gazebo' build argument 'cmake_force_configure' from command line to 'False'
[0.328s] Level 5:colcon.colcon_core.verb:set package 'moveo_gazebo' build argument 'ament_cmake_args' from command line to 'None'
[0.328s] Level 5:colcon.colcon_core.verb:set package 'moveo_gazebo' build argument 'catkin_cmake_args' from command line to 'None'
[0.328s] Level 5:colcon.colcon_core.verb:set package 'moveo_gazebo' build argument 'catkin_skip_building_tests' from command line to 'False'
[0.328s] DEBUG:colcon.colcon_core.verb:Building package 'moveo_gazebo' with the following arguments: {'ament_cmake_args': None, 'build_base': '/home/walkowiczf/MoveoUnity/MoveoROS2/build/moveo_gazebo', 'catkin_cmake_args': None, 'catkin_skip_building_tests': False, 'cmake_args': None, 'cmake_clean_cache': False, 'cmake_clean_first': False, 'cmake_force_configure': False, 'cmake_target': None, 'cmake_target_skip_unavailable': False, 'install_base': '/home/walkowiczf/MoveoUnity/MoveoROS2/install/moveo_gazebo', 'merge_install': False, 'path': '/home/walkowiczf/MoveoUnity/MoveoROS2/src/moveo_gazebo', 'symlink_install': True, 'test_result_base': None}
[0.328s] Level 5:colcon.colcon_core.verb:set package 'moveo_interfaces' build argument 'cmake_args' from command line to 'None'
[0.328s] Level 5:colcon.colcon_core.verb:set package 'moveo_interfaces' build argument 'cmake_target' from command line to 'None'
[0.328s] Level 5:colcon.colcon_core.verb:set package 'moveo_interfaces' build argument 'cmake_target_skip_unavailable' from command line to 'False'
[0.328s] Level 5:colcon.colcon_core.verb:set package 'moveo_interfaces' build argument 'cmake_clean_cache' from command line to 'False'
[0.328s] Level 5:colcon.colcon_core.verb:set package 'moveo_interfaces' build argument 'cmake_clean_first' from command line to 'False'
[0.328s] Level 5:colcon.colcon_core.verb:set package 'moveo_interfaces' build argument 'cmake_force_configure' from command line to 'False'
[0.328s] Level 5:colcon.colcon_core.verb:set package 'moveo_interfaces' build argument 'ament_cmake_args' from command line to 'None'
[0.328s] Level 5:colcon.colcon_core.verb:set package 'moveo_interfaces' build argument 'catkin_cmake_args' from command line to 'None'
[0.328s] Level 5:colcon.colcon_core.verb:set package 'moveo_interfaces' build argument 'catkin_skip_building_tests' from command line to 'False'
[0.328s] DEBUG:colcon.colcon_core.verb:Building package 'moveo_interfaces' with the following arguments: {'ament_cmake_args': None, 'build_base': '/home/walkowiczf/MoveoUnity/MoveoROS2/build/moveo_interfaces', 'catkin_cmake_args': None, 'catkin_skip_building_tests': False, 'cmake_args': None, 'cmake_clean_cache': False, 'cmake_clean_first': False, 'cmake_force_configure': False, 'cmake_target': None, 'cmake_target_skip_unavailable': False, 'install_base': '/home/walkowiczf/MoveoUnity/MoveoROS2/install/moveo_interfaces', 'merge_install': False, 'path': '/home/walkowiczf/MoveoUnity/MoveoROS2/src/moveo_interfaces', 'symlink_install': True, 'test_result_base': None}
[0.329s] Level 5:colcon.colcon_core.verb:set package 'moveo_moveit2' build argument 'cmake_args' from command line to 'None'
[0.329s] Level 5:colcon.colcon_core.verb:set package 'moveo_moveit2' build argument 'cmake_target' from command line to 'None'
[0.329s] Level 5:colcon.colcon_core.verb:set package 'moveo_moveit2' build argument 'cmake_target_skip_unavailable' from command line to 'False'
[0.329s] Level 5:colcon.colcon_core.verb:set package 'moveo_moveit2' build argument 'cmake_clean_cache' from command line to 'False'
[0.329s] Level 5:colcon.colcon_core.verb:set package 'moveo_moveit2' build argument 'cmake_clean_first' from command line to 'False'
[0.329s] Level 5:colcon.colcon_core.verb:set package 'moveo_moveit2' build argument 'cmake_force_configure' from command line to 'False'
[0.329s] Level 5:colcon.colcon_core.verb:set package 'moveo_moveit2' build argument 'ament_cmake_args' from command line to 'None'
[0.329s] Level 5:colcon.colcon_core.verb:set package 'moveo_moveit2' build argument 'catkin_cmake_args' from command line to 'None'
[0.329s] Level 5:colcon.colcon_core.verb:set package 'moveo_moveit2' build argument 'catkin_skip_building_tests' from command line to 'False'
[0.329s] DEBUG:colcon.colcon_core.verb:Building package 'moveo_moveit2' with the following arguments: {'ament_cmake_args': None, 'build_base': '/home/walkowiczf/MoveoUnity/MoveoROS2/build/moveo_moveit2', 'catkin_cmake_args': None, 'catkin_skip_building_tests': False, 'cmake_args': None, 'cmake_clean_cache': False, 'cmake_clean_first': False, 'cmake_force_configure': False, 'cmake_target': None, 'cmake_target_skip_unavailable': False, 'install_base': '/home/walkowiczf/MoveoUnity/MoveoROS2/install/moveo_moveit2', 'merge_install': False, 'path': '/home/walkowiczf/MoveoUnity/MoveoROS2/src/moveo_moveit2', 'symlink_install': True, 'test_result_base': None}
[0.329s] Level 5:colcon.colcon_core.verb:set package 'moveo_rviz' build argument 'cmake_args' from command line to 'None'
[0.329s] Level 5:colcon.colcon_core.verb:set package 'moveo_rviz' build argument 'cmake_target' from command line to 'None'
[0.329s] Level 5:colcon.colcon_core.verb:set package 'moveo_rviz' build argument 'cmake_target_skip_unavailable' from command line to 'False'
[0.329s] Level 5:colcon.colcon_core.verb:set package 'moveo_rviz' build argument 'cmake_clean_cache' from command line to 'False'
[0.329s] Level 5:colcon.colcon_core.verb:set package 'moveo_rviz' build argument 'cmake_clean_first' from command line to 'False'
[0.329s] Level 5:colcon.colcon_core.verb:set package 'moveo_rviz' build argument 'cmake_force_configure' from command line to 'False'
[0.329s] Level 5:colcon.colcon_core.verb:set package 'moveo_rviz' build argument 'ament_cmake_args' from command line to 'None'
[0.329s] Level 5:colcon.colcon_core.verb:set package 'moveo_rviz' build argument 'catkin_cmake_args' from command line to 'None'
[0.329s] Level 5:colcon.colcon_core.verb:set package 'moveo_rviz' build argument 'catkin_skip_building_tests' from command line to 'False'
[0.329s] DEBUG:colcon.colcon_core.verb:Building package 'moveo_rviz' with the following arguments: {'ament_cmake_args': None, 'build_base': '/home/walkowiczf/MoveoUnity/MoveoROS2/build/moveo_rviz', 'catkin_cmake_args': None, 'catkin_skip_building_tests': False, 'cmake_args': None, 'cmake_clean_cache': False, 'cmake_clean_first': False, 'cmake_force_configure': False, 'cmake_target': None, 'cmake_target_skip_unavailable': False, 'install_base': '/home/walkowiczf/MoveoUnity/MoveoROS2/install/moveo_rviz', 'merge_install': False, 'path': '/home/walkowiczf/MoveoUnity/MoveoROS2/src/moveo_rviz', 'symlink_install': True, 'test_result_base': None}
[0.330s] Level 5:colcon.colcon_core.verb:set package 'ros_tcp_endpoint' build argument 'cmake_args' from command line to 'None'
[0.330s] Level 5:colcon.colcon_core.verb:set package 'ros_tcp_endpoint' build argument 'cmake_target' from command line to 'None'
[0.330s] Level 5:colcon.colcon_core.verb:set package 'ros_tcp_endpoint' build argument 'cmake_target_skip_unavailable' from command line to 'False'
[0.330s] Level 5:colcon.colcon_core.verb:set package 'ros_tcp_endpoint' build argument 'cmake_clean_cache' from command line to 'False'
[0.330s] Level 5:colcon.colcon_core.verb:set package 'ros_tcp_endpoint' build argument 'cmake_clean_first' from command line to 'False'
[0.330s] Level 5:colcon.colcon_core.verb:set package 'ros_tcp_endpoint' build argument 'cmake_force_configure' from command line to 'False'
[0.330s] Level 5:colcon.colcon_core.verb:set package 'ros_tcp_endpoint' build argument 'ament_cmake_args' from command line to 'None'
[0.330s] Level 5:colcon.colcon_core.verb:set package 'ros_tcp_endpoint' build argument 'catkin_cmake_args' from command line to 'None'
[0.330s] Level 5:colcon.colcon_core.verb:set package 'ros_tcp_endpoint' build argument 'catkin_skip_building_tests' from command line to 'False'
[0.330s] DEBUG:colcon.colcon_core.verb:Building package 'ros_tcp_endpoint' with the following arguments: {'ament_cmake_args': None, 'build_base': '/home/walkowiczf/MoveoUnity/MoveoROS2/build/ros_tcp_endpoint', 'catkin_cmake_args': None, 'catkin_skip_building_tests': False, 'cmake_args': None, 'cmake_clean_cache': False, 'cmake_clean_first': False, 'cmake_force_configure': False, 'cmake_target': None, 'cmake_target_skip_unavailable': False, 'install_base': '/home/walkowiczf/MoveoUnity/MoveoROS2/install/ros_tcp_endpoint', 'merge_install': False, 'path': '/home/walkowiczf/MoveoUnity/MoveoROS2/src/ROS-TCP-Endpoint-main-ros2', 'symlink_install': True, 'test_result_base': None}
[0.330s] Level 5:colcon.colcon_core.verb:set package 'moveo_moveit' build argument 'cmake_args' from command line to 'None'
[0.330s] Level 5:colcon.colcon_core.verb:set package 'moveo_moveit' build argument 'cmake_target' from command line to 'None'
[0.330s] Level 5:colcon.colcon_core.verb:set package 'moveo_moveit' build argument 'cmake_target_skip_unavailable' from command line to 'False'
[0.330s] Level 5:colcon.colcon_core.verb:set package 'moveo_moveit' build argument 'cmake_clean_cache' from command line to 'False'
[0.330s] Level 5:colcon.colcon_core.verb:set package 'moveo_moveit' build argument 'cmake_clean_first' from command line to 'False'
[0.330s] Level 5:colcon.colcon_core.verb:set package 'moveo_moveit' build argument 'cmake_force_configure' from command line to 'False'
[0.330s] Level 5:colcon.colcon_core.verb:set package 'moveo_moveit' build argument 'ament_cmake_args' from command line to 'None'
[0.330s] Level 5:colcon.colcon_core.verb:set package 'moveo_moveit' build argument 'catkin_cmake_args' from command line to 'None'
[0.330s] Level 5:colcon.colcon_core.verb:set package 'moveo_moveit' build argument 'catkin_skip_building_tests' from command line to 'False'
[0.330s] DEBUG:colcon.colcon_core.verb:Building package 'moveo_moveit' with the following arguments: {'ament_cmake_args': None, 'build_base': '/home/walkowiczf/MoveoUnity/MoveoROS2/build/moveo_moveit', 'catkin_cmake_args': None, 'catkin_skip_building_tests': False, 'cmake_args': None, 'cmake_clean_cache': False, 'cmake_clean_first': False, 'cmake_force_configure': False, 'cmake_target': None, 'cmake_target_skip_unavailable': False, 'install_base': '/home/walkowiczf/MoveoUnity/MoveoROS2/install/moveo_moveit', 'merge_install': False, 'path': '/home/walkowiczf/MoveoUnity/MoveoROS2/src/moveo_moveit', 'symlink_install': True, 'test_result_base': None}
[0.330s] INFO:colcon.colcon_core.executor:Executing jobs using 'parallel' executor
[0.331s] DEBUG:colcon.colcon_parallel_executor.executor.parallel:run_until_complete
[0.332s] INFO:colcon.colcon_ros.task.ament_python.build:Building ROS package in '/home/walkowiczf/MoveoUnity/MoveoROS2/src/moveo_description' with build type 'ament_python'
[0.332s] Level 1:colcon.colcon_core.shell:create_environment_hook('moveo_description', 'ament_prefix_path')
[0.335s] INFO:colcon.colcon_core.plugin_system:Skipping extension 'colcon_core.shell.bat': Not used on non-Windows systems
[0.336s] INFO:colcon.colcon_core.shell:Creating environment hook '/home/walkowiczf/MoveoUnity/MoveoROS2/install/moveo_description/share/moveo_description/hook/ament_prefix_path.ps1'
[0.336s] INFO:colcon.colcon_core.shell:Creating environment descriptor '/home/walkowiczf/MoveoUnity/MoveoROS2/install/moveo_description/share/moveo_description/hook/ament_prefix_path.dsv'
[0.337s] INFO:colcon.colcon_core.shell:Creating environment hook '/home/walkowiczf/MoveoUnity/MoveoROS2/install/moveo_description/share/moveo_description/hook/ament_prefix_path.sh'
[0.337s] INFO:colcon.colcon_core.shell:Skip shell extension 'powershell' for command environment: Not usable outside of PowerShell
[0.337s] DEBUG:colcon.colcon_core.shell:Skip shell extension 'dsv' for command environment
[0.341s] INFO:colcon.colcon_ros.task.ament_python.build:Building ROS package in '/home/walkowiczf/MoveoUnity/MoveoROS2/src/moveo_bringup' with build type 'ament_python'
[0.341s] Level 1:colcon.colcon_core.shell:create_environment_hook('moveo_bringup', 'ament_prefix_path')
[0.341s] INFO:colcon.colcon_core.shell:Creating environment hook '/home/walkowiczf/MoveoUnity/MoveoROS2/install/moveo_bringup/share/moveo_bringup/hook/ament_prefix_path.ps1'
[0.342s] INFO:colcon.colcon_core.shell:Creating environment descriptor '/home/walkowiczf/MoveoUnity/MoveoROS2/install/moveo_bringup/share/moveo_bringup/hook/ament_prefix_path.dsv'
[0.342s] INFO:colcon.colcon_core.shell:Creating environment hook '/home/walkowiczf/MoveoUnity/MoveoROS2/install/moveo_bringup/share/moveo_bringup/hook/ament_prefix_path.sh'
[0.342s] INFO:colcon.colcon_core.shell:Skip shell extension 'powershell' for command environment: Not usable outside of PowerShell
[0.343s] DEBUG:colcon.colcon_core.shell:Skip shell extension 'dsv' for command environment
[0.346s] INFO:colcon.colcon_ros.task.ament_python.build:Building ROS package in '/home/walkowiczf/MoveoUnity/MoveoROS2/src/moveo_gazebo' with build type 'ament_python'
[0.346s] Level 1:colcon.colcon_core.shell:create_environment_hook('moveo_gazebo', 'ament_prefix_path')
[0.346s] INFO:colcon.colcon_core.shell:Creating environment hook '/home/walkowiczf/MoveoUnity/MoveoROS2/install/moveo_gazebo/share/moveo_gazebo/hook/ament_prefix_path.ps1'
[0.347s] INFO:colcon.colcon_core.shell:Creating environment descriptor '/home/walkowiczf/MoveoUnity/MoveoROS2/install/moveo_gazebo/share/moveo_gazebo/hook/ament_prefix_path.dsv'
[0.347s] INFO:colcon.colcon_core.shell:Creating environment hook '/home/walkowiczf/MoveoUnity/MoveoROS2/install/moveo_gazebo/share/moveo_gazebo/hook/ament_prefix_path.sh'
[0.348s] INFO:colcon.colcon_core.shell:Skip shell extension 'powershell' for command environment: Not usable outside of PowerShell
[0.348s] DEBUG:colcon.colcon_core.shell:Skip shell extension 'dsv' for command environment
[0.351s] INFO:colcon.colcon_ros.task.ament_python.build:Building ROS package in '/home/walkowiczf/MoveoUnity/MoveoROS2/src/moveo_interfaces' with build type 'ament_python'
[0.351s] Level 1:colcon.colcon_core.shell:create_environment_hook('moveo_interfaces', 'ament_prefix_path')
[0.351s] INFO:colcon.colcon_core.shell:Creating environment hook '/home/walkowiczf/MoveoUnity/MoveoROS2/install/moveo_interfaces/share/moveo_interfaces/hook/ament_prefix_path.ps1'
[0.351s] INFO:colcon.colcon_core.shell:Creating environment descriptor '/home/walkowiczf/MoveoUnity/MoveoROS2/install/moveo_interfaces/share/moveo_interfaces/hook/ament_prefix_path.dsv'
[0.352s] INFO:colcon.colcon_core.shell:Creating environment hook '/home/walkowiczf/MoveoUnity/MoveoROS2/install/moveo_interfaces/share/moveo_interfaces/hook/ament_prefix_path.sh'
[0.352s] INFO:colcon.colcon_core.shell:Skip shell extension 'powershell' for command environment: Not usable outside of PowerShell
[0.352s] DEBUG:colcon.colcon_core.shell:Skip shell extension 'dsv' for command environment
[0.356s] INFO:colcon.colcon_ros.task.ament_python.build:Building ROS package in '/home/walkowiczf/MoveoUnity/MoveoROS2/src/moveo_moveit2' with build type 'ament_python'
[0.356s] Level 1:colcon.colcon_core.shell:create_environment_hook('moveo_moveit2', 'ament_prefix_path')
[0.357s] INFO:colcon.colcon_core.shell:Creating environment hook '/home/walkowiczf/MoveoUnity/MoveoROS2/install/moveo_moveit2/share/moveo_moveit2/hook/ament_prefix_path.ps1'
[0.357s] INFO:colcon.colcon_core.shell:Creating environment descriptor '/home/walkowiczf/MoveoUnity/MoveoROS2/install/moveo_moveit2/share/moveo_moveit2/hook/ament_prefix_path.dsv'
[0.358s] INFO:colcon.colcon_core.shell:Creating environment hook '/home/walkowiczf/MoveoUnity/MoveoROS2/install/moveo_moveit2/share/moveo_moveit2/hook/ament_prefix_path.sh'
[0.358s] INFO:colcon.colcon_core.shell:Skip shell extension 'powershell' for command environment: Not usable outside of PowerShell
[0.358s] DEBUG:colcon.colcon_core.shell:Skip shell extension 'dsv' for command environment
[0.361s] INFO:colcon.colcon_ros.task.ament_python.build:Building ROS package in '/home/walkowiczf/MoveoUnity/MoveoROS2/src/moveo_rviz' with build type 'ament_python'
[0.361s] Level 1:colcon.colcon_core.shell:create_environment_hook('moveo_rviz', 'ament_prefix_path')
[0.362s] INFO:colcon.colcon_core.shell:Creating environment hook '/home/walkowiczf/MoveoUnity/MoveoROS2/install/moveo_rviz/share/moveo_rviz/hook/ament_prefix_path.ps1'
[0.363s] INFO:colcon.colcon_core.shell:Creating environment descriptor '/home/walkowiczf/MoveoUnity/MoveoROS2/install/moveo_rviz/share/moveo_rviz/hook/ament_prefix_path.dsv'
[0.363s] INFO:colcon.colcon_core.shell:Creating environment hook '/home/walkowiczf/MoveoUnity/MoveoROS2/install/moveo_rviz/share/moveo_rviz/hook/ament_prefix_path.sh'
[0.364s] INFO:colcon.colcon_core.shell:Skip shell extension 'powershell' for command environment: Not usable outside of PowerShell
[0.364s] DEBUG:colcon.colcon_core.shell:Skip shell extension 'dsv' for command environment
[0.367s] INFO:colcon.colcon_ros.task.ament_python.build:Building ROS package in '/home/walkowiczf/MoveoUnity/MoveoROS2/src/ROS-TCP-Endpoint-main-ros2' with build type 'ament_python'
[0.367s] Level 1:colcon.colcon_core.shell:create_environment_hook('ros_tcp_endpoint', 'ament_prefix_path')
[0.368s] INFO:colcon.colcon_core.shell:Creating environment hook '/home/walkowiczf/MoveoUnity/MoveoROS2/install/ros_tcp_endpoint/share/ros_tcp_endpoint/hook/ament_prefix_path.ps1'
[0.368s] INFO:colcon.colcon_core.shell:Creating environment descriptor '/home/walkowiczf/MoveoUnity/MoveoROS2/install/ros_tcp_endpoint/share/ros_tcp_endpoint/hook/ament_prefix_path.dsv'
[0.368s] INFO:colcon.colcon_core.shell:Creating environment hook '/home/walkowiczf/MoveoUnity/MoveoROS2/install/ros_tcp_endpoint/share/ros_tcp_endpoint/hook/ament_prefix_path.sh'
[0.369s] INFO:colcon.colcon_core.shell:Skip shell extension 'powershell' for command environment: Not usable outside of PowerShell
[0.369s] DEBUG:colcon.colcon_core.shell:Skip shell extension 'dsv' for command environment
[0.550s] INFO:colcon.colcon_core.task.python.build:Building Python package in '/home/walkowiczf/MoveoUnity/MoveoROS2/src/moveo_description'
[0.550s] INFO:colcon.colcon_core.shell:Skip shell extension 'powershell' for command environment: Not usable outside of PowerShell
[0.551s] DEBUG:colcon.colcon_core.shell:Skip shell extension 'dsv' for command environment
[0.757s] INFO:colcon.colcon_core.task.python.build:Building Python package in '/home/walkowiczf/MoveoUnity/MoveoROS2/src/moveo_bringup'
[0.757s] INFO:colcon.colcon_core.shell:Skip shell extension 'powershell' for command environment: Not usable outside of PowerShell
[0.757s] DEBUG:colcon.colcon_core.shell:Skip shell extension 'dsv' for command environment
[0.935s] INFO:colcon.colcon_core.task.python.build:Building Python package in '/home/walkowiczf/MoveoUnity/MoveoROS2/src/moveo_gazebo'
[0.935s] INFO:colcon.colcon_core.shell:Skip shell extension 'powershell' for command environment: Not usable outside of PowerShell
[0.935s] DEBUG:colcon.colcon_core.shell:Skip shell extension 'dsv' for command environment
[1.117s] INFO:colcon.colcon_core.task.python.build:Building Python package in '/home/walkowiczf/MoveoUnity/MoveoROS2/src/moveo_interfaces'
[1.117s] INFO:colcon.colcon_core.shell:Skip shell extension 'powershell' for command environment: Not usable outside of PowerShell
[1.117s] DEBUG:colcon.colcon_core.shell:Skip shell extension 'dsv' for command environment
[1.290s] INFO:colcon.colcon_core.task.python.build:Building Python package in '/home/walkowiczf/MoveoUnity/MoveoROS2/src/moveo_moveit2'
[1.291s] INFO:colcon.colcon_core.shell:Skip shell extension 'powershell' for command environment: Not usable outside of PowerShell
[1.291s] DEBUG:colcon.colcon_core.shell:Skip shell extension 'dsv' for command environment
[1.468s] INFO:colcon.colcon_core.task.python.build:Building Python package in '/home/walkowiczf/MoveoUnity/MoveoROS2/src/moveo_rviz'
[1.469s] INFO:colcon.colcon_core.shell:Skip shell extension 'powershell' for command environment: Not usable outside of PowerShell
[1.469s] DEBUG:colcon.colcon_core.shell:Skip shell extension 'dsv' for command environment
[1.649s] INFO:colcon.colcon_core.task.python.build:Building Python package in '/home/walkowiczf/MoveoUnity/MoveoROS2/src/ROS-TCP-Endpoint-main-ros2'
[1.649s] INFO:colcon.colcon_core.shell:Skip shell extension 'powershell' for command environment: Not usable outside of PowerShell
[1.649s] DEBUG:colcon.colcon_core.shell:Skip shell extension 'dsv' for command environment
[2.670s] DEBUG:colcon.colcon_core.event_handler.log_command:Invoking command in '/home/walkowiczf/MoveoUnity/MoveoROS2/build/moveo_description': BYOBU_DATE=%Y-%m-%d PYTHONPATH=/home/walkowiczf/MoveoUnity/MoveoROS2/build/moveo_description/prefix_override:/usr/lib/python3/dist-packages/colcon_core/task/python/colcon_distutils_commands:/home/walkowiczf/MoveoUnity/MoveoROS2/install/moveo_description/lib/python3.10/site-packages:${PYTHONPATH} /usr/bin/python3 -W ignore:setup.py install is deprecated -W ignore:easy_install command is deprecated setup.py develop --editable --build-directory /home/walkowiczf/MoveoUnity/MoveoROS2/build/moveo_description/build --no-deps symlink_data
[2.684s] DEBUG:colcon.colcon_core.event_handler.log_command:Invoking command in '/home/walkowiczf/MoveoUnity/MoveoROS2/build/moveo_moveit2': BYOBU_DATE=%Y-%m-%d PYTHONPATH=/home/walkowiczf/MoveoUnity/MoveoROS2/build/moveo_moveit2/prefix_override:/usr/lib/python3/dist-packages/colcon_core/task/python/colcon_distutils_commands:/home/walkowiczf/MoveoUnity/MoveoROS2/install/moveo_moveit2/lib/python3.10/site-packages:${PYTHONPATH} /usr/bin/python3 -W ignore:setup.py install is deprecated -W ignore:easy_install command is deprecated setup.py develop --editable --build-directory /home/walkowiczf/MoveoUnity/MoveoROS2/build/moveo_moveit2/build --no-deps symlink_data
[2.708s] DEBUG:colcon.colcon_core.event_handler.log_command:Invoking command in '/home/walkowiczf/MoveoUnity/MoveoROS2/build/moveo_rviz': BYOBU_DATE=%Y-%m-%d PYTHONPATH=/home/walkowiczf/MoveoUnity/MoveoROS2/build/moveo_rviz/prefix_override:/usr/lib/python3/dist-packages/colcon_core/task/python/colcon_distutils_commands:/home/walkowiczf/MoveoUnity/MoveoROS2/install/moveo_rviz/lib/python3.10/site-packages:${PYTHONPATH} /usr/bin/python3 -W ignore:setup.py install is deprecated -W ignore:easy_install command is deprecated setup.py develop --editable --build-directory /home/walkowiczf/MoveoUnity/MoveoROS2/build/moveo_rviz/build --no-deps symlink_data
[2.740s] DEBUG:colcon.colcon_core.event_handler.log_command:Invoking command in '/home/walkowiczf/MoveoUnity/MoveoROS2/build/moveo_bringup': BYOBU_DATE=%Y-%m-%d PYTHONPATH=/home/walkowiczf/MoveoUnity/MoveoROS2/build/moveo_bringup/prefix_override:/usr/lib/python3/dist-packages/colcon_core/task/python/colcon_distutils_commands:/home/walkowiczf/MoveoUnity/MoveoROS2/install/moveo_bringup/lib/python3.10/site-packages:${PYTHONPATH} /usr/bin/python3 -W ignore:setup.py install is deprecated -W ignore:easy_install command is deprecated setup.py develop --editable --build-directory /home/walkowiczf/MoveoUnity/MoveoROS2/build/moveo_bringup/build --no-deps symlink_data
[2.746s] DEBUG:colcon.colcon_core.event_handler.log_command:Invoking command in '/home/walkowiczf/MoveoUnity/MoveoROS2/build/ros_tcp_endpoint': BYOBU_DATE=%Y-%m-%d PYTHONPATH=/home/walkowiczf/MoveoUnity/MoveoROS2/build/ros_tcp_endpoint/prefix_override:/usr/lib/python3/dist-packages/colcon_core/task/python/colcon_distutils_commands:/home/walkowiczf/MoveoUnity/MoveoROS2/install/ros_tcp_endpoint/lib/python3.10/site-packages:${PYTHONPATH} /usr/bin/python3 -W ignore:setup.py install is deprecated -W ignore:easy_install command is deprecated setup.py develop --editable --build-directory /home/walkowiczf/MoveoUnity/MoveoROS2/build/ros_tcp_endpoint/build --no-deps symlink_data
[2.824s] DEBUG:colcon.colcon_core.event_handler.log_command:Invoking command in '/home/walkowiczf/MoveoUnity/MoveoROS2/build/moveo_gazebo': BYOBU_DATE=%Y-%m-%d PYTHONPATH=/home/walkowiczf/MoveoUnity/MoveoROS2/build/moveo_gazebo/prefix_override:/usr/lib/python3/dist-packages/colcon_core/task/python/colcon_distutils_commands:/home/walkowiczf/MoveoUnity/MoveoROS2/install/moveo_gazebo/lib/python3.10/site-packages:${PYTHONPATH} /usr/bin/python3 -W ignore:setup.py install is deprecated -W ignore:easy_install command is deprecated setup.py develop --editable --build-directory /home/walkowiczf/MoveoUnity/MoveoROS2/build/moveo_gazebo/build --no-deps symlink_data
[2.831s] DEBUG:colcon.colcon_core.event_handler.log_command:Invoking command in '/home/walkowiczf/MoveoUnity/MoveoROS2/build/moveo_interfaces': BYOBU_DATE=%Y-%m-%d PYTHONPATH=/home/walkowiczf/MoveoUnity/MoveoROS2/build/moveo_interfaces/prefix_override:/usr/lib/python3/dist-packages/colcon_core/task/python/colcon_distutils_commands:/home/walkowiczf/MoveoUnity/MoveoROS2/install/moveo_interfaces/lib/python3.10/site-packages:${PYTHONPATH} /usr/bin/python3 -W ignore:setup.py install is deprecated -W ignore:easy_install command is deprecated setup.py develop --editable --build-directory /home/walkowiczf/MoveoUnity/MoveoROS2/build/moveo_interfaces/build --no-deps symlink_data
[3.975s] Level 1:colcon.colcon_core.shell:create_environment_hook('moveo_interfaces', 'pythonpath_develop')
[3.976s] INFO:colcon.colcon_core.shell:Creating environment hook '/home/walkowiczf/MoveoUnity/MoveoROS2/build/moveo_interfaces/share/moveo_interfaces/hook/pythonpath_develop.ps1'
[3.982s] INFO:colcon.colcon_core.shell:Creating environment descriptor '/home/walkowiczf/MoveoUnity/MoveoROS2/build/moveo_interfaces/share/moveo_interfaces/hook/pythonpath_develop.dsv'
[3.983s] INFO:colcon.colcon_core.shell:Creating environment hook '/home/walkowiczf/MoveoUnity/MoveoROS2/build/moveo_interfaces/share/moveo_interfaces/hook/pythonpath_develop.sh'
[3.981s] DEBUG:colcon.colcon_core.event_handler.log_command:Invoked command in '/home/walkowiczf/MoveoUnity/MoveoROS2/build/moveo_interfaces' returned '0': BYOBU_DATE=%Y-%m-%d PYTHONPATH=/home/walkowiczf/MoveoUnity/MoveoROS2/build/moveo_interfaces/prefix_override:/usr/lib/python3/dist-packages/colcon_core/task/python/colcon_distutils_commands:/home/walkowiczf/MoveoUnity/MoveoROS2/install/moveo_interfaces/lib/python3.10/site-packages:${PYTHONPATH} /usr/bin/python3 -W ignore:setup.py install is deprecated -W ignore:easy_install command is deprecated setup.py develop --editable --build-directory /home/walkowiczf/MoveoUnity/MoveoROS2/build/moveo_interfaces/build --no-deps symlink_data
[4.001s] Level 1:colcon.colcon_core.environment:checking '/home/walkowiczf/MoveoUnity/MoveoROS2/install/moveo_interfaces' for CMake module files
[4.001s] Level 1:colcon.colcon_core.environment:checking '/home/walkowiczf/MoveoUnity/MoveoROS2/install/moveo_interfaces' for CMake config files
[4.005s] Level 1:colcon.colcon_core.environment:checking '/home/walkowiczf/MoveoUnity/MoveoROS2/install/moveo_interfaces/lib'
[4.005s] Level 1:colcon.colcon_core.environment:checking '/home/walkowiczf/MoveoUnity/MoveoROS2/install/moveo_interfaces/bin'
[4.006s] Level 1:colcon.colcon_core.environment:checking '/home/walkowiczf/MoveoUnity/MoveoROS2/install/moveo_interfaces/lib/pkgconfig/moveo_interfaces.pc'
[4.007s] Level 1:colcon.colcon_core.environment:checking '/home/walkowiczf/MoveoUnity/MoveoROS2/install/moveo_interfaces/lib/python3.10/site-packages'
[4.007s] Level 1:colcon.colcon_core.shell:create_environment_hook('moveo_interfaces', 'pythonpath')
[4.008s] INFO:colcon.colcon_core.shell:Creating environment hook '/home/walkowiczf/MoveoUnity/MoveoROS2/install/moveo_interfaces/share/moveo_interfaces/hook/pythonpath.ps1'
[4.010s] INFO:colcon.colcon_core.shell:Creating environment descriptor '/home/walkowiczf/MoveoUnity/MoveoROS2/install/moveo_interfaces/share/moveo_interfaces/hook/pythonpath.dsv'
[4.011s] INFO:colcon.colcon_core.shell:Creating environment hook '/home/walkowiczf/MoveoUnity/MoveoROS2/install/moveo_interfaces/share/moveo_interfaces/hook/pythonpath.sh'
[4.013s] Level 1:colcon.colcon_core.environment:checking '/home/walkowiczf/MoveoUnity/MoveoROS2/install/moveo_interfaces/bin'
[4.015s] Level 1:colcon.colcon_core.environment:create_environment_scripts_only(moveo_interfaces)
[4.015s] INFO:colcon.colcon_core.shell:Creating package script '/home/walkowiczf/MoveoUnity/MoveoROS2/install/moveo_interfaces/share/moveo_interfaces/package.ps1'
[4.020s] INFO:colcon.colcon_core.shell:Creating package descriptor '/home/walkowiczf/MoveoUnity/MoveoROS2/install/moveo_interfaces/share/moveo_interfaces/package.dsv'
[4.024s] INFO:colcon.colcon_core.shell:Creating package script '/home/walkowiczf/MoveoUnity/MoveoROS2/install/moveo_interfaces/share/moveo_interfaces/package.sh'
[4.028s] INFO:colcon.colcon_core.shell:Creating package script '/home/walkowiczf/MoveoUnity/MoveoROS2/install/moveo_interfaces/share/moveo_interfaces/package.bash'
[4.031s] INFO:colcon.colcon_core.shell:Creating package script '/home/walkowiczf/MoveoUnity/MoveoROS2/install/moveo_interfaces/share/moveo_interfaces/package.zsh'
[4.035s] Level 1:colcon.colcon_core.environment:create_file_with_runtime_dependencies(/home/walkowiczf/MoveoUnity/MoveoROS2/install/moveo_interfaces/share/colcon-core/packages/moveo_interfaces)
[4.037s] Level 1:colcon.colcon_core.shell:create_environment_hook('ros_tcp_endpoint', 'pythonpath_develop')
[4.037s] INFO:colcon.colcon_core.shell:Creating environment hook '/home/walkowiczf/MoveoUnity/MoveoROS2/build/ros_tcp_endpoint/share/ros_tcp_endpoint/hook/pythonpath_develop.ps1'
[4.038s] INFO:colcon.colcon_core.shell:Creating environment descriptor '/home/walkowiczf/MoveoUnity/MoveoROS2/build/ros_tcp_endpoint/share/ros_tcp_endpoint/hook/pythonpath_develop.dsv'
[4.039s] INFO:colcon.colcon_core.shell:Creating environment hook '/home/walkowiczf/MoveoUnity/MoveoROS2/build/ros_tcp_endpoint/share/ros_tcp_endpoint/hook/pythonpath_develop.sh'
[4.040s] DEBUG:colcon.colcon_core.event_handler.log_command:Invoked command in '/home/walkowiczf/MoveoUnity/MoveoROS2/build/ros_tcp_endpoint' returned '0': BYOBU_DATE=%Y-%m-%d PYTHONPATH=/home/walkowiczf/MoveoUnity/MoveoROS2/build/ros_tcp_endpoint/prefix_override:/usr/lib/python3/dist-packages/colcon_core/task/python/colcon_distutils_commands:/home/walkowiczf/MoveoUnity/MoveoROS2/install/ros_tcp_endpoint/lib/python3.10/site-packages:${PYTHONPATH} /usr/bin/python3 -W ignore:setup.py install is deprecated -W ignore:easy_install command is deprecated setup.py develop --editable --build-directory /home/walkowiczf/MoveoUnity/MoveoROS2/build/ros_tcp_endpoint/build --no-deps symlink_data
[4.042s] Level 1:colcon.colcon_core.environment:checking '/home/walkowiczf/MoveoUnity/MoveoROS2/install/ros_tcp_endpoint' for CMake module files
[4.043s] Level 1:colcon.colcon_core.environment:checking '/home/walkowiczf/MoveoUnity/MoveoROS2/install/ros_tcp_endpoint' for CMake config files
[4.046s] Level 1:colcon.colcon_core.environment:checking '/home/walkowiczf/MoveoUnity/MoveoROS2/install/ros_tcp_endpoint/lib'
[4.046s] Level 1:colcon.colcon_core.environment:checking '/home/walkowiczf/MoveoUnity/MoveoROS2/install/ros_tcp_endpoint/bin'
[4.047s] Level 1:colcon.colcon_core.environment:checking '/home/walkowiczf/MoveoUnity/MoveoROS2/install/ros_tcp_endpoint/lib/pkgconfig/ros_tcp_endpoint.pc'
[4.047s] Level 1:colcon.colcon_core.environment:checking '/home/walkowiczf/MoveoUnity/MoveoROS2/install/ros_tcp_endpoint/lib/python3.10/site-packages'
[4.048s] Level 1:colcon.colcon_core.shell:create_environment_hook('ros_tcp_endpoint', 'pythonpath')
[4.048s] INFO:colcon.colcon_core.shell:Creating environment hook '/home/walkowiczf/MoveoUnity/MoveoROS2/install/ros_tcp_endpoint/share/ros_tcp_endpoint/hook/pythonpath.ps1'
[4.050s] INFO:colcon.colcon_core.shell:Creating environment descriptor '/home/walkowiczf/MoveoUnity/MoveoROS2/install/ros_tcp_endpoint/share/ros_tcp_endpoint/hook/pythonpath.dsv'
[4.052s] INFO:colcon.colcon_core.shell:Creating environment hook '/home/walkowiczf/MoveoUnity/MoveoROS2/install/ros_tcp_endpoint/share/ros_tcp_endpoint/hook/pythonpath.sh'
[4.053s] Level 1:colcon.colcon_core.environment:checking '/home/walkowiczf/MoveoUnity/MoveoROS2/install/ros_tcp_endpoint/bin'
[4.054s] Level 1:colcon.colcon_core.environment:create_environment_scripts_only(ros_tcp_endpoint)
[4.056s] INFO:colcon.colcon_core.shell:Creating package script '/home/walkowiczf/MoveoUnity/MoveoROS2/install/ros_tcp_endpoint/share/ros_tcp_endpoint/package.ps1'
[4.062s] INFO:colcon.colcon_core.shell:Creating package descriptor '/home/walkowiczf/MoveoUnity/MoveoROS2/install/ros_tcp_endpoint/share/ros_tcp_endpoint/package.dsv'
[4.066s] INFO:colcon.colcon_core.shell:Creating package script '/home/walkowiczf/MoveoUnity/MoveoROS2/install/ros_tcp_endpoint/share/ros_tcp_endpoint/package.sh'
[4.068s] INFO:colcon.colcon_core.shell:Creating package script '/home/walkowiczf/MoveoUnity/MoveoROS2/install/ros_tcp_endpoint/share/ros_tcp_endpoint/package.bash'
[4.070s] INFO:colcon.colcon_core.shell:Creating package script '/home/walkowiczf/MoveoUnity/MoveoROS2/install/ros_tcp_endpoint/share/ros_tcp_endpoint/package.zsh'
[4.072s] Level 1:colcon.colcon_core.environment:create_file_with_runtime_dependencies(/home/walkowiczf/MoveoUnity/MoveoROS2/install/ros_tcp_endpoint/share/colcon-core/packages/ros_tcp_endpoint)
[4.076s] Level 1:colcon.colcon_core.shell:create_environment_hook('moveo_gazebo', 'pythonpath_develop')
[4.078s] DEBUG:colcon.colcon_core.event_handler.log_command:Invoked command in '/home/walkowiczf/MoveoUnity/MoveoROS2/build/moveo_gazebo' returned '0': BYOBU_DATE=%Y-%m-%d PYTHONPATH=/home/walkowiczf/MoveoUnity/MoveoROS2/build/moveo_gazebo/prefix_override:/usr/lib/python3/dist-packages/colcon_core/task/python/colcon_distutils_commands:/home/walkowiczf/MoveoUnity/MoveoROS2/install/moveo_gazebo/lib/python3.10/site-packages:${PYTHONPATH} /usr/bin/python3 -W ignore:setup.py install is deprecated -W ignore:easy_install command is deprecated setup.py develop --editable --build-directory /home/walkowiczf/MoveoUnity/MoveoROS2/build/moveo_gazebo/build --no-deps symlink_data
[4.079s] INFO:colcon.colcon_core.shell:Creating environment hook '/home/walkowiczf/MoveoUnity/MoveoROS2/build/moveo_gazebo/share/moveo_gazebo/hook/pythonpath_develop.ps1'
[4.081s] INFO:colcon.colcon_core.shell:Creating environment descriptor '/home/walkowiczf/MoveoUnity/MoveoROS2/build/moveo_gazebo/share/moveo_gazebo/hook/pythonpath_develop.dsv'
[4.082s] INFO:colcon.colcon_core.shell:Creating environment hook '/home/walkowiczf/MoveoUnity/MoveoROS2/build/moveo_gazebo/share/moveo_gazebo/hook/pythonpath_develop.sh'
[4.084s] Level 1:colcon.colcon_core.environment:checking '/home/walkowiczf/MoveoUnity/MoveoROS2/install/moveo_gazebo' for CMake module files
[4.086s] Level 1:colcon.colcon_core.environment:checking '/home/walkowiczf/MoveoUnity/MoveoROS2/install/moveo_gazebo' for CMake config files
[4.088s] Level 1:colcon.colcon_core.environment:checking '/home/walkowiczf/MoveoUnity/MoveoROS2/install/moveo_gazebo/lib'
[4.089s] Level 1:colcon.colcon_core.environment:checking '/home/walkowiczf/MoveoUnity/MoveoROS2/install/moveo_gazebo/bin'
[4.089s] Level 1:colcon.colcon_core.environment:checking '/home/walkowiczf/MoveoUnity/MoveoROS2/install/moveo_gazebo/lib/pkgconfig/moveo_gazebo.pc'
[4.090s] Level 1:colcon.colcon_core.environment:checking '/home/walkowiczf/MoveoUnity/MoveoROS2/install/moveo_gazebo/lib/python3.10/site-packages'
[4.090s] Level 1:colcon.colcon_core.shell:create_environment_hook('moveo_gazebo', 'pythonpath')
[4.091s] INFO:colcon.colcon_core.shell:Creating environment hook '/home/walkowiczf/MoveoUnity/MoveoROS2/install/moveo_gazebo/share/moveo_gazebo/hook/pythonpath.ps1'
[4.093s] INFO:colcon.colcon_core.shell:Creating environment descriptor '/home/walkowiczf/MoveoUnity/MoveoROS2/install/moveo_gazebo/share/moveo_gazebo/hook/pythonpath.dsv'
[4.095s] INFO:colcon.colcon_core.shell:Creating environment hook '/home/walkowiczf/MoveoUnity/MoveoROS2/install/moveo_gazebo/share/moveo_gazebo/hook/pythonpath.sh'
[4.096s] Level 1:colcon.colcon_core.environment:checking '/home/walkowiczf/MoveoUnity/MoveoROS2/install/moveo_gazebo/bin'
[4.096s] Level 1:colcon.colcon_core.environment:create_environment_scripts_only(moveo_gazebo)
[4.096s] INFO:colcon.colcon_core.shell:Creating package script '/home/walkowiczf/MoveoUnity/MoveoROS2/install/moveo_gazebo/share/moveo_gazebo/package.ps1'
[4.097s] INFO:colcon.colcon_core.shell:Creating package descriptor '/home/walkowiczf/MoveoUnity/MoveoROS2/install/moveo_gazebo/share/moveo_gazebo/package.dsv'
[4.098s] INFO:colcon.colcon_core.shell:Creating package script '/home/walkowiczf/MoveoUnity/MoveoROS2/install/moveo_gazebo/share/moveo_gazebo/package.sh'
[4.099s] INFO:colcon.colcon_core.shell:Creating package script '/home/walkowiczf/MoveoUnity/MoveoROS2/install/moveo_gazebo/share/moveo_gazebo/package.bash'
[4.099s] INFO:colcon.colcon_core.shell:Creating package script '/home/walkowiczf/MoveoUnity/MoveoROS2/install/moveo_gazebo/share/moveo_gazebo/package.zsh'
[4.099s] Level 1:colcon.colcon_core.environment:create_file_with_runtime_dependencies(/home/walkowiczf/MoveoUnity/MoveoROS2/install/moveo_gazebo/share/colcon-core/packages/moveo_gazebo)
[4.101s] Level 1:colcon.colcon_core.shell:create_environment_hook('moveo_rviz', 'pythonpath_develop')
[4.102s] INFO:colcon.colcon_core.shell:Creating environment hook '/home/walkowiczf/MoveoUnity/MoveoROS2/build/moveo_rviz/share/moveo_rviz/hook/pythonpath_develop.ps1'
[4.102s] DEBUG:colcon.colcon_core.event_handler.log_command:Invoked command in '/home/walkowiczf/MoveoUnity/MoveoROS2/build/moveo_rviz' returned '0': BYOBU_DATE=%Y-%m-%d PYTHONPATH=/home/walkowiczf/MoveoUnity/MoveoROS2/build/moveo_rviz/prefix_override:/usr/lib/python3/dist-packages/colcon_core/task/python/colcon_distutils_commands:/home/walkowiczf/MoveoUnity/MoveoROS2/install/moveo_rviz/lib/python3.10/site-packages:${PYTHONPATH} /usr/bin/python3 -W ignore:setup.py install is deprecated -W ignore:easy_install command is deprecated setup.py develop --editable --build-directory /home/walkowiczf/MoveoUnity/MoveoROS2/build/moveo_rviz/build --no-deps symlink_data
[4.103s] INFO:colcon.colcon_core.shell:Creating environment descriptor '/home/walkowiczf/MoveoUnity/MoveoROS2/build/moveo_rviz/share/moveo_rviz/hook/pythonpath_develop.dsv'
[4.103s] INFO:colcon.colcon_core.shell:Creating environment hook '/home/walkowiczf/MoveoUnity/MoveoROS2/build/moveo_rviz/share/moveo_rviz/hook/pythonpath_develop.sh'
[4.104s] Level 1:colcon.colcon_core.environment:checking '/home/walkowiczf/MoveoUnity/MoveoROS2/install/moveo_rviz' for CMake module files
[4.105s] Level 1:colcon.colcon_core.environment:checking '/home/walkowiczf/MoveoUnity/MoveoROS2/install/moveo_rviz' for CMake config files
[4.106s] Level 1:colcon.colcon_core.environment:checking '/home/walkowiczf/MoveoUnity/MoveoROS2/install/moveo_rviz/lib'
[4.106s] Level 1:colcon.colcon_core.environment:checking '/home/walkowiczf/MoveoUnity/MoveoROS2/install/moveo_rviz/bin'
[4.107s] Level 1:colcon.colcon_core.environment:checking '/home/walkowiczf/MoveoUnity/MoveoROS2/install/moveo_rviz/lib/pkgconfig/moveo_rviz.pc'
[4.107s] Level 1:colcon.colcon_core.environment:checking '/home/walkowiczf/MoveoUnity/MoveoROS2/install/moveo_rviz/lib/python3.10/site-packages'
[4.107s] Level 1:colcon.colcon_core.shell:create_environment_hook('moveo_rviz', 'pythonpath')
[4.107s] INFO:colcon.colcon_core.shell:Creating environment hook '/home/walkowiczf/MoveoUnity/MoveoROS2/install/moveo_rviz/share/moveo_rviz/hook/pythonpath.ps1'
[4.108s] INFO:colcon.colcon_core.shell:Creating environment descriptor '/home/walkowiczf/MoveoUnity/MoveoROS2/install/moveo_rviz/share/moveo_rviz/hook/pythonpath.dsv'
[4.108s] INFO:colcon.colcon_core.shell:Creating environment hook '/home/walkowiczf/MoveoUnity/MoveoROS2/install/moveo_rviz/share/moveo_rviz/hook/pythonpath.sh'
[4.109s] Level 1:colcon.colcon_core.environment:checking '/home/walkowiczf/MoveoUnity/MoveoROS2/install/moveo_rviz/bin'
[4.109s] Level 1:colcon.colcon_core.environment:create_environment_scripts_only(moveo_rviz)
[4.109s] INFO:colcon.colcon_core.shell:Creating package script '/home/walkowiczf/MoveoUnity/MoveoROS2/install/moveo_rviz/share/moveo_rviz/package.ps1'
[4.110s] INFO:colcon.colcon_core.shell:Creating package descriptor '/home/walkowiczf/MoveoUnity/MoveoROS2/install/moveo_rviz/share/moveo_rviz/package.dsv'
[4.110s] INFO:colcon.colcon_core.shell:Creating package script '/home/walkowiczf/MoveoUnity/MoveoROS2/install/moveo_rviz/share/moveo_rviz/package.sh'
[4.111s] INFO:colcon.colcon_core.shell:Creating package script '/home/walkowiczf/MoveoUnity/MoveoROS2/install/moveo_rviz/share/moveo_rviz/package.bash'
[4.111s] INFO:colcon.colcon_core.shell:Creating package script '/home/walkowiczf/MoveoUnity/MoveoROS2/install/moveo_rviz/share/moveo_rviz/package.zsh'
[4.112s] Level 1:colcon.colcon_core.environment:create_file_with_runtime_dependencies(/home/walkowiczf/MoveoUnity/MoveoROS2/install/moveo_rviz/share/colcon-core/packages/moveo_rviz)
[4.113s] Level 1:colcon.colcon_core.shell:create_environment_hook('moveo_moveit2', 'pythonpath_develop')
[4.114s] INFO:colcon.colcon_core.shell:Creating environment hook '/home/walkowiczf/MoveoUnity/MoveoROS2/build/moveo_moveit2/share/moveo_moveit2/hook/pythonpath_develop.ps1'
[4.114s] DEBUG:colcon.colcon_core.event_handler.log_command:Invoked command in '/home/walkowiczf/MoveoUnity/MoveoROS2/build/moveo_moveit2' returned '0': BYOBU_DATE=%Y-%m-%d PYTHONPATH=/home/walkowiczf/MoveoUnity/MoveoROS2/build/moveo_moveit2/prefix_override:/usr/lib/python3/dist-packages/colcon_core/task/python/colcon_distutils_commands:/home/walkowiczf/MoveoUnity/MoveoROS2/install/moveo_moveit2/lib/python3.10/site-packages:${PYTHONPATH} /usr/bin/python3 -W ignore:setup.py install is deprecated -W ignore:easy_install command is deprecated setup.py develop --editable --build-directory /home/walkowiczf/MoveoUnity/MoveoROS2/build/moveo_moveit2/build --no-deps symlink_data
[4.115s] INFO:colcon.colcon_core.shell:Creating environment descriptor '/home/walkowiczf/MoveoUnity/MoveoROS2/build/moveo_moveit2/share/moveo_moveit2/hook/pythonpath_develop.dsv'
[4.116s] INFO:colcon.colcon_core.shell:Creating environment hook '/home/walkowiczf/MoveoUnity/MoveoROS2/build/moveo_moveit2/share/moveo_moveit2/hook/pythonpath_develop.sh'
[4.117s] Level 1:colcon.colcon_core.environment:checking '/home/walkowiczf/MoveoUnity/MoveoROS2/install/moveo_moveit2' for CMake module files
[4.117s] Level 1:colcon.colcon_core.environment:checking '/home/walkowiczf/MoveoUnity/MoveoROS2/install/moveo_moveit2' for CMake config files
[4.120s] Level 1:colcon.colcon_core.environment:checking '/home/walkowiczf/MoveoUnity/MoveoROS2/install/moveo_moveit2/lib'
[4.120s] Level 1:colcon.colcon_core.environment:checking '/home/walkowiczf/MoveoUnity/MoveoROS2/install/moveo_moveit2/bin'
[4.120s] Level 1:colcon.colcon_core.environment:checking '/home/walkowiczf/MoveoUnity/MoveoROS2/install/moveo_moveit2/lib/pkgconfig/moveo_moveit2.pc'
[4.120s] Level 1:colcon.colcon_core.environment:checking '/home/walkowiczf/MoveoUnity/MoveoROS2/install/moveo_moveit2/lib/python3.10/site-packages'
[4.120s] Level 1:colcon.colcon_core.shell:create_environment_hook('moveo_moveit2', 'pythonpath')
[4.120s] INFO:colcon.colcon_core.shell:Creating environment hook '/home/walkowiczf/MoveoUnity/MoveoROS2/install/moveo_moveit2/share/moveo_moveit2/hook/pythonpath.ps1'
[4.121s] INFO:colcon.colcon_core.shell:Creating environment descriptor '/home/walkowiczf/MoveoUnity/MoveoROS2/install/moveo_moveit2/share/moveo_moveit2/hook/pythonpath.dsv'
[4.121s] INFO:colcon.colcon_core.shell:Creating environment hook '/home/walkowiczf/MoveoUnity/MoveoROS2/install/moveo_moveit2/share/moveo_moveit2/hook/pythonpath.sh'
[4.122s] Level 1:colcon.colcon_core.environment:checking '/home/walkowiczf/MoveoUnity/MoveoROS2/install/moveo_moveit2/bin'
[4.122s] Level 1:colcon.colcon_core.environment:create_environment_scripts_only(moveo_moveit2)
[4.122s] INFO:colcon.colcon_core.shell:Creating package script '/home/walkowiczf/MoveoUnity/MoveoROS2/install/moveo_moveit2/share/moveo_moveit2/package.ps1'
[4.123s] INFO:colcon.colcon_core.shell:Creating package descriptor '/home/walkowiczf/MoveoUnity/MoveoROS2/install/moveo_moveit2/share/moveo_moveit2/package.dsv'
[4.123s] INFO:colcon.colcon_core.shell:Creating package script '/home/walkowiczf/MoveoUnity/MoveoROS2/install/moveo_moveit2/share/moveo_moveit2/package.sh'
[4.124s] INFO:colcon.colcon_core.shell:Creating package script '/home/walkowiczf/MoveoUnity/MoveoROS2/install/moveo_moveit2/share/moveo_moveit2/package.bash'
[4.124s] INFO:colcon.colcon_core.shell:Creating package script '/home/walkowiczf/MoveoUnity/MoveoROS2/install/moveo_moveit2/share/moveo_moveit2/package.zsh'
[4.125s] Level 1:colcon.colcon_core.environment:create_file_with_runtime_dependencies(/home/walkowiczf/MoveoUnity/MoveoROS2/install/moveo_moveit2/share/colcon-core/packages/moveo_moveit2)
[4.125s] Level 1:colcon.colcon_core.shell:create_environment_hook('moveo_description', 'pythonpath_develop')
[4.126s] INFO:colcon.colcon_core.shell:Creating environment hook '/home/walkowiczf/MoveoUnity/MoveoROS2/build/moveo_description/share/moveo_description/hook/pythonpath_develop.ps1'
[4.126s] INFO:colcon.colcon_core.shell:Creating environment descriptor '/home/walkowiczf/MoveoUnity/MoveoROS2/build/moveo_description/share/moveo_description/hook/pythonpath_develop.dsv'
[4.127s] DEBUG:colcon.colcon_core.event_handler.log_command:Invoked command in '/home/walkowiczf/MoveoUnity/MoveoROS2/build/moveo_description' returned '0': BYOBU_DATE=%Y-%m-%d PYTHONPATH=/home/walkowiczf/MoveoUnity/MoveoROS2/build/moveo_description/prefix_override:/usr/lib/python3/dist-packages/colcon_core/task/python/colcon_distutils_commands:/home/walkowiczf/MoveoUnity/MoveoROS2/install/moveo_description/lib/python3.10/site-packages:${PYTHONPATH} /usr/bin/python3 -W ignore:setup.py install is deprecated -W ignore:easy_install command is deprecated setup.py develop --editable --build-directory /home/walkowiczf/MoveoUnity/MoveoROS2/build/moveo_description/build --no-deps symlink_data
[4.127s] INFO:colcon.colcon_core.shell:Creating environment hook '/home/walkowiczf/MoveoUnity/MoveoROS2/build/moveo_description/share/moveo_description/hook/pythonpath_develop.sh'
[4.127s] Level 1:colcon.colcon_core.environment:checking '/home/walkowiczf/MoveoUnity/MoveoROS2/install/moveo_description' for CMake module files
[4.128s] Level 1:colcon.colcon_core.environment:checking '/home/walkowiczf/MoveoUnity/MoveoROS2/install/moveo_description' for CMake config files
[4.130s] Level 1:colcon.colcon_core.environment:checking '/home/walkowiczf/MoveoUnity/MoveoROS2/install/moveo_description/lib'
[4.130s] Level 1:colcon.colcon_core.environment:checking '/home/walkowiczf/MoveoUnity/MoveoROS2/install/moveo_description/bin'
[4.130s] Level 1:colcon.colcon_core.environment:checking '/home/walkowiczf/MoveoUnity/MoveoROS2/install/moveo_description/lib/pkgconfig/moveo_description.pc'
[4.130s] Level 1:colcon.colcon_core.environment:checking '/home/walkowiczf/MoveoUnity/MoveoROS2/install/moveo_description/lib/python3.10/site-packages'
[4.130s] Level 1:colcon.colcon_core.shell:create_environment_hook('moveo_description', 'pythonpath')
[4.130s] INFO:colcon.colcon_core.shell:Creating environment hook '/home/walkowiczf/MoveoUnity/MoveoROS2/install/moveo_description/share/moveo_description/hook/pythonpath.ps1'
[4.131s] INFO:colcon.colcon_core.shell:Creating environment descriptor '/home/walkowiczf/MoveoUnity/MoveoROS2/install/moveo_description/share/moveo_description/hook/pythonpath.dsv'
[4.131s] INFO:colcon.colcon_core.shell:Creating environment hook '/home/walkowiczf/MoveoUnity/MoveoROS2/install/moveo_description/share/moveo_description/hook/pythonpath.sh'
[4.131s] Level 1:colcon.colcon_core.environment:checking '/home/walkowiczf/MoveoUnity/MoveoROS2/install/moveo_description/bin'
[4.131s] Level 1:colcon.colcon_core.environment:create_environment_scripts_only(moveo_description)
[4.132s] INFO:colcon.colcon_core.shell:Creating package script '/home/walkowiczf/MoveoUnity/MoveoROS2/install/moveo_description/share/moveo_description/package.ps1'
[4.132s] INFO:colcon.colcon_core.shell:Creating package descriptor '/home/walkowiczf/MoveoUnity/MoveoROS2/install/moveo_description/share/moveo_description/package.dsv'
[4.132s] INFO:colcon.colcon_core.shell:Creating package script '/home/walkowiczf/MoveoUnity/MoveoROS2/install/moveo_description/share/moveo_description/package.sh'
[4.133s] INFO:colcon.colcon_core.shell:Creating package script '/home/walkowiczf/MoveoUnity/MoveoROS2/install/moveo_description/share/moveo_description/package.bash'
[4.133s] INFO:colcon.colcon_core.shell:Creating package script '/home/walkowiczf/MoveoUnity/MoveoROS2/install/moveo_description/share/moveo_description/package.zsh'
[4.133s] Level 1:colcon.colcon_core.environment:create_file_with_runtime_dependencies(/home/walkowiczf/MoveoUnity/MoveoROS2/install/moveo_description/share/colcon-core/packages/moveo_description)
[4.134s] INFO:colcon.colcon_ros.task.ament_cmake.build:Building ROS package in '/home/walkowiczf/MoveoUnity/MoveoROS2/src/moveo_moveit' with build type 'ament_cmake'
[4.134s] INFO:colcon.colcon_cmake.task.cmake.build:Building CMake package in '/home/walkowiczf/MoveoUnity/MoveoROS2/src/moveo_moveit'
[4.134s] INFO:colcon.colcon_core.shell:Skip shell extension 'powershell' for command environment: Not usable outside of PowerShell
[4.135s] DEBUG:colcon.colcon_core.shell:Skip shell extension 'dsv' for command environment
[4.139s] Level 1:colcon.colcon_core.shell:create_environment_hook('moveo_bringup', 'pythonpath_develop')
[4.139s] INFO:colcon.colcon_core.shell:Creating environment hook '/home/walkowiczf/MoveoUnity/MoveoROS2/build/moveo_bringup/share/moveo_bringup/hook/pythonpath_develop.ps1'
[4.140s] DEBUG:colcon.colcon_core.event_handler.log_command:Invoked command in '/home/walkowiczf/MoveoUnity/MoveoROS2/build/moveo_bringup' returned '0': BYOBU_DATE=%Y-%m-%d PYTHONPATH=/home/walkowiczf/MoveoUnity/MoveoROS2/build/moveo_bringup/prefix_override:/usr/lib/python3/dist-packages/colcon_core/task/python/colcon_distutils_commands:/home/walkowiczf/MoveoUnity/MoveoROS2/install/moveo_bringup/lib/python3.10/site-packages:${PYTHONPATH} /usr/bin/python3 -W ignore:setup.py install is deprecated -W ignore:easy_install command is deprecated setup.py develop --editable --build-directory /home/walkowiczf/MoveoUnity/MoveoROS2/build/moveo_bringup/build --no-deps symlink_data
[4.140s] INFO:colcon.colcon_core.shell:Creating environment descriptor '/home/walkowiczf/MoveoUnity/MoveoROS2/build/moveo_bringup/share/moveo_bringup/hook/pythonpath_develop.dsv'
[4.141s] INFO:colcon.colcon_core.shell:Creating environment hook '/home/walkowiczf/MoveoUnity/MoveoROS2/build/moveo_bringup/share/moveo_bringup/hook/pythonpath_develop.sh'
[4.141s] Level 1:colcon.colcon_core.environment:checking '/home/walkowiczf/MoveoUnity/MoveoROS2/install/moveo_bringup' for CMake module files
[4.142s] Level 1:colcon.colcon_core.environment:checking '/home/walkowiczf/MoveoUnity/MoveoROS2/install/moveo_bringup' for CMake config files
[4.143s] Level 1:colcon.colcon_core.environment:checking '/home/walkowiczf/MoveoUnity/MoveoROS2/install/moveo_bringup/lib'
[4.143s] Level 1:colcon.colcon_core.environment:checking '/home/walkowiczf/MoveoUnity/MoveoROS2/install/moveo_bringup/bin'
[4.143s] Level 1:colcon.colcon_core.environment:checking '/home/walkowiczf/MoveoUnity/MoveoROS2/install/moveo_bringup/lib/pkgconfig/moveo_bringup.pc'
[4.144s] Level 1:colcon.colcon_core.environment:checking '/home/walkowiczf/MoveoUnity/MoveoROS2/install/moveo_bringup/lib/python3.10/site-packages'
[4.144s] Level 1:colcon.colcon_core.shell:create_environment_hook('moveo_bringup', 'pythonpath')
[4.144s] INFO:colcon.colcon_core.shell:Creating environment hook '/home/walkowiczf/MoveoUnity/MoveoROS2/install/moveo_bringup/share/moveo_bringup/hook/pythonpath.ps1'
[4.144s] INFO:colcon.colcon_core.shell:Creating environment descriptor '/home/walkowiczf/MoveoUnity/MoveoROS2/install/moveo_bringup/share/moveo_bringup/hook/pythonpath.dsv'
[4.145s] INFO:colcon.colcon_core.shell:Creating environment hook '/home/walkowiczf/MoveoUnity/MoveoROS2/install/moveo_bringup/share/moveo_bringup/hook/pythonpath.sh'
[4.145s] Level 1:colcon.colcon_core.environment:checking '/home/walkowiczf/MoveoUnity/MoveoROS2/install/moveo_bringup/bin'
[4.145s] Level 1:colcon.colcon_core.environment:create_environment_scripts_only(moveo_bringup)
[4.146s] INFO:colcon.colcon_core.shell:Creating package script '/home/walkowiczf/MoveoUnity/MoveoROS2/install/moveo_bringup/share/moveo_bringup/package.ps1'
[4.146s] INFO:colcon.colcon_core.shell:Creating package descriptor '/home/walkowiczf/MoveoUnity/MoveoROS2/install/moveo_bringup/share/moveo_bringup/package.dsv'
[4.146s] INFO:colcon.colcon_core.shell:Creating package script '/home/walkowiczf/MoveoUnity/MoveoROS2/install/moveo_bringup/share/moveo_bringup/package.sh'
[4.147s] INFO:colcon.colcon_core.shell:Creating package script '/home/walkowiczf/MoveoUnity/MoveoROS2/install/moveo_bringup/share/moveo_bringup/package.bash'
[4.147s] INFO:colcon.colcon_core.shell:Creating package script '/home/walkowiczf/MoveoUnity/MoveoROS2/install/moveo_bringup/share/moveo_bringup/package.zsh'
[4.147s] Level 1:colcon.colcon_core.environment:create_file_with_runtime_dependencies(/home/walkowiczf/MoveoUnity/MoveoROS2/install/moveo_bringup/share/colcon-core/packages/moveo_bringup)
[4.153s] DEBUG:colcon.colcon_core.event_handler.log_command:Invoking command in '/home/walkowiczf/MoveoUnity/MoveoROS2/build/moveo_moveit': AMENT_PREFIX_PATH=/home/walkowiczf/MoveoUnity/MoveoROS2/install/moveo_description:/home/walkowiczf/MoveoUnity/MoveoROS2/install/ros_tcp_endpoint:/home/walkowiczf/MoveoUnity/MoveoROS2/install/moveo_rviz:/home/walkowiczf/MoveoUnity/MoveoROS2/install/moveo_moveit2:/home/walkowiczf/MoveoUnity/MoveoROS2/install/moveo_moveit:/home/walkowiczf/MoveoUnity/MoveoROS2/install/moveo_gazebo:/home/walkowiczf/MoveoUnity/MoveoROS2/install/moveo_bringup:/home/walkowiczf/PycharmProjects/ROS2/install/my_robot_controller:/opt/ros/humble BYOBU_DATE=%Y-%m-%d CMAKE_PREFIX_PATH=${CMAKE_PREFIX_PATH}:/home/walkowiczf/MoveoUnity/MoveoROS2/install/ros_tcp_endpoint:/home/walkowiczf/MoveoUnity/MoveoROS2/install/moveo_rviz:/home/walkowiczf/MoveoUnity/MoveoROS2/install/moveo_moveit2:/home/walkowiczf/MoveoUnity/MoveoROS2/install/moveo_gazebo:/home/walkowiczf/MoveoUnity/MoveoROS2/install/moveo_description:/home/walkowiczf/MoveoUnity/MoveoROS2/install/moveo_bringup:/home/walkowiczf/PycharmProjects/ROS2/install/my_robot_controller:/opt/ros/humble PYTHONPATH=/home/walkowiczf/MoveoUnity/MoveoROS2/build/moveo_description:/home/walkowiczf/MoveoUnity/MoveoROS2/install/moveo_description/lib/python3.10/site-packages:/home/walkowiczf/MoveoUnity/MoveoROS2/build/ros_tcp_endpoint:/home/walkowiczf/MoveoUnity/MoveoROS2/install/ros_tcp_endpoint/lib/python3.10/site-packages:/home/walkowiczf/MoveoUnity/MoveoROS2/build/moveo_rviz:/home/walkowiczf/MoveoUnity/MoveoROS2/install/moveo_rviz/lib/python3.10/site-packages:/home/walkowiczf/MoveoUnity/MoveoROS2/build/moveo_moveit2:/home/walkowiczf/MoveoUnity/MoveoROS2/install/moveo_moveit2/lib/python3.10/site-packages:/home/walkowiczf/MoveoUnity/MoveoROS2/build/moveo_gazebo:/home/walkowiczf/MoveoUnity/MoveoROS2/install/moveo_gazebo/lib/python3.10/site-packages:/home/walkowiczf/MoveoUnity/MoveoROS2/build/moveo_bringup:/home/walkowiczf/MoveoUnity/MoveoROS2/install/moveo_bringup/lib/python3.10/site-packages:/home/walkowiczf/PycharmProjects/ROS2/install/my_robot_controller/lib/python3.10/site-packages:/opt/ros/humble/lib/python3.10/site-packages:/opt/ros/humble/local/lib/python3.10/dist-packages /usr/bin/cmake --build /home/walkowiczf/MoveoUnity/MoveoROS2/build/moveo_moveit -- -j8 -l8
[4.206s] DEBUG:colcon.colcon_core.event_handler.log_command:Invoked command in '/home/walkowiczf/MoveoUnity/MoveoROS2/build/moveo_moveit' returned '0': AMENT_PREFIX_PATH=/home/walkowiczf/MoveoUnity/MoveoROS2/install/moveo_description:/home/walkowiczf/MoveoUnity/MoveoROS2/install/ros_tcp_endpoint:/home/walkowiczf/MoveoUnity/MoveoROS2/install/moveo_rviz:/home/walkowiczf/MoveoUnity/MoveoROS2/install/moveo_moveit2:/home/walkowiczf/MoveoUnity/MoveoROS2/install/moveo_moveit:/home/walkowiczf/MoveoUnity/MoveoROS2/install/moveo_gazebo:/home/walkowiczf/MoveoUnity/MoveoROS2/install/moveo_bringup:/home/walkowiczf/PycharmProjects/ROS2/install/my_robot_controller:/opt/ros/humble BYOBU_DATE=%Y-%m-%d CMAKE_PREFIX_PATH=${CMAKE_PREFIX_PATH}:/home/walkowiczf/MoveoUnity/MoveoROS2/install/ros_tcp_endpoint:/home/walkowiczf/MoveoUnity/MoveoROS2/install/moveo_rviz:/home/walkowiczf/MoveoUnity/MoveoROS2/install/moveo_moveit2:/home/walkowiczf/MoveoUnity/MoveoROS2/install/moveo_gazebo:/home/walkowiczf/MoveoUnity/MoveoROS2/install/moveo_description:/home/walkowiczf/MoveoUnity/MoveoROS2/install/moveo_bringup:/home/walkowiczf/PycharmProjects/ROS2/install/my_robot_controller:/opt/ros/humble PYTHONPATH=/home/walkowiczf/MoveoUnity/MoveoROS2/build/moveo_description:/home/walkowiczf/MoveoUnity/MoveoROS2/install/moveo_description/lib/python3.10/site-packages:/home/walkowiczf/MoveoUnity/MoveoROS2/build/ros_tcp_endpoint:/home/walkowiczf/MoveoUnity/MoveoROS2/install/ros_tcp_endpoint/lib/python3.10/site-packages:/home/walkowiczf/MoveoUnity/MoveoROS2/build/moveo_rviz:/home/walkowiczf/MoveoUnity/MoveoROS2/install/moveo_rviz/lib/python3.10/site-packages:/home/walkowiczf/MoveoUnity/MoveoROS2/build/moveo_moveit2:/home/walkowiczf/MoveoUnity/MoveoROS2/install/moveo_moveit2/lib/python3.10/site-packages:/home/walkowiczf/MoveoUnity/MoveoROS2/build/moveo_gazebo:/home/walkowiczf/MoveoUnity/MoveoROS2/install/moveo_gazebo/lib/python3.10/site-packages:/home/walkowiczf/MoveoUnity/MoveoROS2/build/moveo_bringup:/home/walkowiczf/MoveoUnity/MoveoROS2/install/moveo_bringup/lib/python3.10/site-packages:/home/walkowiczf/PycharmProjects/ROS2/install/my_robot_controller/lib/python3.10/site-packages:/opt/ros/humble/lib/python3.10/site-packages:/opt/ros/humble/local/lib/python3.10/dist-packages /usr/bin/cmake --build /home/walkowiczf/MoveoUnity/MoveoROS2/build/moveo_moveit -- -j8 -l8
[4.215s] DEBUG:colcon.colcon_core.event_handler.log_command:Invoking command in '/home/walkowiczf/MoveoUnity/MoveoROS2/build/moveo_moveit': AMENT_PREFIX_PATH=/home/walkowiczf/MoveoUnity/MoveoROS2/install/moveo_description:/home/walkowiczf/MoveoUnity/MoveoROS2/install/ros_tcp_endpoint:/home/walkowiczf/MoveoUnity/MoveoROS2/install/moveo_rviz:/home/walkowiczf/MoveoUnity/MoveoROS2/install/moveo_moveit2:/home/walkowiczf/MoveoUnity/MoveoROS2/install/moveo_moveit:/home/walkowiczf/MoveoUnity/MoveoROS2/install/moveo_gazebo:/home/walkowiczf/MoveoUnity/MoveoROS2/install/moveo_bringup:/home/walkowiczf/PycharmProjects/ROS2/install/my_robot_controller:/opt/ros/humble BYOBU_DATE=%Y-%m-%d CMAKE_PREFIX_PATH=${CMAKE_PREFIX_PATH}:/home/walkowiczf/MoveoUnity/MoveoROS2/install/ros_tcp_endpoint:/home/walkowiczf/MoveoUnity/MoveoROS2/install/moveo_rviz:/home/walkowiczf/MoveoUnity/MoveoROS2/install/moveo_moveit2:/home/walkowiczf/MoveoUnity/MoveoROS2/install/moveo_gazebo:/home/walkowiczf/MoveoUnity/MoveoROS2/install/moveo_description:/home/walkowiczf/MoveoUnity/MoveoROS2/install/moveo_bringup:/home/walkowiczf/PycharmProjects/ROS2/install/my_robot_controller:/opt/ros/humble PYTHONPATH=/home/walkowiczf/MoveoUnity/MoveoROS2/build/moveo_description:/home/walkowiczf/MoveoUnity/MoveoROS2/install/moveo_description/lib/python3.10/site-packages:/home/walkowiczf/MoveoUnity/MoveoROS2/build/ros_tcp_endpoint:/home/walkowiczf/MoveoUnity/MoveoROS2/install/ros_tcp_endpoint/lib/python3.10/site-packages:/home/walkowiczf/MoveoUnity/MoveoROS2/build/moveo_rviz:/home/walkowiczf/MoveoUnity/MoveoROS2/install/moveo_rviz/lib/python3.10/site-packages:/home/walkowiczf/MoveoUnity/MoveoROS2/build/moveo_moveit2:/home/walkowiczf/MoveoUnity/MoveoROS2/install/moveo_moveit2/lib/python3.10/site-packages:/home/walkowiczf/MoveoUnity/MoveoROS2/build/moveo_gazebo:/home/walkowiczf/MoveoUnity/MoveoROS2/install/moveo_gazebo/lib/python3.10/site-packages:/home/walkowiczf/MoveoUnity/MoveoROS2/build/moveo_bringup:/home/walkowiczf/MoveoUnity/MoveoROS2/install/moveo_bringup/lib/python3.10/site-packages:/home/walkowiczf/PycharmProjects/ROS2/install/my_robot_controller/lib/python3.10/site-packages:/opt/ros/humble/lib/python3.10/site-packages:/opt/ros/humble/local/lib/python3.10/dist-packages /usr/bin/cmake --install /home/walkowiczf/MoveoUnity/MoveoROS2/build/moveo_moveit
[4.238s] Level 1:colcon.colcon_core.environment:create_environment_scripts_only(moveo_moveit)
[4.239s] Level 1:colcon.colcon_core.environment:checking '/home/walkowiczf/MoveoUnity/MoveoROS2/install/moveo_moveit' for CMake module files
[4.239s] DEBUG:colcon.colcon_core.event_handler.log_command:Invoked command in '/home/walkowiczf/MoveoUnity/MoveoROS2/build/moveo_moveit' returned '0': AMENT_PREFIX_PATH=/home/walkowiczf/MoveoUnity/MoveoROS2/install/moveo_description:/home/walkowiczf/MoveoUnity/MoveoROS2/install/ros_tcp_endpoint:/home/walkowiczf/MoveoUnity/MoveoROS2/install/moveo_rviz:/home/walkowiczf/MoveoUnity/MoveoROS2/install/moveo_moveit2:/home/walkowiczf/MoveoUnity/MoveoROS2/install/moveo_moveit:/home/walkowiczf/MoveoUnity/MoveoROS2/install/moveo_gazebo:/home/walkowiczf/MoveoUnity/MoveoROS2/install/moveo_bringup:/home/walkowiczf/PycharmProjects/ROS2/install/my_robot_controller:/opt/ros/humble BYOBU_DATE=%Y-%m-%d CMAKE_PREFIX_PATH=${CMAKE_PREFIX_PATH}:/home/walkowiczf/MoveoUnity/MoveoROS2/install/ros_tcp_endpoint:/home/walkowiczf/MoveoUnity/MoveoROS2/install/moveo_rviz:/home/walkowiczf/MoveoUnity/MoveoROS2/install/moveo_moveit2:/home/walkowiczf/MoveoUnity/MoveoROS2/install/moveo_gazebo:/home/walkowiczf/MoveoUnity/MoveoROS2/install/moveo_description:/home/walkowiczf/MoveoUnity/MoveoROS2/install/moveo_bringup:/home/walkowiczf/PycharmProjects/ROS2/install/my_robot_controller:/opt/ros/humble PYTHONPATH=/home/walkowiczf/MoveoUnity/MoveoROS2/build/moveo_description:/home/walkowiczf/MoveoUnity/MoveoROS2/install/moveo_description/lib/python3.10/site-packages:/home/walkowiczf/MoveoUnity/MoveoROS2/build/ros_tcp_endpoint:/home/walkowiczf/MoveoUnity/MoveoROS2/install/ros_tcp_endpoint/lib/python3.10/site-packages:/home/walkowiczf/MoveoUnity/MoveoROS2/build/moveo_rviz:/home/walkowiczf/MoveoUnity/MoveoROS2/install/moveo_rviz/lib/python3.10/site-packages:/home/walkowiczf/MoveoUnity/MoveoROS2/build/moveo_moveit2:/home/walkowiczf/MoveoUnity/MoveoROS2/install/moveo_moveit2/lib/python3.10/site-packages:/home/walkowiczf/MoveoUnity/MoveoROS2/build/moveo_gazebo:/home/walkowiczf/MoveoUnity/MoveoROS2/install/moveo_gazebo/lib/python3.10/site-packages:/home/walkowiczf/MoveoUnity/MoveoROS2/build/moveo_bringup:/home/walkowiczf/MoveoUnity/MoveoROS2/install/moveo_bringup/lib/python3.10/site-packages:/home/walkowiczf/PycharmProjects/ROS2/install/my_robot_controller/lib/python3.10/site-packages:/opt/ros/humble/lib/python3.10/site-packages:/opt/ros/humble/local/lib/python3.10/dist-packages /usr/bin/cmake --install /home/walkowiczf/MoveoUnity/MoveoROS2/build/moveo_moveit
[4.240s] Level 1:colcon.colcon_core.environment:checking '/home/walkowiczf/MoveoUnity/MoveoROS2/install/moveo_moveit' for CMake config files
[4.241s] Level 1:colcon.colcon_core.shell:create_environment_hook('moveo_moveit', 'cmake_prefix_path')
[4.241s] INFO:colcon.colcon_core.shell:Creating environment hook '/home/walkowiczf/MoveoUnity/MoveoROS2/install/moveo_moveit/share/moveo_moveit/hook/cmake_prefix_path.ps1'
[4.242s] INFO:colcon.colcon_core.shell:Creating environment descriptor '/home/walkowiczf/MoveoUnity/MoveoROS2/install/moveo_moveit/share/moveo_moveit/hook/cmake_prefix_path.dsv'
[4.242s] INFO:colcon.colcon_core.shell:Creating environment hook '/home/walkowiczf/MoveoUnity/MoveoROS2/install/moveo_moveit/share/moveo_moveit/hook/cmake_prefix_path.sh'
[4.243s] Level 1:colcon.colcon_core.environment:checking '/home/walkowiczf/MoveoUnity/MoveoROS2/install/moveo_moveit/bin'
[4.243s] Level 1:colcon.colcon_core.environment:checking '/home/walkowiczf/MoveoUnity/MoveoROS2/install/moveo_moveit/lib/pkgconfig/moveo_moveit.pc'
[4.243s] Level 1:colcon.colcon_core.environment:checking '/home/walkowiczf/MoveoUnity/MoveoROS2/install/moveo_moveit/lib/python3.10/site-packages'
[4.244s] Level 1:colcon.colcon_core.environment:checking '/home/walkowiczf/MoveoUnity/MoveoROS2/install/moveo_moveit/bin'
[4.244s] INFO:colcon.colcon_core.shell:Creating package script '/home/walkowiczf/MoveoUnity/MoveoROS2/install/moveo_moveit/share/moveo_moveit/package.ps1'
[4.244s] INFO:colcon.colcon_core.shell:Creating package descriptor '/home/walkowiczf/MoveoUnity/MoveoROS2/install/moveo_moveit/share/moveo_moveit/package.dsv'
[4.245s] INFO:colcon.colcon_core.shell:Creating package script '/home/walkowiczf/MoveoUnity/MoveoROS2/install/moveo_moveit/share/moveo_moveit/package.sh'
[4.245s] INFO:colcon.colcon_core.shell:Creating package script '/home/walkowiczf/MoveoUnity/MoveoROS2/install/moveo_moveit/share/moveo_moveit/package.bash'
[4.245s] INFO:colcon.colcon_core.shell:Creating package script '/home/walkowiczf/MoveoUnity/MoveoROS2/install/moveo_moveit/share/moveo_moveit/package.zsh'
[4.246s] Level 1:colcon.colcon_core.environment:create_file_with_runtime_dependencies(/home/walkowiczf/MoveoUnity/MoveoROS2/install/moveo_moveit/share/colcon-core/packages/moveo_moveit)
[4.246s] Level 1:colcon.colcon_core.environment:create_environment_scripts_only(moveo_moveit)
[4.247s] Level 1:colcon.colcon_core.environment:checking '/home/walkowiczf/MoveoUnity/MoveoROS2/install/moveo_moveit' for CMake module files
[4.247s] Level 1:colcon.colcon_core.environment:checking '/home/walkowiczf/MoveoUnity/MoveoROS2/install/moveo_moveit' for CMake config files
[4.248s] Level 1:colcon.colcon_core.shell:create_environment_hook('moveo_moveit', 'cmake_prefix_path')
[4.248s] INFO:colcon.colcon_core.shell:Creating environment hook '/home/walkowiczf/MoveoUnity/MoveoROS2/install/moveo_moveit/share/moveo_moveit/hook/cmake_prefix_path.ps1'
[4.248s] INFO:colcon.colcon_core.shell:Creating environment descriptor '/home/walkowiczf/MoveoUnity/MoveoROS2/install/moveo_moveit/share/moveo_moveit/hook/cmake_prefix_path.dsv'
[4.249s] INFO:colcon.colcon_core.shell:Creating environment hook '/home/walkowiczf/MoveoUnity/MoveoROS2/install/moveo_moveit/share/moveo_moveit/hook/cmake_prefix_path.sh'
[4.249s] Level 1:colcon.colcon_core.environment:checking '/home/walkowiczf/MoveoUnity/MoveoROS2/install/moveo_moveit/bin'
[4.249s] Level 1:colcon.colcon_core.environment:checking '/home/walkowiczf/MoveoUnity/MoveoROS2/install/moveo_moveit/lib/pkgconfig/moveo_moveit.pc'
[4.249s] Level 1:colcon.colcon_core.environment:checking '/home/walkowiczf/MoveoUnity/MoveoROS2/install/moveo_moveit/lib/python3.10/site-packages'
[4.250s] Level 1:colcon.colcon_core.environment:checking '/home/walkowiczf/MoveoUnity/MoveoROS2/install/moveo_moveit/bin'
[4.250s] INFO:colcon.colcon_core.shell:Creating package script '/home/walkowiczf/MoveoUnity/MoveoROS2/install/moveo_moveit/share/moveo_moveit/package.ps1'
[4.251s] INFO:colcon.colcon_core.shell:Creating package descriptor '/home/walkowiczf/MoveoUnity/MoveoROS2/install/moveo_moveit/share/moveo_moveit/package.dsv'
[4.251s] INFO:colcon.colcon_core.shell:Creating package script '/home/walkowiczf/MoveoUnity/MoveoROS2/install/moveo_moveit/share/moveo_moveit/package.sh'
[4.251s] INFO:colcon.colcon_core.shell:Creating package script '/home/walkowiczf/MoveoUnity/MoveoROS2/install/moveo_moveit/share/moveo_moveit/package.bash'
[4.252s] INFO:colcon.colcon_core.shell:Creating package script '/home/walkowiczf/MoveoUnity/MoveoROS2/install/moveo_moveit/share/moveo_moveit/package.zsh'
[4.252s] Level 1:colcon.colcon_core.environment:create_file_with_runtime_dependencies(/home/walkowiczf/MoveoUnity/MoveoROS2/install/moveo_moveit/share/colcon-core/packages/moveo_moveit)
[4.252s] DEBUG:colcon.colcon_parallel_executor.executor.parallel:closing loop
[4.253s] DEBUG:colcon.colcon_parallel_executor.executor.parallel:loop closed
[4.253s] DEBUG:colcon.colcon_parallel_executor.executor.parallel:run_until_complete finished with '0'
[4.253s] DEBUG:colcon.colcon_core.event_reactor:joining thread
[4.261s] INFO:colcon.colcon_core.plugin_system:Skipping extension 'colcon_notification.desktop_notification.notify_send': Could not find 'notify-send'
[4.261s] INFO:colcon.colcon_core.plugin_system:Skipping extension 'colcon_notification.desktop_notification.terminal_notifier': Not used on non-Darwin systems
[4.261s] INFO:colcon.colcon_core.plugin_system:Skipping extension 'colcon_notification.desktop_notification.win32': Not used on non-Windows systems
[4.261s] INFO:colcon.colcon_notification.desktop_notification:Sending desktop notification using 'notify2'
[4.273s] DEBUG:colcon.colcon_core.event_reactor:joined thread
[4.274s] INFO:colcon.colcon_core.shell:Creating prefix script '/home/walkowiczf/MoveoUnity/MoveoROS2/install/local_setup.ps1'
[4.275s] INFO:colcon.colcon_core.shell:Creating prefix util module '/home/walkowiczf/MoveoUnity/MoveoROS2/install/_local_setup_util_ps1.py'
[4.276s] INFO:colcon.colcon_core.shell:Creating prefix chain script '/home/walkowiczf/MoveoUnity/MoveoROS2/install/setup.ps1'
[4.278s] INFO:colcon.colcon_core.shell:Creating prefix script '/home/walkowiczf/MoveoUnity/MoveoROS2/install/local_setup.sh'
[4.279s] INFO:colcon.colcon_core.shell:Creating prefix util module '/home/walkowiczf/MoveoUnity/MoveoROS2/install/_local_setup_util_sh.py'
[4.280s] INFO:colcon.colcon_core.shell:Creating prefix chain script '/home/walkowiczf/MoveoUnity/MoveoROS2/install/setup.sh'
[4.283s] INFO:colcon.colcon_core.shell:Creating prefix script '/home/walkowiczf/MoveoUnity/MoveoROS2/install/local_setup.bash'
[4.284s] INFO:colcon.colcon_core.shell:Creating prefix chain script '/home/walkowiczf/MoveoUnity/MoveoROS2/install/setup.bash'
[4.285s] INFO:colcon.colcon_core.shell:Creating prefix script '/home/walkowiczf/MoveoUnity/MoveoROS2/install/local_setup.zsh'
[4.286s] INFO:colcon.colcon_core.shell:Creating prefix chain script '/home/walkowiczf/MoveoUnity/MoveoROS2/install/setup.zsh'
