[1.814s] Invoking command in '/home/walkowiczf/MoveoUnity/MoveoROS2/build/moveo_bringup': BYOBU_DATE=%Y-%m-%d PYTHONPATH=/home/walkowiczf/MoveoUnity/MoveoROS2/build/moveo_bringup/prefix_override:/usr/lib/python3/dist-packages/colcon_core/task/python/colcon_distutils_commands:/home/walkowiczf/MoveoUnity/MoveoROS2/install/moveo_bringup/lib/python3.10/site-packages:${PYTHONPATH} /usr/bin/python3 -W ignore:setup.py install is deprecated -W ignore:easy_install command is deprecated setup.py develop --editable --build-directory /home/walkowiczf/MoveoUnity/MoveoROS2/build/moveo_bringup/build --no-deps symlink_data
[2.290s] running develop
[2.675s] running egg_info
[2.693s] creating moveo_bringup.egg-info
[2.694s] writing moveo_bringup.egg-info/PKG-INFO
[2.694s] writing dependency_links to moveo_bringup.egg-info/dependency_links.txt
[2.694s] writing requirements to moveo_bringup.egg-info/requires.txt
[2.695s] writing top-level names to moveo_bringup.egg-info/top_level.txt
[2.695s] writing manifest file 'moveo_bringup.egg-info/SOURCES.txt'
[2.733s] reading manifest file 'moveo_bringup.egg-info/SOURCES.txt'
[2.734s] writing manifest file 'moveo_bringup.egg-info/SOURCES.txt'
[2.753s] running build_ext
[2.754s] Creating /home/walkowiczf/MoveoUnity/MoveoROS2/install/moveo_bringup/lib/python3.10/site-packages/moveo-bringup.egg-link (link to .)
[2.754s] 
[2.755s] Installed /home/walkowiczf/MoveoUnity/MoveoROS2/build/moveo_bringup
[2.755s] running symlink_data
[2.755s] creating /home/walkowiczf/MoveoUnity/MoveoROS2/install/moveo_bringup/share/ament_index/resource_index/packages
[2.755s] symbolically linking /home/walkowiczf/MoveoUnity/MoveoROS2/build/moveo_bringup/resource/moveo_bringup -> /home/walkowiczf/MoveoUnity/MoveoROS2/install/moveo_bringup/share/ament_index/resource_index/packages
[2.755s] symbolically linking /home/walkowiczf/MoveoUnity/MoveoROS2/build/moveo_bringup/package.xml -> /home/walkowiczf/MoveoUnity/MoveoROS2/install/moveo_bringup/share/moveo_bringup
[2.756s] creating /home/walkowiczf/MoveoUnity/MoveoROS2/install/moveo_bringup/share/moveo_bringup/launch
[2.756s] symbolically linking /home/walkowiczf/MoveoUnity/MoveoROS2/build/moveo_bringup/launch/robot.launch.py -> /home/walkowiczf/MoveoUnity/MoveoROS2/install/moveo_bringup/share/moveo_bringup/launch
[2.809s] Invoked command in '/home/walkowiczf/MoveoUnity/MoveoROS2/build/moveo_bringup' returned '0': BYOBU_DATE=%Y-%m-%d PYTHONPATH=/home/walkowiczf/MoveoUnity/MoveoROS2/build/moveo_bringup/prefix_override:/usr/lib/python3/dist-packages/colcon_core/task/python/colcon_distutils_commands:/home/walkowiczf/MoveoUnity/MoveoROS2/install/moveo_bringup/lib/python3.10/site-packages:${PYTHONPATH} /usr/bin/python3 -W ignore:setup.py install is deprecated -W ignore:easy_install command is deprecated setup.py develop --editable --build-directory /home/walkowiczf/MoveoUnity/MoveoROS2/build/moveo_bringup/build --no-deps symlink_data
