[1.764s] Invoking command in '/home/walkowiczf/MoveoUnity/MoveoROS2/build/ros_tcp_endpoint': BYOBU_DATE=%Y-%m-%d PYTHONPATH=/home/walkowiczf/MoveoUnity/MoveoROS2/build/ros_tcp_endpoint/prefix_override:/usr/lib/python3/dist-packages/colcon_core/task/python/colcon_distutils_commands:/home/walkowiczf/MoveoUnity/MoveoROS2/install/ros_tcp_endpoint/lib/python3.10/site-packages:${PYTHONPATH} /usr/bin/python3 -W ignore:setup.py install is deprecated -W ignore:easy_install command is deprecated setup.py develop --editable --build-directory /home/walkowiczf/MoveoUnity/MoveoROS2/build/ros_tcp_endpoint/build --no-deps symlink_data
[1.943s] /home/walkowiczf/.local/lib/python3.10/site-packages/setuptools/dist.py:488: SetuptoolsDeprecationWarning: Invalid dash-separated options
[1.943s] !!
[1.943s] 
[1.944s]         ********************************************************************************
[1.944s]         Usage of dash-separated 'script-dir' will not be supported in future
[1.944s]         versions. Please use the underscore name 'script_dir' instead.
[1.944s] 
[1.944s]         This deprecation is overdue, please update your project and remove deprecated
[1.944s]         calls to avoid build errors in the future.
[1.944s] 
[1.944s]         See https://setuptools.pypa.io/en/latest/userguide/declarative_config.html for details.
[1.944s]         ********************************************************************************
[1.944s] 
[1.944s] !!
[1.944s]   opt = self.warn_dash_deprecation(opt, section)
[1.972s] /home/walkowiczf/.local/lib/python3.10/site-packages/setuptools/_distutils/dist.py:261: UserWarning: Unknown distribution option: 'tests_require'
[1.972s]   warnings.warn(msg)
[2.242s] running develop
[2.645s] running egg_info
[2.673s] creating ros_tcp_endpoint.egg-info
[2.673s] writing ros_tcp_endpoint.egg-info/PKG-INFO
[2.673s] writing dependency_links to ros_tcp_endpoint.egg-info/dependency_links.txt
[2.673s] writing entry points to ros_tcp_endpoint.egg-info/entry_points.txt
[2.673s] writing requirements to ros_tcp_endpoint.egg-info/requires.txt
[2.673s] writing top-level names to ros_tcp_endpoint.egg-info/top_level.txt
[2.673s] writing manifest file 'ros_tcp_endpoint.egg-info/SOURCES.txt'
[2.727s] reading manifest file 'ros_tcp_endpoint.egg-info/SOURCES.txt'
[2.729s] writing manifest file 'ros_tcp_endpoint.egg-info/SOURCES.txt'
[2.758s] running build_ext
[2.759s] Creating /home/walkowiczf/MoveoUnity/MoveoROS2/install/ros_tcp_endpoint/lib/python3.10/site-packages/ros-tcp-endpoint.egg-link (link to .)
[2.759s] Installing default_server_endpoint script to /home/walkowiczf/MoveoUnity/MoveoROS2/install/ros_tcp_endpoint/lib/ros_tcp_endpoint
[2.759s] 
[2.759s] Installed /home/walkowiczf/MoveoUnity/MoveoROS2/build/ros_tcp_endpoint
[2.759s] running symlink_data
[2.759s] creating /home/walkowiczf/MoveoUnity/MoveoROS2/install/ros_tcp_endpoint/share/ament_index/resource_index/packages
[2.759s] symbolically linking /home/walkowiczf/MoveoUnity/MoveoROS2/build/ros_tcp_endpoint/resource/ros_tcp_endpoint -> /home/walkowiczf/MoveoUnity/MoveoROS2/install/ros_tcp_endpoint/share/ament_index/resource_index/packages
[2.760s] symbolically linking /home/walkowiczf/MoveoUnity/MoveoROS2/build/ros_tcp_endpoint/package.xml -> /home/walkowiczf/MoveoUnity/MoveoROS2/install/ros_tcp_endpoint/share/ros_tcp_endpoint
[2.761s] creating /home/walkowiczf/MoveoUnity/MoveoROS2/install/ros_tcp_endpoint/share/ros_tcp_endpoint/launch
[2.761s] symbolically linking /home/walkowiczf/MoveoUnity/MoveoROS2/build/ros_tcp_endpoint/launch/endpoint.py -> /home/walkowiczf/MoveoUnity/MoveoROS2/install/ros_tcp_endpoint/share/ros_tcp_endpoint/launch
[2.835s] Invoked command in '/home/walkowiczf/MoveoUnity/MoveoROS2/build/ros_tcp_endpoint' returned '0': BYOBU_DATE=%Y-%m-%d PYTHONPATH=/home/walkowiczf/MoveoUnity/MoveoROS2/build/ros_tcp_endpoint/prefix_override:/usr/lib/python3/dist-packages/colcon_core/task/python/colcon_distutils_commands:/home/walkowiczf/MoveoUnity/MoveoROS2/install/ros_tcp_endpoint/lib/python3.10/site-packages:${PYTHONPATH} /usr/bin/python3 -W ignore:setup.py install is deprecated -W ignore:easy_install command is deprecated setup.py develop --editable --build-directory /home/walkowiczf/MoveoUnity/MoveoROS2/build/ros_tcp_endpoint/build --no-deps symlink_data
