[0.099s] DEBUG:colcon:Command line arguments: ['/usr/bin/colcon', 'build', '--symlink-install']
[0.099s] DEBUG:colcon:Parsed command line arguments: Namespace(log_base=None, log_level=None, verb_name='build', build_base='build', install_base='install', merge_install=False, symlink_install=True, test_result_base=None, continue_on_error=False, executor='parallel', parallel_workers=8, event_handlers=None, ignore_user_meta=False, metas=['./colcon.meta'], base_paths=['.'], packages_ignore=None, packages_ignore_regex=None, paths=None, packages_up_to=None, packages_up_to_regex=None, packages_above=None, packages_above_and_dependencies=None, packages_above_depth=None, packages_select_by_dep=None, packages_skip_by_dep=None, packages_skip_up_to=None, packages_select_build_failed=False, packages_skip_build_finished=False, packages_select_test_failures=False, packages_skip_test_passed=False, packages_select=None, packages_skip=None, packages_select_regex=None, packages_skip_regex=None, packages_start=None, packages_end=None, allow_overriding=[], cmake_args=None, cmake_target=None, cmake_target_skip_unavailable=False, cmake_clean_cache=False, cmake_clean_first=False, cmake_force_configure=False, ament_cmake_args=None, catkin_cmake_args=None, catkin_skip_building_tests=False, mixin_files=None, mixin=None, verb_parser=<colcon_mixin.mixin.mixin_argument.MixinArgumentDecorator object at 0x77117ac87c70>, verb_extension=<colcon_core.verb.build.BuildVerb object at 0x77117ac45600>, main=<bound method BuildVerb.main of <colcon_core.verb.build.BuildVerb object at 0x77117ac45600>>, mixin_verb=('build',))
[0.128s] Level 1:colcon.colcon_core.package_discovery:discover_packages(colcon_meta) check parameters
[0.128s] Level 1:colcon.colcon_core.package_discovery:discover_packages(recursive) check parameters
[0.128s] Level 1:colcon.colcon_core.package_discovery:discover_packages(ignore) check parameters
[0.128s] Level 1:colcon.colcon_core.package_discovery:discover_packages(path) check parameters
[0.128s] Level 1:colcon.colcon_core.package_discovery:discover_packages(colcon_meta) discover
[0.128s] Level 1:colcon.colcon_core.package_discovery:discover_packages(recursive) discover
[0.128s] INFO:colcon.colcon_core.package_discovery:Crawling recursively for packages in '/home/walkowiczf/MoveoUnity/MoveoROS2'
[0.128s] Level 1:colcon.colcon_core.package_identification:_identify(.) by extensions ['ignore', 'ignore_ament_install']
[0.128s] Level 1:colcon.colcon_core.package_identification:_identify(.) by extension 'ignore'
[0.129s] Level 1:colcon.colcon_core.package_identification:_identify(.) by extension 'ignore_ament_install'
[0.129s] Level 1:colcon.colcon_core.package_identification:_identify(.) by extensions ['colcon_pkg']
[0.129s] Level 1:colcon.colcon_core.package_identification:_identify(.) by extension 'colcon_pkg'
[0.129s] Level 1:colcon.colcon_core.package_identification:_identify(.) by extensions ['colcon_meta']
[0.129s] Level 1:colcon.colcon_core.package_identification:_identify(.) by extension 'colcon_meta'
[0.129s] Level 1:colcon.colcon_core.package_identification:_identify(.) by extensions ['ros']
[0.129s] Level 1:colcon.colcon_core.package_identification:_identify(.) by extension 'ros'
[0.141s] Level 1:colcon.colcon_core.package_identification:_identify(.) by extensions ['cmake', 'python']
[0.141s] Level 1:colcon.colcon_core.package_identification:_identify(.) by extension 'cmake'
[0.141s] Level 1:colcon.colcon_core.package_identification:_identify(.) by extension 'python'
[0.141s] Level 1:colcon.colcon_core.package_identification:_identify(.) by extensions ['python_setup_py']
[0.141s] Level 1:colcon.colcon_core.package_identification:_identify(.) by extension 'python_setup_py'
[0.141s] Level 1:colcon.colcon_core.package_identification:_identify(build) by extensions ['ignore', 'ignore_ament_install']
[0.141s] Level 1:colcon.colcon_core.package_identification:_identify(build) by extension 'ignore'
[0.141s] Level 1:colcon.colcon_core.package_identification:_identify(build) ignored
[0.141s] Level 1:colcon.colcon_core.package_identification:_identify(install) by extensions ['ignore', 'ignore_ament_install']
[0.141s] Level 1:colcon.colcon_core.package_identification:_identify(install) by extension 'ignore'
[0.141s] Level 1:colcon.colcon_core.package_identification:_identify(install) ignored
[0.141s] Level 1:colcon.colcon_core.package_identification:_identify(log) by extensions ['ignore', 'ignore_ament_install']
[0.141s] Level 1:colcon.colcon_core.package_identification:_identify(log) by extension 'ignore'
[0.141s] Level 1:colcon.colcon_core.package_identification:_identify(log) ignored
[0.141s] Level 1:colcon.colcon_core.package_identification:_identify(src) by extensions ['ignore', 'ignore_ament_install']
[0.141s] Level 1:colcon.colcon_core.package_identification:_identify(src) by extension 'ignore'
[0.141s] Level 1:colcon.colcon_core.package_identification:_identify(src) by extension 'ignore_ament_install'
[0.141s] Level 1:colcon.colcon_core.package_identification:_identify(src) by extensions ['colcon_pkg']
[0.141s] Level 1:colcon.colcon_core.package_identification:_identify(src) by extension 'colcon_pkg'
[0.141s] Level 1:colcon.colcon_core.package_identification:_identify(src) by extensions ['colcon_meta']
[0.142s] Level 1:colcon.colcon_core.package_identification:_identify(src) by extension 'colcon_meta'
[0.142s] Level 1:colcon.colcon_core.package_identification:_identify(src) by extensions ['ros']
[0.142s] Level 1:colcon.colcon_core.package_identification:_identify(src) by extension 'ros'
[0.142s] Level 1:colcon.colcon_core.package_identification:_identify(src) by extensions ['cmake', 'python']
[0.142s] Level 1:colcon.colcon_core.package_identification:_identify(src) by extension 'cmake'
[0.142s] Level 1:colcon.colcon_core.package_identification:_identify(src) by extension 'python'
[0.142s] Level 1:colcon.colcon_core.package_identification:_identify(src) by extensions ['python_setup_py']
[0.142s] Level 1:colcon.colcon_core.package_identification:_identify(src) by extension 'python_setup_py'
[0.142s] Level 1:colcon.colcon_core.package_identification:_identify(src/ROS-TCP-Endpoint-main-ros2) by extensions ['ignore', 'ignore_ament_install']
[0.142s] Level 1:colcon.colcon_core.package_identification:_identify(src/ROS-TCP-Endpoint-main-ros2) by extension 'ignore'
[0.142s] Level 1:colcon.colcon_core.package_identification:_identify(src/ROS-TCP-Endpoint-main-ros2) by extension 'ignore_ament_install'
[0.142s] Level 1:colcon.colcon_core.package_identification:_identify(src/ROS-TCP-Endpoint-main-ros2) by extensions ['colcon_pkg']
[0.142s] Level 1:colcon.colcon_core.package_identification:_identify(src/ROS-TCP-Endpoint-main-ros2) by extension 'colcon_pkg'
[0.142s] Level 1:colcon.colcon_core.package_identification:_identify(src/ROS-TCP-Endpoint-main-ros2) by extensions ['colcon_meta']
[0.142s] Level 1:colcon.colcon_core.package_identification:_identify(src/ROS-TCP-Endpoint-main-ros2) by extension 'colcon_meta'
[0.142s] Level 1:colcon.colcon_core.package_identification:_identify(src/ROS-TCP-Endpoint-main-ros2) by extensions ['ros']
[0.142s] Level 1:colcon.colcon_core.package_identification:_identify(src/ROS-TCP-Endpoint-main-ros2) by extension 'ros'
[0.145s] DEBUG:colcon.colcon_core.package_identification:Package 'src/ROS-TCP-Endpoint-main-ros2' with type 'ros.ament_python' and name 'ros_tcp_endpoint'
[0.145s] Level 1:colcon.colcon_core.package_identification:_identify(src/moveo_bringup) by extensions ['ignore', 'ignore_ament_install']
[0.145s] Level 1:colcon.colcon_core.package_identification:_identify(src/moveo_bringup) by extension 'ignore'
[0.145s] Level 1:colcon.colcon_core.package_identification:_identify(src/moveo_bringup) by extension 'ignore_ament_install'
[0.145s] Level 1:colcon.colcon_core.package_identification:_identify(src/moveo_bringup) by extensions ['colcon_pkg']
[0.145s] Level 1:colcon.colcon_core.package_identification:_identify(src/moveo_bringup) by extension 'colcon_pkg'
[0.146s] Level 1:colcon.colcon_core.package_identification:_identify(src/moveo_bringup) by extensions ['colcon_meta']
[0.146s] Level 1:colcon.colcon_core.package_identification:_identify(src/moveo_bringup) by extension 'colcon_meta'
[0.146s] Level 1:colcon.colcon_core.package_identification:_identify(src/moveo_bringup) by extensions ['ros']
[0.146s] Level 1:colcon.colcon_core.package_identification:_identify(src/moveo_bringup) by extension 'ros'
[0.146s] DEBUG:colcon.colcon_core.package_identification:Package 'src/moveo_bringup' with type 'ros.ament_python' and name 'moveo_bringup'
[0.146s] Level 1:colcon.colcon_core.package_identification:_identify(src/moveo_description) by extensions ['ignore', 'ignore_ament_install']
[0.146s] Level 1:colcon.colcon_core.package_identification:_identify(src/moveo_description) by extension 'ignore'
[0.146s] Level 1:colcon.colcon_core.package_identification:_identify(src/moveo_description) by extension 'ignore_ament_install'
[0.146s] Level 1:colcon.colcon_core.package_identification:_identify(src/moveo_description) by extensions ['colcon_pkg']
[0.146s] Level 1:colcon.colcon_core.package_identification:_identify(src/moveo_description) by extension 'colcon_pkg'
[0.146s] Level 1:colcon.colcon_core.package_identification:_identify(src/moveo_description) by extensions ['colcon_meta']
[0.146s] Level 1:colcon.colcon_core.package_identification:_identify(src/moveo_description) by extension 'colcon_meta'
[0.146s] Level 1:colcon.colcon_core.package_identification:_identify(src/moveo_description) by extensions ['ros']
[0.146s] Level 1:colcon.colcon_core.package_identification:_identify(src/moveo_description) by extension 'ros'
[0.147s] DEBUG:colcon.colcon_core.package_identification:Package 'src/moveo_description' with type 'ros.ament_python' and name 'moveo_description'
[0.148s] Level 1:colcon.colcon_core.package_identification:_identify(src/moveo_gazebo) by extensions ['ignore', 'ignore_ament_install']
[0.148s] Level 1:colcon.colcon_core.package_identification:_identify(src/moveo_gazebo) by extension 'ignore'
[0.148s] Level 1:colcon.colcon_core.package_identification:_identify(src/moveo_gazebo) by extension 'ignore_ament_install'
[0.148s] Level 1:colcon.colcon_core.package_identification:_identify(src/moveo_gazebo) by extensions ['colcon_pkg']
[0.148s] Level 1:colcon.colcon_core.package_identification:_identify(src/moveo_gazebo) by extension 'colcon_pkg'
[0.148s] Level 1:colcon.colcon_core.package_identification:_identify(src/moveo_gazebo) by extensions ['colcon_meta']
[0.148s] Level 1:colcon.colcon_core.package_identification:_identify(src/moveo_gazebo) by extension 'colcon_meta'
[0.148s] Level 1:colcon.colcon_core.package_identification:_identify(src/moveo_gazebo) by extensions ['ros']
[0.148s] Level 1:colcon.colcon_core.package_identification:_identify(src/moveo_gazebo) by extension 'ros'
[0.148s] DEBUG:colcon.colcon_core.package_identification:Package 'src/moveo_gazebo' with type 'ros.ament_python' and name 'moveo_gazebo'
[0.149s] Level 1:colcon.colcon_core.package_identification:_identify(src/moveo_interfaces) by extensions ['ignore', 'ignore_ament_install']
[0.149s] Level 1:colcon.colcon_core.package_identification:_identify(src/moveo_interfaces) by extension 'ignore'
[0.149s] Level 1:colcon.colcon_core.package_identification:_identify(src/moveo_interfaces) by extension 'ignore_ament_install'
[0.149s] Level 1:colcon.colcon_core.package_identification:_identify(src/moveo_interfaces) by extensions ['colcon_pkg']
[0.149s] Level 1:colcon.colcon_core.package_identification:_identify(src/moveo_interfaces) by extension 'colcon_pkg'
[0.149s] Level 1:colcon.colcon_core.package_identification:_identify(src/moveo_interfaces) by extensions ['colcon_meta']
[0.149s] Level 1:colcon.colcon_core.package_identification:_identify(src/moveo_interfaces) by extension 'colcon_meta'
[0.149s] Level 1:colcon.colcon_core.package_identification:_identify(src/moveo_interfaces) by extensions ['ros']
[0.149s] Level 1:colcon.colcon_core.package_identification:_identify(src/moveo_interfaces) by extension 'ros'
[0.149s] DEBUG:colcon.colcon_core.package_identification:Package 'src/moveo_interfaces' with type 'ros.ament_python' and name 'moveo_interfaces'
[0.149s] Level 1:colcon.colcon_core.package_identification:_identify(src/moveo_moveit) by extensions ['ignore', 'ignore_ament_install']
[0.149s] Level 1:colcon.colcon_core.package_identification:_identify(src/moveo_moveit) by extension 'ignore'
[0.149s] Level 1:colcon.colcon_core.package_identification:_identify(src/moveo_moveit) by extension 'ignore_ament_install'
[0.149s] Level 1:colcon.colcon_core.package_identification:_identify(src/moveo_moveit) by extensions ['colcon_pkg']
[0.149s] Level 1:colcon.colcon_core.package_identification:_identify(src/moveo_moveit) by extension 'colcon_pkg'
[0.149s] Level 1:colcon.colcon_core.package_identification:_identify(src/moveo_moveit) by extensions ['colcon_meta']
[0.150s] Level 1:colcon.colcon_core.package_identification:_identify(src/moveo_moveit) by extension 'colcon_meta'
[0.150s] Level 1:colcon.colcon_core.package_identification:_identify(src/moveo_moveit) by extensions ['ros']
[0.150s] Level 1:colcon.colcon_core.package_identification:_identify(src/moveo_moveit) by extension 'ros'
[0.150s] DEBUG:colcon.colcon_core.package_identification:Package 'src/moveo_moveit' with type 'ros.ament_cmake' and name 'moveo_moveit'
[0.150s] Level 1:colcon.colcon_core.package_identification:_identify(src/moveo_moveit2) by extensions ['ignore', 'ignore_ament_install']
[0.150s] Level 1:colcon.colcon_core.package_identification:_identify(src/moveo_moveit2) by extension 'ignore'
[0.150s] Level 1:colcon.colcon_core.package_identification:_identify(src/moveo_moveit2) by extension 'ignore_ament_install'
[0.150s] Level 1:colcon.colcon_core.package_identification:_identify(src/moveo_moveit2) by extensions ['colcon_pkg']
[0.150s] Level 1:colcon.colcon_core.package_identification:_identify(src/moveo_moveit2) by extension 'colcon_pkg'
[0.151s] Level 1:colcon.colcon_core.package_identification:_identify(src/moveo_moveit2) by extensions ['colcon_meta']
[0.151s] Level 1:colcon.colcon_core.package_identification:_identify(src/moveo_moveit2) by extension 'colcon_meta'
[0.151s] Level 1:colcon.colcon_core.package_identification:_identify(src/moveo_moveit2) by extensions ['ros']
[0.151s] Level 1:colcon.colcon_core.package_identification:_identify(src/moveo_moveit2) by extension 'ros'
[0.151s] DEBUG:colcon.colcon_core.package_identification:Package 'src/moveo_moveit2' with type 'ros.ament_python' and name 'moveo_moveit2'
[0.151s] Level 1:colcon.colcon_core.package_identification:_identify(src/moveo_rviz) by extensions ['ignore', 'ignore_ament_install']
[0.151s] Level 1:colcon.colcon_core.package_identification:_identify(src/moveo_rviz) by extension 'ignore'
[0.151s] Level 1:colcon.colcon_core.package_identification:_identify(src/moveo_rviz) by extension 'ignore_ament_install'
[0.151s] Level 1:colcon.colcon_core.package_identification:_identify(src/moveo_rviz) by extensions ['colcon_pkg']
[0.151s] Level 1:colcon.colcon_core.package_identification:_identify(src/moveo_rviz) by extension 'colcon_pkg'
[0.151s] Level 1:colcon.colcon_core.package_identification:_identify(src/moveo_rviz) by extensions ['colcon_meta']
[0.151s] Level 1:colcon.colcon_core.package_identification:_identify(src/moveo_rviz) by extension 'colcon_meta'
[0.151s] Level 1:colcon.colcon_core.package_identification:_identify(src/moveo_rviz) by extensions ['ros']
[0.151s] Level 1:colcon.colcon_core.package_identification:_identify(src/moveo_rviz) by extension 'ros'
[0.152s] DEBUG:colcon.colcon_core.package_identification:Package 'src/moveo_rviz' with type 'ros.ament_python' and name 'moveo_rviz'
[0.152s] Level 1:colcon.colcon_core.package_discovery:discover_packages(recursive) using defaults
[0.152s] Level 1:colcon.colcon_core.package_discovery:discover_packages(ignore) discover
[0.152s] Level 1:colcon.colcon_core.package_discovery:discover_packages(ignore) using defaults
[0.152s] Level 1:colcon.colcon_core.package_discovery:discover_packages(path) discover
[0.152s] Level 1:colcon.colcon_core.package_discovery:discover_packages(path) using defaults
[0.169s] Level 1:colcon.colcon_core.package_discovery:discover_packages(prefix_path) check parameters
[0.169s] Level 1:colcon.colcon_core.package_discovery:discover_packages(prefix_path) discover
[0.170s] DEBUG:colcon.colcon_installed_package_information.package_discovery:Found 8 installed packages in /home/walkowiczf/MoveoUnity/MoveoROS2/install
[0.171s] DEBUG:colcon.colcon_installed_package_information.package_discovery:Found 1 installed packages in /home/walkowiczf/PycharmProjects/ROS2/install
[0.172s] DEBUG:colcon.colcon_installed_package_information.package_discovery:Found 455 installed packages in /opt/ros/humble
[0.173s] Level 1:colcon.colcon_core.package_discovery:discover_packages(prefix_path) using defaults
[0.221s] Level 5:colcon.colcon_core.verb:set package 'moveo_bringup' build argument 'cmake_args' from command line to 'None'
[0.221s] Level 5:colcon.colcon_core.verb:set package 'moveo_bringup' build argument 'cmake_target' from command line to 'None'
[0.221s] Level 5:colcon.colcon_core.verb:set package 'moveo_bringup' build argument 'cmake_target_skip_unavailable' from command line to 'False'
[0.221s] Level 5:colcon.colcon_core.verb:set package 'moveo_bringup' build argument 'cmake_clean_cache' from command line to 'False'
[0.221s] Level 5:colcon.colcon_core.verb:set package 'moveo_bringup' build argument 'cmake_clean_first' from command line to 'False'
[0.221s] Level 5:colcon.colcon_core.verb:set package 'moveo_bringup' build argument 'cmake_force_configure' from command line to 'False'
[0.221s] Level 5:colcon.colcon_core.verb:set package 'moveo_bringup' build argument 'ament_cmake_args' from command line to 'None'
[0.221s] Level 5:colcon.colcon_core.verb:set package 'moveo_bringup' build argument 'catkin_cmake_args' from command line to 'None'
[0.221s] Level 5:colcon.colcon_core.verb:set package 'moveo_bringup' build argument 'catkin_skip_building_tests' from command line to 'False'
[0.221s] DEBUG:colcon.colcon_core.verb:Building package 'moveo_bringup' with the following arguments: {'ament_cmake_args': None, 'build_base': '/home/walkowiczf/MoveoUnity/MoveoROS2/build/moveo_bringup', 'catkin_cmake_args': None, 'catkin_skip_building_tests': False, 'cmake_args': None, 'cmake_clean_cache': False, 'cmake_clean_first': False, 'cmake_force_configure': False, 'cmake_target': None, 'cmake_target_skip_unavailable': False, 'install_base': '/home/walkowiczf/MoveoUnity/MoveoROS2/install/moveo_bringup', 'merge_install': False, 'path': '/home/walkowiczf/MoveoUnity/MoveoROS2/src/moveo_bringup', 'symlink_install': True, 'test_result_base': None}
[0.221s] Level 5:colcon.colcon_core.verb:set package 'moveo_description' build argument 'cmake_args' from command line to 'None'
[0.221s] Level 5:colcon.colcon_core.verb:set package 'moveo_description' build argument 'cmake_target' from command line to 'None'
[0.221s] Level 5:colcon.colcon_core.verb:set package 'moveo_description' build argument 'cmake_target_skip_unavailable' from command line to 'False'
[0.221s] Level 5:colcon.colcon_core.verb:set package 'moveo_description' build argument 'cmake_clean_cache' from command line to 'False'
[0.221s] Level 5:colcon.colcon_core.verb:set package 'moveo_description' build argument 'cmake_clean_first' from command line to 'False'
[0.221s] Level 5:colcon.colcon_core.verb:set package 'moveo_description' build argument 'cmake_force_configure' from command line to 'False'
[0.221s] Level 5:colcon.colcon_core.verb:set package 'moveo_description' build argument 'ament_cmake_args' from command line to 'None'
[0.221s] Level 5:colcon.colcon_core.verb:set package 'moveo_description' build argument 'catkin_cmake_args' from command line to 'None'
[0.221s] Level 5:colcon.colcon_core.verb:set package 'moveo_description' build argument 'catkin_skip_building_tests' from command line to 'False'
[0.221s] DEBUG:colcon.colcon_core.verb:Building package 'moveo_description' with the following arguments: {'ament_cmake_args': None, 'build_base': '/home/walkowiczf/MoveoUnity/MoveoROS2/build/moveo_description', 'catkin_cmake_args': None, 'catkin_skip_building_tests': False, 'cmake_args': None, 'cmake_clean_cache': False, 'cmake_clean_first': False, 'cmake_force_configure': False, 'cmake_target': None, 'cmake_target_skip_unavailable': False, 'install_base': '/home/walkowiczf/MoveoUnity/MoveoROS2/install/moveo_description', 'merge_install': False, 'path': '/home/walkowiczf/MoveoUnity/MoveoROS2/src/moveo_description', 'symlink_install': True, 'test_result_base': None}
[0.222s] Level 5:colcon.colcon_core.verb:set package 'moveo_gazebo' build argument 'cmake_args' from command line to 'None'
[0.222s] Level 5:colcon.colcon_core.verb:set package 'moveo_gazebo' build argument 'cmake_target' from command line to 'None'
[0.222s] Level 5:colcon.colcon_core.verb:set package 'moveo_gazebo' build argument 'cmake_target_skip_unavailable' from command line to 'False'
[0.222s] Level 5:colcon.colcon_core.verb:set package 'moveo_gazebo' build argument 'cmake_clean_cache' from command line to 'False'
[0.222s] Level 5:colcon.colcon_core.verb:set package 'moveo_gazebo' build argument 'cmake_clean_first' from command line to 'False'
[0.222s] Level 5:colcon.colcon_core.verb:set package 'moveo_gazebo' build argument 'cmake_force_configure' from command line to 'False'
[0.222s] Level 5:colcon.colcon_core.verb:set package 'moveo_gazebo' build argument 'ament_cmake_args' from command line to 'None'
[0.222s] Level 5:colcon.colcon_core.verb:set package 'moveo_gazebo' build argument 'catkin_cmake_args' from command line to 'None'
[0.222s] Level 5:colcon.colcon_core.verb:set package 'moveo_gazebo' build argument 'catkin_skip_building_tests' from command line to 'False'
[0.222s] DEBUG:colcon.colcon_core.verb:Building package 'moveo_gazebo' with the following arguments: {'ament_cmake_args': None, 'build_base': '/home/walkowiczf/MoveoUnity/MoveoROS2/build/moveo_gazebo', 'catkin_cmake_args': None, 'catkin_skip_building_tests': False, 'cmake_args': None, 'cmake_clean_cache': False, 'cmake_clean_first': False, 'cmake_force_configure': False, 'cmake_target': None, 'cmake_target_skip_unavailable': False, 'install_base': '/home/walkowiczf/MoveoUnity/MoveoROS2/install/moveo_gazebo', 'merge_install': False, 'path': '/home/walkowiczf/MoveoUnity/MoveoROS2/src/moveo_gazebo', 'symlink_install': True, 'test_result_base': None}
[0.222s] Level 5:colcon.colcon_core.verb:set package 'moveo_interfaces' build argument 'cmake_args' from command line to 'None'
[0.222s] Level 5:colcon.colcon_core.verb:set package 'moveo_interfaces' build argument 'cmake_target' from command line to 'None'
[0.222s] Level 5:colcon.colcon_core.verb:set package 'moveo_interfaces' build argument 'cmake_target_skip_unavailable' from command line to 'False'
[0.222s] Level 5:colcon.colcon_core.verb:set package 'moveo_interfaces' build argument 'cmake_clean_cache' from command line to 'False'
[0.222s] Level 5:colcon.colcon_core.verb:set package 'moveo_interfaces' build argument 'cmake_clean_first' from command line to 'False'
[0.222s] Level 5:colcon.colcon_core.verb:set package 'moveo_interfaces' build argument 'cmake_force_configure' from command line to 'False'
[0.222s] Level 5:colcon.colcon_core.verb:set package 'moveo_interfaces' build argument 'ament_cmake_args' from command line to 'None'
[0.222s] Level 5:colcon.colcon_core.verb:set package 'moveo_interfaces' build argument 'catkin_cmake_args' from command line to 'None'
[0.222s] Level 5:colcon.colcon_core.verb:set package 'moveo_interfaces' build argument 'catkin_skip_building_tests' from command line to 'False'
[0.222s] DEBUG:colcon.colcon_core.verb:Building package 'moveo_interfaces' with the following arguments: {'ament_cmake_args': None, 'build_base': '/home/walkowiczf/MoveoUnity/MoveoROS2/build/moveo_interfaces', 'catkin_cmake_args': None, 'catkin_skip_building_tests': False, 'cmake_args': None, 'cmake_clean_cache': False, 'cmake_clean_first': False, 'cmake_force_configure': False, 'cmake_target': None, 'cmake_target_skip_unavailable': False, 'install_base': '/home/walkowiczf/MoveoUnity/MoveoROS2/install/moveo_interfaces', 'merge_install': False, 'path': '/home/walkowiczf/MoveoUnity/MoveoROS2/src/moveo_interfaces', 'symlink_install': True, 'test_result_base': None}
[0.223s] Level 5:colcon.colcon_core.verb:set package 'moveo_moveit2' build argument 'cmake_args' from command line to 'None'
[0.223s] Level 5:colcon.colcon_core.verb:set package 'moveo_moveit2' build argument 'cmake_target' from command line to 'None'
[0.223s] Level 5:colcon.colcon_core.verb:set package 'moveo_moveit2' build argument 'cmake_target_skip_unavailable' from command line to 'False'
[0.223s] Level 5:colcon.colcon_core.verb:set package 'moveo_moveit2' build argument 'cmake_clean_cache' from command line to 'False'
[0.223s] Level 5:colcon.colcon_core.verb:set package 'moveo_moveit2' build argument 'cmake_clean_first' from command line to 'False'
[0.223s] Level 5:colcon.colcon_core.verb:set package 'moveo_moveit2' build argument 'cmake_force_configure' from command line to 'False'
[0.223s] Level 5:colcon.colcon_core.verb:set package 'moveo_moveit2' build argument 'ament_cmake_args' from command line to 'None'
[0.223s] Level 5:colcon.colcon_core.verb:set package 'moveo_moveit2' build argument 'catkin_cmake_args' from command line to 'None'
[0.223s] Level 5:colcon.colcon_core.verb:set package 'moveo_moveit2' build argument 'catkin_skip_building_tests' from command line to 'False'
[0.223s] DEBUG:colcon.colcon_core.verb:Building package 'moveo_moveit2' with the following arguments: {'ament_cmake_args': None, 'build_base': '/home/walkowiczf/MoveoUnity/MoveoROS2/build/moveo_moveit2', 'catkin_cmake_args': None, 'catkin_skip_building_tests': False, 'cmake_args': None, 'cmake_clean_cache': False, 'cmake_clean_first': False, 'cmake_force_configure': False, 'cmake_target': None, 'cmake_target_skip_unavailable': False, 'install_base': '/home/walkowiczf/MoveoUnity/MoveoROS2/install/moveo_moveit2', 'merge_install': False, 'path': '/home/walkowiczf/MoveoUnity/MoveoROS2/src/moveo_moveit2', 'symlink_install': True, 'test_result_base': None}
[0.223s] Level 5:colcon.colcon_core.verb:set package 'moveo_rviz' build argument 'cmake_args' from command line to 'None'
[0.223s] Level 5:colcon.colcon_core.verb:set package 'moveo_rviz' build argument 'cmake_target' from command line to 'None'
[0.223s] Level 5:colcon.colcon_core.verb:set package 'moveo_rviz' build argument 'cmake_target_skip_unavailable' from command line to 'False'
[0.223s] Level 5:colcon.colcon_core.verb:set package 'moveo_rviz' build argument 'cmake_clean_cache' from command line to 'False'
[0.223s] Level 5:colcon.colcon_core.verb:set package 'moveo_rviz' build argument 'cmake_clean_first' from command line to 'False'
[0.223s] Level 5:colcon.colcon_core.verb:set package 'moveo_rviz' build argument 'cmake_force_configure' from command line to 'False'
[0.223s] Level 5:colcon.colcon_core.verb:set package 'moveo_rviz' build argument 'ament_cmake_args' from command line to 'None'
[0.223s] Level 5:colcon.colcon_core.verb:set package 'moveo_rviz' build argument 'catkin_cmake_args' from command line to 'None'
[0.223s] Level 5:colcon.colcon_core.verb:set package 'moveo_rviz' build argument 'catkin_skip_building_tests' from command line to 'False'
[0.223s] DEBUG:colcon.colcon_core.verb:Building package 'moveo_rviz' with the following arguments: {'ament_cmake_args': None, 'build_base': '/home/walkowiczf/MoveoUnity/MoveoROS2/build/moveo_rviz', 'catkin_cmake_args': None, 'catkin_skip_building_tests': False, 'cmake_args': None, 'cmake_clean_cache': False, 'cmake_clean_first': False, 'cmake_force_configure': False, 'cmake_target': None, 'cmake_target_skip_unavailable': False, 'install_base': '/home/walkowiczf/MoveoUnity/MoveoROS2/install/moveo_rviz', 'merge_install': False, 'path': '/home/walkowiczf/MoveoUnity/MoveoROS2/src/moveo_rviz', 'symlink_install': True, 'test_result_base': None}
[0.223s] Level 5:colcon.colcon_core.verb:set package 'ros_tcp_endpoint' build argument 'cmake_args' from command line to 'None'
[0.223s] Level 5:colcon.colcon_core.verb:set package 'ros_tcp_endpoint' build argument 'cmake_target' from command line to 'None'
[0.223s] Level 5:colcon.colcon_core.verb:set package 'ros_tcp_endpoint' build argument 'cmake_target_skip_unavailable' from command line to 'False'
[0.223s] Level 5:colcon.colcon_core.verb:set package 'ros_tcp_endpoint' build argument 'cmake_clean_cache' from command line to 'False'
[0.224s] Level 5:colcon.colcon_core.verb:set package 'ros_tcp_endpoint' build argument 'cmake_clean_first' from command line to 'False'
[0.224s] Level 5:colcon.colcon_core.verb:set package 'ros_tcp_endpoint' build argument 'cmake_force_configure' from command line to 'False'
[0.224s] Level 5:colcon.colcon_core.verb:set package 'ros_tcp_endpoint' build argument 'ament_cmake_args' from command line to 'None'
[0.224s] Level 5:colcon.colcon_core.verb:set package 'ros_tcp_endpoint' build argument 'catkin_cmake_args' from command line to 'None'
[0.224s] Level 5:colcon.colcon_core.verb:set package 'ros_tcp_endpoint' build argument 'catkin_skip_building_tests' from command line to 'False'
[0.224s] DEBUG:colcon.colcon_core.verb:Building package 'ros_tcp_endpoint' with the following arguments: {'ament_cmake_args': None, 'build_base': '/home/walkowiczf/MoveoUnity/MoveoROS2/build/ros_tcp_endpoint', 'catkin_cmake_args': None, 'catkin_skip_building_tests': False, 'cmake_args': None, 'cmake_clean_cache': False, 'cmake_clean_first': False, 'cmake_force_configure': False, 'cmake_target': None, 'cmake_target_skip_unavailable': False, 'install_base': '/home/walkowiczf/MoveoUnity/MoveoROS2/install/ros_tcp_endpoint', 'merge_install': False, 'path': '/home/walkowiczf/MoveoUnity/MoveoROS2/src/ROS-TCP-Endpoint-main-ros2', 'symlink_install': True, 'test_result_base': None}
[0.224s] Level 5:colcon.colcon_core.verb:set package 'moveo_moveit' build argument 'cmake_args' from command line to 'None'
[0.224s] Level 5:colcon.colcon_core.verb:set package 'moveo_moveit' build argument 'cmake_target' from command line to 'None'
[0.224s] Level 5:colcon.colcon_core.verb:set package 'moveo_moveit' build argument 'cmake_target_skip_unavailable' from command line to 'False'
[0.224s] Level 5:colcon.colcon_core.verb:set package 'moveo_moveit' build argument 'cmake_clean_cache' from command line to 'False'
[0.224s] Level 5:colcon.colcon_core.verb:set package 'moveo_moveit' build argument 'cmake_clean_first' from command line to 'False'
[0.224s] Level 5:colcon.colcon_core.verb:set package 'moveo_moveit' build argument 'cmake_force_configure' from command line to 'False'
[0.224s] Level 5:colcon.colcon_core.verb:set package 'moveo_moveit' build argument 'ament_cmake_args' from command line to 'None'
[0.224s] Level 5:colcon.colcon_core.verb:set package 'moveo_moveit' build argument 'catkin_cmake_args' from command line to 'None'
[0.224s] Level 5:colcon.colcon_core.verb:set package 'moveo_moveit' build argument 'catkin_skip_building_tests' from command line to 'False'
[0.224s] DEBUG:colcon.colcon_core.verb:Building package 'moveo_moveit' with the following arguments: {'ament_cmake_args': None, 'build_base': '/home/walkowiczf/MoveoUnity/MoveoROS2/build/moveo_moveit', 'catkin_cmake_args': None, 'catkin_skip_building_tests': False, 'cmake_args': None, 'cmake_clean_cache': False, 'cmake_clean_first': False, 'cmake_force_configure': False, 'cmake_target': None, 'cmake_target_skip_unavailable': False, 'install_base': '/home/walkowiczf/MoveoUnity/MoveoROS2/install/moveo_moveit', 'merge_install': False, 'path': '/home/walkowiczf/MoveoUnity/MoveoROS2/src/moveo_moveit', 'symlink_install': True, 'test_result_base': None}
[0.224s] INFO:colcon.colcon_core.executor:Executing jobs using 'parallel' executor
[0.225s] DEBUG:colcon.colcon_parallel_executor.executor.parallel:run_until_complete
[0.225s] INFO:colcon.colcon_ros.task.ament_python.build:Building ROS package in '/home/walkowiczf/MoveoUnity/MoveoROS2/src/moveo_description' with build type 'ament_python'
[0.225s] Level 1:colcon.colcon_core.shell:create_environment_hook('moveo_description', 'ament_prefix_path')
[0.228s] INFO:colcon.colcon_core.plugin_system:Skipping extension 'colcon_core.shell.bat': Not used on non-Windows systems
[0.228s] INFO:colcon.colcon_core.shell:Creating environment hook '/home/walkowiczf/MoveoUnity/MoveoROS2/install/moveo_description/share/moveo_description/hook/ament_prefix_path.ps1'
[0.228s] INFO:colcon.colcon_core.shell:Creating environment descriptor '/home/walkowiczf/MoveoUnity/MoveoROS2/install/moveo_description/share/moveo_description/hook/ament_prefix_path.dsv'
[0.229s] INFO:colcon.colcon_core.shell:Creating environment hook '/home/walkowiczf/MoveoUnity/MoveoROS2/install/moveo_description/share/moveo_description/hook/ament_prefix_path.sh'
[0.229s] INFO:colcon.colcon_core.shell:Skip shell extension 'powershell' for command environment: Not usable outside of PowerShell
[0.229s] DEBUG:colcon.colcon_core.shell:Skip shell extension 'dsv' for command environment
[0.233s] INFO:colcon.colcon_ros.task.ament_python.build:Building ROS package in '/home/walkowiczf/MoveoUnity/MoveoROS2/src/moveo_bringup' with build type 'ament_python'
[0.233s] Level 1:colcon.colcon_core.shell:create_environment_hook('moveo_bringup', 'ament_prefix_path')
[0.234s] INFO:colcon.colcon_core.shell:Creating environment hook '/home/walkowiczf/MoveoUnity/MoveoROS2/install/moveo_bringup/share/moveo_bringup/hook/ament_prefix_path.ps1'
[0.234s] INFO:colcon.colcon_core.shell:Creating environment descriptor '/home/walkowiczf/MoveoUnity/MoveoROS2/install/moveo_bringup/share/moveo_bringup/hook/ament_prefix_path.dsv'
[0.235s] INFO:colcon.colcon_core.shell:Creating environment hook '/home/walkowiczf/MoveoUnity/MoveoROS2/install/moveo_bringup/share/moveo_bringup/hook/ament_prefix_path.sh'
[0.235s] INFO:colcon.colcon_core.shell:Skip shell extension 'powershell' for command environment: Not usable outside of PowerShell
[0.235s] DEBUG:colcon.colcon_core.shell:Skip shell extension 'dsv' for command environment
[0.238s] INFO:colcon.colcon_ros.task.ament_python.build:Building ROS package in '/home/walkowiczf/MoveoUnity/MoveoROS2/src/moveo_gazebo' with build type 'ament_python'
[0.238s] Level 1:colcon.colcon_core.shell:create_environment_hook('moveo_gazebo', 'ament_prefix_path')
[0.239s] INFO:colcon.colcon_core.shell:Creating environment hook '/home/walkowiczf/MoveoUnity/MoveoROS2/install/moveo_gazebo/share/moveo_gazebo/hook/ament_prefix_path.ps1'
[0.239s] INFO:colcon.colcon_core.shell:Creating environment descriptor '/home/walkowiczf/MoveoUnity/MoveoROS2/install/moveo_gazebo/share/moveo_gazebo/hook/ament_prefix_path.dsv'
[0.240s] INFO:colcon.colcon_core.shell:Creating environment hook '/home/walkowiczf/MoveoUnity/MoveoROS2/install/moveo_gazebo/share/moveo_gazebo/hook/ament_prefix_path.sh'
[0.240s] INFO:colcon.colcon_core.shell:Skip shell extension 'powershell' for command environment: Not usable outside of PowerShell
[0.240s] DEBUG:colcon.colcon_core.shell:Skip shell extension 'dsv' for command environment
[0.243s] INFO:colcon.colcon_ros.task.ament_python.build:Building ROS package in '/home/walkowiczf/MoveoUnity/MoveoROS2/src/moveo_interfaces' with build type 'ament_python'
[0.243s] Level 1:colcon.colcon_core.shell:create_environment_hook('moveo_interfaces', 'ament_prefix_path')
[0.243s] INFO:colcon.colcon_core.shell:Creating environment hook '/home/walkowiczf/MoveoUnity/MoveoROS2/install/moveo_interfaces/share/moveo_interfaces/hook/ament_prefix_path.ps1'
[0.244s] INFO:colcon.colcon_core.shell:Creating environment descriptor '/home/walkowiczf/MoveoUnity/MoveoROS2/install/moveo_interfaces/share/moveo_interfaces/hook/ament_prefix_path.dsv'
[0.244s] INFO:colcon.colcon_core.shell:Creating environment hook '/home/walkowiczf/MoveoUnity/MoveoROS2/install/moveo_interfaces/share/moveo_interfaces/hook/ament_prefix_path.sh'
[0.245s] INFO:colcon.colcon_core.shell:Skip shell extension 'powershell' for command environment: Not usable outside of PowerShell
[0.245s] DEBUG:colcon.colcon_core.shell:Skip shell extension 'dsv' for command environment
[0.248s] INFO:colcon.colcon_ros.task.ament_python.build:Building ROS package in '/home/walkowiczf/MoveoUnity/MoveoROS2/src/moveo_moveit2' with build type 'ament_python'
[0.248s] Level 1:colcon.colcon_core.shell:create_environment_hook('moveo_moveit2', 'ament_prefix_path')
[0.248s] INFO:colcon.colcon_core.shell:Creating environment hook '/home/walkowiczf/MoveoUnity/MoveoROS2/install/moveo_moveit2/share/moveo_moveit2/hook/ament_prefix_path.ps1'
[0.249s] INFO:colcon.colcon_core.shell:Creating environment descriptor '/home/walkowiczf/MoveoUnity/MoveoROS2/install/moveo_moveit2/share/moveo_moveit2/hook/ament_prefix_path.dsv'
[0.249s] INFO:colcon.colcon_core.shell:Creating environment hook '/home/walkowiczf/MoveoUnity/MoveoROS2/install/moveo_moveit2/share/moveo_moveit2/hook/ament_prefix_path.sh'
[0.250s] INFO:colcon.colcon_core.shell:Skip shell extension 'powershell' for command environment: Not usable outside of PowerShell
[0.250s] DEBUG:colcon.colcon_core.shell:Skip shell extension 'dsv' for command environment
[0.252s] INFO:colcon.colcon_ros.task.ament_python.build:Building ROS package in '/home/walkowiczf/MoveoUnity/MoveoROS2/src/moveo_rviz' with build type 'ament_python'
[0.253s] Level 1:colcon.colcon_core.shell:create_environment_hook('moveo_rviz', 'ament_prefix_path')
[0.253s] INFO:colcon.colcon_core.shell:Creating environment hook '/home/walkowiczf/MoveoUnity/MoveoROS2/install/moveo_rviz/share/moveo_rviz/hook/ament_prefix_path.ps1'
[0.253s] INFO:colcon.colcon_core.shell:Creating environment descriptor '/home/walkowiczf/MoveoUnity/MoveoROS2/install/moveo_rviz/share/moveo_rviz/hook/ament_prefix_path.dsv'
[0.254s] INFO:colcon.colcon_core.shell:Creating environment hook '/home/walkowiczf/MoveoUnity/MoveoROS2/install/moveo_rviz/share/moveo_rviz/hook/ament_prefix_path.sh'
[0.254s] INFO:colcon.colcon_core.shell:Skip shell extension 'powershell' for command environment: Not usable outside of PowerShell
[0.254s] DEBUG:colcon.colcon_core.shell:Skip shell extension 'dsv' for command environment
[0.258s] INFO:colcon.colcon_ros.task.ament_python.build:Building ROS package in '/home/walkowiczf/MoveoUnity/MoveoROS2/src/ROS-TCP-Endpoint-main-ros2' with build type 'ament_python'
[0.259s] Level 1:colcon.colcon_core.shell:create_environment_hook('ros_tcp_endpoint', 'ament_prefix_path')
[0.259s] INFO:colcon.colcon_core.shell:Creating environment hook '/home/walkowiczf/MoveoUnity/MoveoROS2/install/ros_tcp_endpoint/share/ros_tcp_endpoint/hook/ament_prefix_path.ps1'
[0.259s] INFO:colcon.colcon_core.shell:Creating environment descriptor '/home/walkowiczf/MoveoUnity/MoveoROS2/install/ros_tcp_endpoint/share/ros_tcp_endpoint/hook/ament_prefix_path.dsv'
[0.260s] INFO:colcon.colcon_core.shell:Creating environment hook '/home/walkowiczf/MoveoUnity/MoveoROS2/install/ros_tcp_endpoint/share/ros_tcp_endpoint/hook/ament_prefix_path.sh'
[0.260s] INFO:colcon.colcon_core.shell:Skip shell extension 'powershell' for command environment: Not usable outside of PowerShell
[0.260s] DEBUG:colcon.colcon_core.shell:Skip shell extension 'dsv' for command environment
[0.441s] INFO:colcon.colcon_core.task.python.build:Building Python package in '/home/walkowiczf/MoveoUnity/MoveoROS2/src/moveo_description'
[0.442s] INFO:colcon.colcon_core.shell:Skip shell extension 'powershell' for command environment: Not usable outside of PowerShell
[0.442s] DEBUG:colcon.colcon_core.shell:Skip shell extension 'dsv' for command environment
[0.627s] INFO:colcon.colcon_core.task.python.build:Building Python package in '/home/walkowiczf/MoveoUnity/MoveoROS2/src/moveo_bringup'
[0.627s] INFO:colcon.colcon_core.shell:Skip shell extension 'powershell' for command environment: Not usable outside of PowerShell
[0.628s] DEBUG:colcon.colcon_core.shell:Skip shell extension 'dsv' for command environment
[0.831s] INFO:colcon.colcon_core.task.python.build:Building Python package in '/home/walkowiczf/MoveoUnity/MoveoROS2/src/moveo_gazebo'
[0.832s] INFO:colcon.colcon_core.shell:Skip shell extension 'powershell' for command environment: Not usable outside of PowerShell
[0.832s] DEBUG:colcon.colcon_core.shell:Skip shell extension 'dsv' for command environment
[1.028s] INFO:colcon.colcon_core.task.python.build:Building Python package in '/home/walkowiczf/MoveoUnity/MoveoROS2/src/moveo_interfaces'
[1.028s] INFO:colcon.colcon_core.shell:Skip shell extension 'powershell' for command environment: Not usable outside of PowerShell
[1.028s] DEBUG:colcon.colcon_core.shell:Skip shell extension 'dsv' for command environment
[1.342s] INFO:colcon.colcon_core.task.python.build:Building Python package in '/home/walkowiczf/MoveoUnity/MoveoROS2/src/moveo_moveit2'
[1.342s] INFO:colcon.colcon_core.shell:Skip shell extension 'powershell' for command environment: Not usable outside of PowerShell
[1.342s] DEBUG:colcon.colcon_core.shell:Skip shell extension 'dsv' for command environment
[1.699s] INFO:colcon.colcon_core.task.python.build:Building Python package in '/home/walkowiczf/MoveoUnity/MoveoROS2/src/moveo_rviz'
[1.700s] INFO:colcon.colcon_core.shell:Skip shell extension 'powershell' for command environment: Not usable outside of PowerShell
[1.700s] DEBUG:colcon.colcon_core.shell:Skip shell extension 'dsv' for command environment
[2.188s] INFO:colcon.colcon_core.task.python.build:Building Python package in '/home/walkowiczf/MoveoUnity/MoveoROS2/src/ROS-TCP-Endpoint-main-ros2'
[2.189s] INFO:colcon.colcon_core.shell:Skip shell extension 'powershell' for command environment: Not usable outside of PowerShell
[2.189s] DEBUG:colcon.colcon_core.shell:Skip shell extension 'dsv' for command environment
[6.637s] DEBUG:colcon.colcon_core.event_handler.log_command:Invoking command in '/home/walkowiczf/MoveoUnity/MoveoROS2/build/moveo_moveit2': BYOBU_DATE=%Y-%m-%d PYTHONPATH=/home/walkowiczf/MoveoUnity/MoveoROS2/build/moveo_moveit2/prefix_override:/usr/lib/python3/dist-packages/colcon_core/task/python/colcon_distutils_commands:/home/walkowiczf/MoveoUnity/MoveoROS2/install/moveo_moveit2/lib/python3.10/site-packages:${PYTHONPATH} /usr/bin/python3 -W ignore:setup.py install is deprecated -W ignore:easy_install command is deprecated setup.py develop --editable --build-directory /home/walkowiczf/MoveoUnity/MoveoROS2/build/moveo_moveit2/build --no-deps symlink_data
[6.717s] DEBUG:colcon.colcon_core.event_handler.log_command:Invoking command in '/home/walkowiczf/MoveoUnity/MoveoROS2/build/moveo_interfaces': BYOBU_DATE=%Y-%m-%d PYTHONPATH=/home/walkowiczf/MoveoUnity/MoveoROS2/build/moveo_interfaces/prefix_override:/usr/lib/python3/dist-packages/colcon_core/task/python/colcon_distutils_commands:/home/walkowiczf/MoveoUnity/MoveoROS2/install/moveo_interfaces/lib/python3.10/site-packages:${PYTHONPATH} /usr/bin/python3 -W ignore:setup.py install is deprecated -W ignore:easy_install command is deprecated setup.py develop --editable --build-directory /home/walkowiczf/MoveoUnity/MoveoROS2/build/moveo_interfaces/build --no-deps symlink_data
[6.897s] DEBUG:colcon.colcon_core.event_handler.log_command:Invoking command in '/home/walkowiczf/MoveoUnity/MoveoROS2/build/moveo_description': BYOBU_DATE=%Y-%m-%d PYTHONPATH=/home/walkowiczf/MoveoUnity/MoveoROS2/build/moveo_description/prefix_override:/usr/lib/python3/dist-packages/colcon_core/task/python/colcon_distutils_commands:/home/walkowiczf/MoveoUnity/MoveoROS2/install/moveo_description/lib/python3.10/site-packages:${PYTHONPATH} /usr/bin/python3 -W ignore:setup.py install is deprecated -W ignore:easy_install command is deprecated setup.py develop --editable --build-directory /home/walkowiczf/MoveoUnity/MoveoROS2/build/moveo_description/build --no-deps symlink_data
[6.981s] DEBUG:colcon.colcon_core.event_handler.log_command:Invoking command in '/home/walkowiczf/MoveoUnity/MoveoROS2/build/moveo_rviz': BYOBU_DATE=%Y-%m-%d PYTHONPATH=/home/walkowiczf/MoveoUnity/MoveoROS2/build/moveo_rviz/prefix_override:/usr/lib/python3/dist-packages/colcon_core/task/python/colcon_distutils_commands:/home/walkowiczf/MoveoUnity/MoveoROS2/install/moveo_rviz/lib/python3.10/site-packages:${PYTHONPATH} /usr/bin/python3 -W ignore:setup.py install is deprecated -W ignore:easy_install command is deprecated setup.py develop --editable --build-directory /home/walkowiczf/MoveoUnity/MoveoROS2/build/moveo_rviz/build --no-deps symlink_data
[7.078s] DEBUG:colcon.colcon_core.event_handler.log_command:Invoking command in '/home/walkowiczf/MoveoUnity/MoveoROS2/build/ros_tcp_endpoint': BYOBU_DATE=%Y-%m-%d PYTHONPATH=/home/walkowiczf/MoveoUnity/MoveoROS2/build/ros_tcp_endpoint/prefix_override:/usr/lib/python3/dist-packages/colcon_core/task/python/colcon_distutils_commands:/home/walkowiczf/MoveoUnity/MoveoROS2/install/ros_tcp_endpoint/lib/python3.10/site-packages:${PYTHONPATH} /usr/bin/python3 -W ignore:setup.py install is deprecated -W ignore:easy_install command is deprecated setup.py develop --editable --build-directory /home/walkowiczf/MoveoUnity/MoveoROS2/build/ros_tcp_endpoint/build --no-deps symlink_data
[7.238s] DEBUG:colcon.colcon_core.event_handler.log_command:Invoking command in '/home/walkowiczf/MoveoUnity/MoveoROS2/build/moveo_gazebo': BYOBU_DATE=%Y-%m-%d PYTHONPATH=/home/walkowiczf/MoveoUnity/MoveoROS2/build/moveo_gazebo/prefix_override:/usr/lib/python3/dist-packages/colcon_core/task/python/colcon_distutils_commands:/home/walkowiczf/MoveoUnity/MoveoROS2/install/moveo_gazebo/lib/python3.10/site-packages:${PYTHONPATH} /usr/bin/python3 -W ignore:setup.py install is deprecated -W ignore:easy_install command is deprecated setup.py develop --editable --build-directory /home/walkowiczf/MoveoUnity/MoveoROS2/build/moveo_gazebo/build --no-deps symlink_data
[7.616s] DEBUG:colcon.colcon_core.event_handler.log_command:Invoking command in '/home/walkowiczf/MoveoUnity/MoveoROS2/build/moveo_bringup': BYOBU_DATE=%Y-%m-%d PYTHONPATH=/home/walkowiczf/MoveoUnity/MoveoROS2/build/moveo_bringup/prefix_override:/usr/lib/python3/dist-packages/colcon_core/task/python/colcon_distutils_commands:/home/walkowiczf/MoveoUnity/MoveoROS2/install/moveo_bringup/lib/python3.10/site-packages:${PYTHONPATH} /usr/bin/python3 -W ignore:setup.py install is deprecated -W ignore:easy_install command is deprecated setup.py develop --editable --build-directory /home/walkowiczf/MoveoUnity/MoveoROS2/build/moveo_bringup/build --no-deps symlink_data
[8.499s] Level 1:colcon.colcon_core.shell:create_environment_hook('moveo_interfaces', 'pythonpath_develop')
[8.500s] INFO:colcon.colcon_core.shell:Creating environment hook '/home/walkowiczf/MoveoUnity/MoveoROS2/build/moveo_interfaces/share/moveo_interfaces/hook/pythonpath_develop.ps1'
[8.501s] INFO:colcon.colcon_core.shell:Creating environment descriptor '/home/walkowiczf/MoveoUnity/MoveoROS2/build/moveo_interfaces/share/moveo_interfaces/hook/pythonpath_develop.dsv'
[8.505s] DEBUG:colcon.colcon_core.event_handler.log_command:Invoked command in '/home/walkowiczf/MoveoUnity/MoveoROS2/build/moveo_interfaces' returned '0': BYOBU_DATE=%Y-%m-%d PYTHONPATH=/home/walkowiczf/MoveoUnity/MoveoROS2/build/moveo_interfaces/prefix_override:/usr/lib/python3/dist-packages/colcon_core/task/python/colcon_distutils_commands:/home/walkowiczf/MoveoUnity/MoveoROS2/install/moveo_interfaces/lib/python3.10/site-packages:${PYTHONPATH} /usr/bin/python3 -W ignore:setup.py install is deprecated -W ignore:easy_install command is deprecated setup.py develop --editable --build-directory /home/walkowiczf/MoveoUnity/MoveoROS2/build/moveo_interfaces/build --no-deps symlink_data
[8.505s] INFO:colcon.colcon_core.shell:Creating environment hook '/home/walkowiczf/MoveoUnity/MoveoROS2/build/moveo_interfaces/share/moveo_interfaces/hook/pythonpath_develop.sh'
[8.513s] Level 1:colcon.colcon_core.environment:checking '/home/walkowiczf/MoveoUnity/MoveoROS2/install/moveo_interfaces' for CMake module files
[8.514s] Level 1:colcon.colcon_core.environment:checking '/home/walkowiczf/MoveoUnity/MoveoROS2/install/moveo_interfaces' for CMake config files
[8.516s] Level 1:colcon.colcon_core.environment:checking '/home/walkowiczf/MoveoUnity/MoveoROS2/install/moveo_interfaces/lib'
[8.516s] Level 1:colcon.colcon_core.environment:checking '/home/walkowiczf/MoveoUnity/MoveoROS2/install/moveo_interfaces/bin'
[8.516s] Level 1:colcon.colcon_core.environment:checking '/home/walkowiczf/MoveoUnity/MoveoROS2/install/moveo_interfaces/lib/pkgconfig/moveo_interfaces.pc'
[8.517s] Level 1:colcon.colcon_core.environment:checking '/home/walkowiczf/MoveoUnity/MoveoROS2/install/moveo_interfaces/lib/python3.10/site-packages'
[8.517s] Level 1:colcon.colcon_core.shell:create_environment_hook('moveo_interfaces', 'pythonpath')
[8.518s] INFO:colcon.colcon_core.shell:Creating environment hook '/home/walkowiczf/MoveoUnity/MoveoROS2/install/moveo_interfaces/share/moveo_interfaces/hook/pythonpath.ps1'
[8.519s] INFO:colcon.colcon_core.shell:Creating environment descriptor '/home/walkowiczf/MoveoUnity/MoveoROS2/install/moveo_interfaces/share/moveo_interfaces/hook/pythonpath.dsv'
[8.521s] INFO:colcon.colcon_core.shell:Creating environment hook '/home/walkowiczf/MoveoUnity/MoveoROS2/install/moveo_interfaces/share/moveo_interfaces/hook/pythonpath.sh'
[8.522s] Level 1:colcon.colcon_core.environment:checking '/home/walkowiczf/MoveoUnity/MoveoROS2/install/moveo_interfaces/bin'
[8.522s] Level 1:colcon.colcon_core.environment:create_environment_scripts_only(moveo_interfaces)
[8.523s] INFO:colcon.colcon_core.shell:Creating package script '/home/walkowiczf/MoveoUnity/MoveoROS2/install/moveo_interfaces/share/moveo_interfaces/package.ps1'
[8.525s] INFO:colcon.colcon_core.shell:Creating package descriptor '/home/walkowiczf/MoveoUnity/MoveoROS2/install/moveo_interfaces/share/moveo_interfaces/package.dsv'
[8.526s] INFO:colcon.colcon_core.shell:Creating package script '/home/walkowiczf/MoveoUnity/MoveoROS2/install/moveo_interfaces/share/moveo_interfaces/package.sh'
[8.528s] INFO:colcon.colcon_core.shell:Creating package script '/home/walkowiczf/MoveoUnity/MoveoROS2/install/moveo_interfaces/share/moveo_interfaces/package.bash'
[8.529s] INFO:colcon.colcon_core.shell:Creating package script '/home/walkowiczf/MoveoUnity/MoveoROS2/install/moveo_interfaces/share/moveo_interfaces/package.zsh'
[8.531s] Level 1:colcon.colcon_core.environment:create_file_with_runtime_dependencies(/home/walkowiczf/MoveoUnity/MoveoROS2/install/moveo_interfaces/share/colcon-core/packages/moveo_interfaces)
[8.534s] Level 1:colcon.colcon_core.shell:create_environment_hook('moveo_moveit2', 'pythonpath_develop')
[8.535s] INFO:colcon.colcon_core.shell:Creating environment hook '/home/walkowiczf/MoveoUnity/MoveoROS2/build/moveo_moveit2/share/moveo_moveit2/hook/pythonpath_develop.ps1'
[8.536s] DEBUG:colcon.colcon_core.event_handler.log_command:Invoked command in '/home/walkowiczf/MoveoUnity/MoveoROS2/build/moveo_moveit2' returned '0': BYOBU_DATE=%Y-%m-%d PYTHONPATH=/home/walkowiczf/MoveoUnity/MoveoROS2/build/moveo_moveit2/prefix_override:/usr/lib/python3/dist-packages/colcon_core/task/python/colcon_distutils_commands:/home/walkowiczf/MoveoUnity/MoveoROS2/install/moveo_moveit2/lib/python3.10/site-packages:${PYTHONPATH} /usr/bin/python3 -W ignore:setup.py install is deprecated -W ignore:easy_install command is deprecated setup.py develop --editable --build-directory /home/walkowiczf/MoveoUnity/MoveoROS2/build/moveo_moveit2/build --no-deps symlink_data
[8.537s] INFO:colcon.colcon_core.shell:Creating environment descriptor '/home/walkowiczf/MoveoUnity/MoveoROS2/build/moveo_moveit2/share/moveo_moveit2/hook/pythonpath_develop.dsv'
[8.538s] INFO:colcon.colcon_core.shell:Creating environment hook '/home/walkowiczf/MoveoUnity/MoveoROS2/build/moveo_moveit2/share/moveo_moveit2/hook/pythonpath_develop.sh'
[8.540s] Level 1:colcon.colcon_core.environment:checking '/home/walkowiczf/MoveoUnity/MoveoROS2/install/moveo_moveit2' for CMake module files
[8.541s] Level 1:colcon.colcon_core.environment:checking '/home/walkowiczf/MoveoUnity/MoveoROS2/install/moveo_moveit2' for CMake config files
[8.542s] Level 1:colcon.colcon_core.environment:checking '/home/walkowiczf/MoveoUnity/MoveoROS2/install/moveo_moveit2/lib'
[8.543s] Level 1:colcon.colcon_core.environment:checking '/home/walkowiczf/MoveoUnity/MoveoROS2/install/moveo_moveit2/bin'
[8.543s] Level 1:colcon.colcon_core.environment:checking '/home/walkowiczf/MoveoUnity/MoveoROS2/install/moveo_moveit2/lib/pkgconfig/moveo_moveit2.pc'
[8.544s] Level 1:colcon.colcon_core.environment:checking '/home/walkowiczf/MoveoUnity/MoveoROS2/install/moveo_moveit2/lib/python3.10/site-packages'
[8.544s] Level 1:colcon.colcon_core.shell:create_environment_hook('moveo_moveit2', 'pythonpath')
[8.544s] INFO:colcon.colcon_core.shell:Creating environment hook '/home/walkowiczf/MoveoUnity/MoveoROS2/install/moveo_moveit2/share/moveo_moveit2/hook/pythonpath.ps1'
[8.546s] INFO:colcon.colcon_core.shell:Creating environment descriptor '/home/walkowiczf/MoveoUnity/MoveoROS2/install/moveo_moveit2/share/moveo_moveit2/hook/pythonpath.dsv'
[8.547s] INFO:colcon.colcon_core.shell:Creating environment hook '/home/walkowiczf/MoveoUnity/MoveoROS2/install/moveo_moveit2/share/moveo_moveit2/hook/pythonpath.sh'
[8.548s] Level 1:colcon.colcon_core.environment:checking '/home/walkowiczf/MoveoUnity/MoveoROS2/install/moveo_moveit2/bin'
[8.548s] Level 1:colcon.colcon_core.environment:create_environment_scripts_only(moveo_moveit2)
[8.549s] INFO:colcon.colcon_core.shell:Creating package script '/home/walkowiczf/MoveoUnity/MoveoROS2/install/moveo_moveit2/share/moveo_moveit2/package.ps1'
[8.551s] INFO:colcon.colcon_core.shell:Creating package descriptor '/home/walkowiczf/MoveoUnity/MoveoROS2/install/moveo_moveit2/share/moveo_moveit2/package.dsv'
[8.553s] INFO:colcon.colcon_core.shell:Creating package script '/home/walkowiczf/MoveoUnity/MoveoROS2/install/moveo_moveit2/share/moveo_moveit2/package.sh'
[8.554s] INFO:colcon.colcon_core.shell:Creating package script '/home/walkowiczf/MoveoUnity/MoveoROS2/install/moveo_moveit2/share/moveo_moveit2/package.bash'
[8.555s] INFO:colcon.colcon_core.shell:Creating package script '/home/walkowiczf/MoveoUnity/MoveoROS2/install/moveo_moveit2/share/moveo_moveit2/package.zsh'
[8.556s] Level 1:colcon.colcon_core.environment:create_file_with_runtime_dependencies(/home/walkowiczf/MoveoUnity/MoveoROS2/install/moveo_moveit2/share/colcon-core/packages/moveo_moveit2)
[8.615s] Level 1:colcon.colcon_core.shell:create_environment_hook('moveo_rviz', 'pythonpath_develop')
[8.616s] INFO:colcon.colcon_core.shell:Creating environment hook '/home/walkowiczf/MoveoUnity/MoveoROS2/build/moveo_rviz/share/moveo_rviz/hook/pythonpath_develop.ps1'
[8.618s] INFO:colcon.colcon_core.shell:Creating environment descriptor '/home/walkowiczf/MoveoUnity/MoveoROS2/build/moveo_rviz/share/moveo_rviz/hook/pythonpath_develop.dsv'
[8.619s] DEBUG:colcon.colcon_core.event_handler.log_command:Invoked command in '/home/walkowiczf/MoveoUnity/MoveoROS2/build/moveo_rviz' returned '0': BYOBU_DATE=%Y-%m-%d PYTHONPATH=/home/walkowiczf/MoveoUnity/MoveoROS2/build/moveo_rviz/prefix_override:/usr/lib/python3/dist-packages/colcon_core/task/python/colcon_distutils_commands:/home/walkowiczf/MoveoUnity/MoveoROS2/install/moveo_rviz/lib/python3.10/site-packages:${PYTHONPATH} /usr/bin/python3 -W ignore:setup.py install is deprecated -W ignore:easy_install command is deprecated setup.py develop --editable --build-directory /home/walkowiczf/MoveoUnity/MoveoROS2/build/moveo_rviz/build --no-deps symlink_data
[8.619s] INFO:colcon.colcon_core.shell:Creating environment hook '/home/walkowiczf/MoveoUnity/MoveoROS2/build/moveo_rviz/share/moveo_rviz/hook/pythonpath_develop.sh'
[8.620s] Level 1:colcon.colcon_core.environment:checking '/home/walkowiczf/MoveoUnity/MoveoROS2/install/moveo_rviz' for CMake module files
[8.621s] Level 1:colcon.colcon_core.environment:checking '/home/walkowiczf/MoveoUnity/MoveoROS2/install/moveo_rviz' for CMake config files
[8.623s] Level 1:colcon.colcon_core.environment:checking '/home/walkowiczf/MoveoUnity/MoveoROS2/install/moveo_rviz/lib'
[8.624s] Level 1:colcon.colcon_core.environment:checking '/home/walkowiczf/MoveoUnity/MoveoROS2/install/moveo_rviz/bin'
[8.624s] Level 1:colcon.colcon_core.environment:checking '/home/walkowiczf/MoveoUnity/MoveoROS2/install/moveo_rviz/lib/pkgconfig/moveo_rviz.pc'
[8.624s] Level 1:colcon.colcon_core.environment:checking '/home/walkowiczf/MoveoUnity/MoveoROS2/install/moveo_rviz/lib/python3.10/site-packages'
[8.625s] Level 1:colcon.colcon_core.shell:create_environment_hook('moveo_rviz', 'pythonpath')
[8.625s] INFO:colcon.colcon_core.shell:Creating environment hook '/home/walkowiczf/MoveoUnity/MoveoROS2/install/moveo_rviz/share/moveo_rviz/hook/pythonpath.ps1'
[8.628s] INFO:colcon.colcon_core.shell:Creating environment descriptor '/home/walkowiczf/MoveoUnity/MoveoROS2/install/moveo_rviz/share/moveo_rviz/hook/pythonpath.dsv'
[8.630s] INFO:colcon.colcon_core.shell:Creating environment hook '/home/walkowiczf/MoveoUnity/MoveoROS2/install/moveo_rviz/share/moveo_rviz/hook/pythonpath.sh'
[8.632s] Level 1:colcon.colcon_core.environment:checking '/home/walkowiczf/MoveoUnity/MoveoROS2/install/moveo_rviz/bin'
[8.632s] Level 1:colcon.colcon_core.environment:create_environment_scripts_only(moveo_rviz)
[8.633s] INFO:colcon.colcon_core.shell:Creating package script '/home/walkowiczf/MoveoUnity/MoveoROS2/install/moveo_rviz/share/moveo_rviz/package.ps1'
[8.634s] INFO:colcon.colcon_core.shell:Creating package descriptor '/home/walkowiczf/MoveoUnity/MoveoROS2/install/moveo_rviz/share/moveo_rviz/package.dsv'
[8.636s] INFO:colcon.colcon_core.shell:Creating package script '/home/walkowiczf/MoveoUnity/MoveoROS2/install/moveo_rviz/share/moveo_rviz/package.sh'
[8.637s] INFO:colcon.colcon_core.shell:Creating package script '/home/walkowiczf/MoveoUnity/MoveoROS2/install/moveo_rviz/share/moveo_rviz/package.bash'
[8.638s] INFO:colcon.colcon_core.shell:Creating package script '/home/walkowiczf/MoveoUnity/MoveoROS2/install/moveo_rviz/share/moveo_rviz/package.zsh'
[8.639s] Level 1:colcon.colcon_core.environment:create_file_with_runtime_dependencies(/home/walkowiczf/MoveoUnity/MoveoROS2/install/moveo_rviz/share/colcon-core/packages/moveo_rviz)
[8.677s] Level 1:colcon.colcon_core.shell:create_environment_hook('moveo_description', 'pythonpath_develop')
[8.677s] INFO:colcon.colcon_core.shell:Creating environment hook '/home/walkowiczf/MoveoUnity/MoveoROS2/build/moveo_description/share/moveo_description/hook/pythonpath_develop.ps1'
[8.679s] DEBUG:colcon.colcon_core.event_handler.log_command:Invoked command in '/home/walkowiczf/MoveoUnity/MoveoROS2/build/moveo_description' returned '0': BYOBU_DATE=%Y-%m-%d PYTHONPATH=/home/walkowiczf/MoveoUnity/MoveoROS2/build/moveo_description/prefix_override:/usr/lib/python3/dist-packages/colcon_core/task/python/colcon_distutils_commands:/home/walkowiczf/MoveoUnity/MoveoROS2/install/moveo_description/lib/python3.10/site-packages:${PYTHONPATH} /usr/bin/python3 -W ignore:setup.py install is deprecated -W ignore:easy_install command is deprecated setup.py develop --editable --build-directory /home/walkowiczf/MoveoUnity/MoveoROS2/build/moveo_description/build --no-deps symlink_data
[8.679s] INFO:colcon.colcon_core.shell:Creating environment descriptor '/home/walkowiczf/MoveoUnity/MoveoROS2/build/moveo_description/share/moveo_description/hook/pythonpath_develop.dsv'
[8.680s] INFO:colcon.colcon_core.shell:Creating environment hook '/home/walkowiczf/MoveoUnity/MoveoROS2/build/moveo_description/share/moveo_description/hook/pythonpath_develop.sh'
[8.681s] Level 1:colcon.colcon_core.environment:checking '/home/walkowiczf/MoveoUnity/MoveoROS2/install/moveo_description' for CMake module files
[8.681s] Level 1:colcon.colcon_core.environment:checking '/home/walkowiczf/MoveoUnity/MoveoROS2/install/moveo_description' for CMake config files
[8.682s] Level 1:colcon.colcon_core.environment:checking '/home/walkowiczf/MoveoUnity/MoveoROS2/install/moveo_description/lib'
[8.682s] Level 1:colcon.colcon_core.environment:checking '/home/walkowiczf/MoveoUnity/MoveoROS2/install/moveo_description/bin'
[8.682s] Level 1:colcon.colcon_core.environment:checking '/home/walkowiczf/MoveoUnity/MoveoROS2/install/moveo_description/lib/pkgconfig/moveo_description.pc'
[8.683s] Level 1:colcon.colcon_core.environment:checking '/home/walkowiczf/MoveoUnity/MoveoROS2/install/moveo_description/lib/python3.10/site-packages'
[8.683s] Level 1:colcon.colcon_core.shell:create_environment_hook('moveo_description', 'pythonpath')
[8.683s] INFO:colcon.colcon_core.shell:Creating environment hook '/home/walkowiczf/MoveoUnity/MoveoROS2/install/moveo_description/share/moveo_description/hook/pythonpath.ps1'
[8.684s] INFO:colcon.colcon_core.shell:Creating environment descriptor '/home/walkowiczf/MoveoUnity/MoveoROS2/install/moveo_description/share/moveo_description/hook/pythonpath.dsv'
[8.684s] INFO:colcon.colcon_core.shell:Creating environment hook '/home/walkowiczf/MoveoUnity/MoveoROS2/install/moveo_description/share/moveo_description/hook/pythonpath.sh'
[8.685s] Level 1:colcon.colcon_core.environment:checking '/home/walkowiczf/MoveoUnity/MoveoROS2/install/moveo_description/bin'
[8.685s] Level 1:colcon.colcon_core.environment:create_environment_scripts_only(moveo_description)
[8.685s] INFO:colcon.colcon_core.shell:Creating package script '/home/walkowiczf/MoveoUnity/MoveoROS2/install/moveo_description/share/moveo_description/package.ps1'
[8.686s] INFO:colcon.colcon_core.shell:Creating package descriptor '/home/walkowiczf/MoveoUnity/MoveoROS2/install/moveo_description/share/moveo_description/package.dsv'
[8.686s] INFO:colcon.colcon_core.shell:Creating package script '/home/walkowiczf/MoveoUnity/MoveoROS2/install/moveo_description/share/moveo_description/package.sh'
[8.687s] INFO:colcon.colcon_core.shell:Creating package script '/home/walkowiczf/MoveoUnity/MoveoROS2/install/moveo_description/share/moveo_description/package.bash'
[8.687s] INFO:colcon.colcon_core.shell:Creating package script '/home/walkowiczf/MoveoUnity/MoveoROS2/install/moveo_description/share/moveo_description/package.zsh'
[8.688s] Level 1:colcon.colcon_core.environment:create_file_with_runtime_dependencies(/home/walkowiczf/MoveoUnity/MoveoROS2/install/moveo_description/share/colcon-core/packages/moveo_description)
[8.688s] INFO:colcon.colcon_ros.task.ament_cmake.build:Building ROS package in '/home/walkowiczf/MoveoUnity/MoveoROS2/src/moveo_moveit' with build type 'ament_cmake'
[8.689s] INFO:colcon.colcon_cmake.task.cmake.build:Building CMake package in '/home/walkowiczf/MoveoUnity/MoveoROS2/src/moveo_moveit'
[8.689s] INFO:colcon.colcon_core.shell:Skip shell extension 'powershell' for command environment: Not usable outside of PowerShell
[8.690s] DEBUG:colcon.colcon_core.shell:Skip shell extension 'dsv' for command environment
[8.696s] Level 1:colcon.colcon_core.shell:create_environment_hook('ros_tcp_endpoint', 'pythonpath_develop')
[8.697s] INFO:colcon.colcon_core.shell:Creating environment hook '/home/walkowiczf/MoveoUnity/MoveoROS2/build/ros_tcp_endpoint/share/ros_tcp_endpoint/hook/pythonpath_develop.ps1'
[8.697s] DEBUG:colcon.colcon_core.event_handler.log_command:Invoked command in '/home/walkowiczf/MoveoUnity/MoveoROS2/build/ros_tcp_endpoint' returned '0': BYOBU_DATE=%Y-%m-%d PYTHONPATH=/home/walkowiczf/MoveoUnity/MoveoROS2/build/ros_tcp_endpoint/prefix_override:/usr/lib/python3/dist-packages/colcon_core/task/python/colcon_distutils_commands:/home/walkowiczf/MoveoUnity/MoveoROS2/install/ros_tcp_endpoint/lib/python3.10/site-packages:${PYTHONPATH} /usr/bin/python3 -W ignore:setup.py install is deprecated -W ignore:easy_install command is deprecated setup.py develop --editable --build-directory /home/walkowiczf/MoveoUnity/MoveoROS2/build/ros_tcp_endpoint/build --no-deps symlink_data
[8.698s] INFO:colcon.colcon_core.shell:Creating environment descriptor '/home/walkowiczf/MoveoUnity/MoveoROS2/build/ros_tcp_endpoint/share/ros_tcp_endpoint/hook/pythonpath_develop.dsv'
[8.699s] INFO:colcon.colcon_core.shell:Creating environment hook '/home/walkowiczf/MoveoUnity/MoveoROS2/build/ros_tcp_endpoint/share/ros_tcp_endpoint/hook/pythonpath_develop.sh'
[8.700s] Level 1:colcon.colcon_core.environment:checking '/home/walkowiczf/MoveoUnity/MoveoROS2/install/ros_tcp_endpoint' for CMake module files
[8.701s] Level 1:colcon.colcon_core.environment:checking '/home/walkowiczf/MoveoUnity/MoveoROS2/install/ros_tcp_endpoint' for CMake config files
[8.702s] Level 1:colcon.colcon_core.environment:checking '/home/walkowiczf/MoveoUnity/MoveoROS2/install/ros_tcp_endpoint/lib'
[8.702s] Level 1:colcon.colcon_core.environment:checking '/home/walkowiczf/MoveoUnity/MoveoROS2/install/ros_tcp_endpoint/bin'
[8.702s] Level 1:colcon.colcon_core.environment:checking '/home/walkowiczf/MoveoUnity/MoveoROS2/install/ros_tcp_endpoint/lib/pkgconfig/ros_tcp_endpoint.pc'
[8.703s] Level 1:colcon.colcon_core.environment:checking '/home/walkowiczf/MoveoUnity/MoveoROS2/install/ros_tcp_endpoint/lib/python3.10/site-packages'
[8.703s] Level 1:colcon.colcon_core.shell:create_environment_hook('ros_tcp_endpoint', 'pythonpath')
[8.703s] INFO:colcon.colcon_core.shell:Creating environment hook '/home/walkowiczf/MoveoUnity/MoveoROS2/install/ros_tcp_endpoint/share/ros_tcp_endpoint/hook/pythonpath.ps1'
[8.704s] INFO:colcon.colcon_core.shell:Creating environment descriptor '/home/walkowiczf/MoveoUnity/MoveoROS2/install/ros_tcp_endpoint/share/ros_tcp_endpoint/hook/pythonpath.dsv'
[8.704s] INFO:colcon.colcon_core.shell:Creating environment hook '/home/walkowiczf/MoveoUnity/MoveoROS2/install/ros_tcp_endpoint/share/ros_tcp_endpoint/hook/pythonpath.sh'
[8.705s] Level 1:colcon.colcon_core.environment:checking '/home/walkowiczf/MoveoUnity/MoveoROS2/install/ros_tcp_endpoint/bin'
[8.705s] Level 1:colcon.colcon_core.environment:create_environment_scripts_only(ros_tcp_endpoint)
[8.706s] INFO:colcon.colcon_core.shell:Creating package script '/home/walkowiczf/MoveoUnity/MoveoROS2/install/ros_tcp_endpoint/share/ros_tcp_endpoint/package.ps1'
[8.706s] INFO:colcon.colcon_core.shell:Creating package descriptor '/home/walkowiczf/MoveoUnity/MoveoROS2/install/ros_tcp_endpoint/share/ros_tcp_endpoint/package.dsv'
[8.707s] INFO:colcon.colcon_core.shell:Creating package script '/home/walkowiczf/MoveoUnity/MoveoROS2/install/ros_tcp_endpoint/share/ros_tcp_endpoint/package.sh'
[8.709s] INFO:colcon.colcon_core.shell:Creating package script '/home/walkowiczf/MoveoUnity/MoveoROS2/install/ros_tcp_endpoint/share/ros_tcp_endpoint/package.bash'
[8.710s] INFO:colcon.colcon_core.shell:Creating package script '/home/walkowiczf/MoveoUnity/MoveoROS2/install/ros_tcp_endpoint/share/ros_tcp_endpoint/package.zsh'
[8.710s] Level 1:colcon.colcon_core.environment:create_file_with_runtime_dependencies(/home/walkowiczf/MoveoUnity/MoveoROS2/install/ros_tcp_endpoint/share/colcon-core/packages/ros_tcp_endpoint)
[8.718s] DEBUG:colcon.colcon_core.event_handler.log_command:Invoking command in '/home/walkowiczf/MoveoUnity/MoveoROS2/build/moveo_moveit': AMENT_PREFIX_PATH=/home/walkowiczf/MoveoUnity/MoveoROS2/install/moveo_description:/home/walkowiczf/MoveoUnity/MoveoROS2/install/moveo_interfaces:/home/walkowiczf/MoveoUnity/MoveoROS2/install/ros_tcp_endpoint:/home/walkowiczf/MoveoUnity/MoveoROS2/install/moveo_rviz:/home/walkowiczf/MoveoUnity/MoveoROS2/install/moveo_moveit2:/home/walkowiczf/MoveoUnity/MoveoROS2/install/moveo_moveit:/home/walkowiczf/MoveoUnity/MoveoROS2/install/moveo_gazebo:/home/walkowiczf/MoveoUnity/MoveoROS2/install/moveo_bringup:/home/walkowiczf/PycharmProjects/ROS2/install/my_robot_controller:/opt/ros/humble BYOBU_DATE=%Y-%m-%d CMAKE_PREFIX_PATH=${CMAKE_PREFIX_PATH}:/home/walkowiczf/MoveoUnity/MoveoROS2/install/moveo_interfaces:/home/walkowiczf/MoveoUnity/MoveoROS2/install/ros_tcp_endpoint:/home/walkowiczf/MoveoUnity/MoveoROS2/install/moveo_rviz:/home/walkowiczf/MoveoUnity/MoveoROS2/install/moveo_moveit2:/home/walkowiczf/MoveoUnity/MoveoROS2/install/moveo_gazebo:/home/walkowiczf/MoveoUnity/MoveoROS2/install/moveo_description:/home/walkowiczf/MoveoUnity/MoveoROS2/install/moveo_bringup:/home/walkowiczf/PycharmProjects/ROS2/install/my_robot_controller:/opt/ros/humble PYTHONPATH=/home/walkowiczf/MoveoUnity/MoveoROS2/build/moveo_description:/home/walkowiczf/MoveoUnity/MoveoROS2/install/moveo_description/lib/python3.10/site-packages:/home/walkowiczf/MoveoUnity/MoveoROS2/build/moveo_interfaces:/home/walkowiczf/MoveoUnity/MoveoROS2/install/moveo_interfaces/lib/python3.10/site-packages:/home/walkowiczf/MoveoUnity/MoveoROS2/build/ros_tcp_endpoint:/home/walkowiczf/MoveoUnity/MoveoROS2/install/ros_tcp_endpoint/lib/python3.10/site-packages:/home/walkowiczf/MoveoUnity/MoveoROS2/build/moveo_rviz:/home/walkowiczf/MoveoUnity/MoveoROS2/install/moveo_rviz/lib/python3.10/site-packages:/home/walkowiczf/MoveoUnity/MoveoROS2/build/moveo_moveit2:/home/walkowiczf/MoveoUnity/MoveoROS2/install/moveo_moveit2/lib/python3.10/site-packages:/home/walkowiczf/MoveoUnity/MoveoROS2/build/moveo_gazebo:/home/walkowiczf/MoveoUnity/MoveoROS2/install/moveo_gazebo/lib/python3.10/site-packages:/home/walkowiczf/MoveoUnity/MoveoROS2/build/moveo_bringup:/home/walkowiczf/MoveoUnity/MoveoROS2/install/moveo_bringup/lib/python3.10/site-packages:/home/walkowiczf/PycharmProjects/ROS2/install/my_robot_controller/lib/python3.10/site-packages:/opt/ros/humble/lib/python3.10/site-packages:/opt/ros/humble/local/lib/python3.10/dist-packages /usr/bin/cmake --build /home/walkowiczf/MoveoUnity/MoveoROS2/build/moveo_moveit -- -j8 -l8
[8.772s] Level 1:colcon.colcon_core.shell:create_environment_hook('moveo_gazebo', 'pythonpath_develop')
[8.772s] INFO:colcon.colcon_core.shell:Creating environment hook '/home/walkowiczf/MoveoUnity/MoveoROS2/build/moveo_gazebo/share/moveo_gazebo/hook/pythonpath_develop.ps1'
[8.773s] DEBUG:colcon.colcon_core.event_handler.log_command:Invoked command in '/home/walkowiczf/MoveoUnity/MoveoROS2/build/moveo_gazebo' returned '0': BYOBU_DATE=%Y-%m-%d PYTHONPATH=/home/walkowiczf/MoveoUnity/MoveoROS2/build/moveo_gazebo/prefix_override:/usr/lib/python3/dist-packages/colcon_core/task/python/colcon_distutils_commands:/home/walkowiczf/MoveoUnity/MoveoROS2/install/moveo_gazebo/lib/python3.10/site-packages:${PYTHONPATH} /usr/bin/python3 -W ignore:setup.py install is deprecated -W ignore:easy_install command is deprecated setup.py develop --editable --build-directory /home/walkowiczf/MoveoUnity/MoveoROS2/build/moveo_gazebo/build --no-deps symlink_data
[8.775s] INFO:colcon.colcon_core.shell:Creating environment descriptor '/home/walkowiczf/MoveoUnity/MoveoROS2/build/moveo_gazebo/share/moveo_gazebo/hook/pythonpath_develop.dsv'
[8.775s] INFO:colcon.colcon_core.shell:Creating environment hook '/home/walkowiczf/MoveoUnity/MoveoROS2/build/moveo_gazebo/share/moveo_gazebo/hook/pythonpath_develop.sh'
[8.776s] Level 1:colcon.colcon_core.environment:checking '/home/walkowiczf/MoveoUnity/MoveoROS2/install/moveo_gazebo' for CMake module files
[8.777s] Level 1:colcon.colcon_core.environment:checking '/home/walkowiczf/MoveoUnity/MoveoROS2/install/moveo_gazebo' for CMake config files
[8.777s] Level 1:colcon.colcon_core.environment:checking '/home/walkowiczf/MoveoUnity/MoveoROS2/install/moveo_gazebo/lib'
[8.777s] Level 1:colcon.colcon_core.environment:checking '/home/walkowiczf/MoveoUnity/MoveoROS2/install/moveo_gazebo/bin'
[8.777s] Level 1:colcon.colcon_core.environment:checking '/home/walkowiczf/MoveoUnity/MoveoROS2/install/moveo_gazebo/lib/pkgconfig/moveo_gazebo.pc'
[8.778s] Level 1:colcon.colcon_core.environment:checking '/home/walkowiczf/MoveoUnity/MoveoROS2/install/moveo_gazebo/lib/python3.10/site-packages'
[8.778s] Level 1:colcon.colcon_core.shell:create_environment_hook('moveo_gazebo', 'pythonpath')
[8.778s] INFO:colcon.colcon_core.shell:Creating environment hook '/home/walkowiczf/MoveoUnity/MoveoROS2/install/moveo_gazebo/share/moveo_gazebo/hook/pythonpath.ps1'
[8.779s] INFO:colcon.colcon_core.shell:Creating environment descriptor '/home/walkowiczf/MoveoUnity/MoveoROS2/install/moveo_gazebo/share/moveo_gazebo/hook/pythonpath.dsv'
[8.779s] INFO:colcon.colcon_core.shell:Creating environment hook '/home/walkowiczf/MoveoUnity/MoveoROS2/install/moveo_gazebo/share/moveo_gazebo/hook/pythonpath.sh'
[8.780s] Level 1:colcon.colcon_core.environment:checking '/home/walkowiczf/MoveoUnity/MoveoROS2/install/moveo_gazebo/bin'
[8.780s] Level 1:colcon.colcon_core.environment:create_environment_scripts_only(moveo_gazebo)
[8.780s] INFO:colcon.colcon_core.shell:Creating package script '/home/walkowiczf/MoveoUnity/MoveoROS2/install/moveo_gazebo/share/moveo_gazebo/package.ps1'
[8.781s] INFO:colcon.colcon_core.shell:Creating package descriptor '/home/walkowiczf/MoveoUnity/MoveoROS2/install/moveo_gazebo/share/moveo_gazebo/package.dsv'
[8.781s] INFO:colcon.colcon_core.shell:Creating package script '/home/walkowiczf/MoveoUnity/MoveoROS2/install/moveo_gazebo/share/moveo_gazebo/package.sh'
[8.782s] INFO:colcon.colcon_core.shell:Creating package script '/home/walkowiczf/MoveoUnity/MoveoROS2/install/moveo_gazebo/share/moveo_gazebo/package.bash'
[8.783s] INFO:colcon.colcon_core.shell:Creating package script '/home/walkowiczf/MoveoUnity/MoveoROS2/install/moveo_gazebo/share/moveo_gazebo/package.zsh'
[8.783s] Level 1:colcon.colcon_core.environment:create_file_with_runtime_dependencies(/home/walkowiczf/MoveoUnity/MoveoROS2/install/moveo_gazebo/share/colcon-core/packages/moveo_gazebo)
[8.787s] DEBUG:colcon.colcon_core.event_handler.log_command:Invoked command in '/home/walkowiczf/MoveoUnity/MoveoROS2/build/moveo_moveit' returned '0': AMENT_PREFIX_PATH=/home/walkowiczf/MoveoUnity/MoveoROS2/install/moveo_description:/home/walkowiczf/MoveoUnity/MoveoROS2/install/moveo_interfaces:/home/walkowiczf/MoveoUnity/MoveoROS2/install/ros_tcp_endpoint:/home/walkowiczf/MoveoUnity/MoveoROS2/install/moveo_rviz:/home/walkowiczf/MoveoUnity/MoveoROS2/install/moveo_moveit2:/home/walkowiczf/MoveoUnity/MoveoROS2/install/moveo_moveit:/home/walkowiczf/MoveoUnity/MoveoROS2/install/moveo_gazebo:/home/walkowiczf/MoveoUnity/MoveoROS2/install/moveo_bringup:/home/walkowiczf/PycharmProjects/ROS2/install/my_robot_controller:/opt/ros/humble BYOBU_DATE=%Y-%m-%d CMAKE_PREFIX_PATH=${CMAKE_PREFIX_PATH}:/home/walkowiczf/MoveoUnity/MoveoROS2/install/moveo_interfaces:/home/walkowiczf/MoveoUnity/MoveoROS2/install/ros_tcp_endpoint:/home/walkowiczf/MoveoUnity/MoveoROS2/install/moveo_rviz:/home/walkowiczf/MoveoUnity/MoveoROS2/install/moveo_moveit2:/home/walkowiczf/MoveoUnity/MoveoROS2/install/moveo_gazebo:/home/walkowiczf/MoveoUnity/MoveoROS2/install/moveo_description:/home/walkowiczf/MoveoUnity/MoveoROS2/install/moveo_bringup:/home/walkowiczf/PycharmProjects/ROS2/install/my_robot_controller:/opt/ros/humble PYTHONPATH=/home/walkowiczf/MoveoUnity/MoveoROS2/build/moveo_description:/home/walkowiczf/MoveoUnity/MoveoROS2/install/moveo_description/lib/python3.10/site-packages:/home/walkowiczf/MoveoUnity/MoveoROS2/build/moveo_interfaces:/home/walkowiczf/MoveoUnity/MoveoROS2/install/moveo_interfaces/lib/python3.10/site-packages:/home/walkowiczf/MoveoUnity/MoveoROS2/build/ros_tcp_endpoint:/home/walkowiczf/MoveoUnity/MoveoROS2/install/ros_tcp_endpoint/lib/python3.10/site-packages:/home/walkowiczf/MoveoUnity/MoveoROS2/build/moveo_rviz:/home/walkowiczf/MoveoUnity/MoveoROS2/install/moveo_rviz/lib/python3.10/site-packages:/home/walkowiczf/MoveoUnity/MoveoROS2/build/moveo_moveit2:/home/walkowiczf/MoveoUnity/MoveoROS2/install/moveo_moveit2/lib/python3.10/site-packages:/home/walkowiczf/MoveoUnity/MoveoROS2/build/moveo_gazebo:/home/walkowiczf/MoveoUnity/MoveoROS2/install/moveo_gazebo/lib/python3.10/site-packages:/home/walkowiczf/MoveoUnity/MoveoROS2/build/moveo_bringup:/home/walkowiczf/MoveoUnity/MoveoROS2/install/moveo_bringup/lib/python3.10/site-packages:/home/walkowiczf/PycharmProjects/ROS2/install/my_robot_controller/lib/python3.10/site-packages:/opt/ros/humble/lib/python3.10/site-packages:/opt/ros/humble/local/lib/python3.10/dist-packages /usr/bin/cmake --build /home/walkowiczf/MoveoUnity/MoveoROS2/build/moveo_moveit -- -j8 -l8
[8.805s] DEBUG:colcon.colcon_core.event_handler.log_command:Invoking command in '/home/walkowiczf/MoveoUnity/MoveoROS2/build/moveo_moveit': AMENT_PREFIX_PATH=/home/walkowiczf/MoveoUnity/MoveoROS2/install/moveo_description:/home/walkowiczf/MoveoUnity/MoveoROS2/install/moveo_interfaces:/home/walkowiczf/MoveoUnity/MoveoROS2/install/ros_tcp_endpoint:/home/walkowiczf/MoveoUnity/MoveoROS2/install/moveo_rviz:/home/walkowiczf/MoveoUnity/MoveoROS2/install/moveo_moveit2:/home/walkowiczf/MoveoUnity/MoveoROS2/install/moveo_moveit:/home/walkowiczf/MoveoUnity/MoveoROS2/install/moveo_gazebo:/home/walkowiczf/MoveoUnity/MoveoROS2/install/moveo_bringup:/home/walkowiczf/PycharmProjects/ROS2/install/my_robot_controller:/opt/ros/humble BYOBU_DATE=%Y-%m-%d CMAKE_PREFIX_PATH=${CMAKE_PREFIX_PATH}:/home/walkowiczf/MoveoUnity/MoveoROS2/install/moveo_interfaces:/home/walkowiczf/MoveoUnity/MoveoROS2/install/ros_tcp_endpoint:/home/walkowiczf/MoveoUnity/MoveoROS2/install/moveo_rviz:/home/walkowiczf/MoveoUnity/MoveoROS2/install/moveo_moveit2:/home/walkowiczf/MoveoUnity/MoveoROS2/install/moveo_gazebo:/home/walkowiczf/MoveoUnity/MoveoROS2/install/moveo_description:/home/walkowiczf/MoveoUnity/MoveoROS2/install/moveo_bringup:/home/walkowiczf/PycharmProjects/ROS2/install/my_robot_controller:/opt/ros/humble PYTHONPATH=/home/walkowiczf/MoveoUnity/MoveoROS2/build/moveo_description:/home/walkowiczf/MoveoUnity/MoveoROS2/install/moveo_description/lib/python3.10/site-packages:/home/walkowiczf/MoveoUnity/MoveoROS2/build/moveo_interfaces:/home/walkowiczf/MoveoUnity/MoveoROS2/install/moveo_interfaces/lib/python3.10/site-packages:/home/walkowiczf/MoveoUnity/MoveoROS2/build/ros_tcp_endpoint:/home/walkowiczf/MoveoUnity/MoveoROS2/install/ros_tcp_endpoint/lib/python3.10/site-packages:/home/walkowiczf/MoveoUnity/MoveoROS2/build/moveo_rviz:/home/walkowiczf/MoveoUnity/MoveoROS2/install/moveo_rviz/lib/python3.10/site-packages:/home/walkowiczf/MoveoUnity/MoveoROS2/build/moveo_moveit2:/home/walkowiczf/MoveoUnity/MoveoROS2/install/moveo_moveit2/lib/python3.10/site-packages:/home/walkowiczf/MoveoUnity/MoveoROS2/build/moveo_gazebo:/home/walkowiczf/MoveoUnity/MoveoROS2/install/moveo_gazebo/lib/python3.10/site-packages:/home/walkowiczf/MoveoUnity/MoveoROS2/build/moveo_bringup:/home/walkowiczf/MoveoUnity/MoveoROS2/install/moveo_bringup/lib/python3.10/site-packages:/home/walkowiczf/PycharmProjects/ROS2/install/my_robot_controller/lib/python3.10/site-packages:/opt/ros/humble/lib/python3.10/site-packages:/opt/ros/humble/local/lib/python3.10/dist-packages /usr/bin/cmake --install /home/walkowiczf/MoveoUnity/MoveoROS2/build/moveo_moveit
[8.841s] Level 1:colcon.colcon_core.environment:create_environment_scripts_only(moveo_moveit)
[8.842s] Level 1:colcon.colcon_core.environment:checking '/home/walkowiczf/MoveoUnity/MoveoROS2/install/moveo_moveit' for CMake module files
[8.843s] Level 1:colcon.colcon_core.environment:checking '/home/walkowiczf/MoveoUnity/MoveoROS2/install/moveo_moveit' for CMake config files
[8.844s] DEBUG:colcon.colcon_core.event_handler.log_command:Invoked command in '/home/walkowiczf/MoveoUnity/MoveoROS2/build/moveo_moveit' returned '0': AMENT_PREFIX_PATH=/home/walkowiczf/MoveoUnity/MoveoROS2/install/moveo_description:/home/walkowiczf/MoveoUnity/MoveoROS2/install/moveo_interfaces:/home/walkowiczf/MoveoUnity/MoveoROS2/install/ros_tcp_endpoint:/home/walkowiczf/MoveoUnity/MoveoROS2/install/moveo_rviz:/home/walkowiczf/MoveoUnity/MoveoROS2/install/moveo_moveit2:/home/walkowiczf/MoveoUnity/MoveoROS2/install/moveo_moveit:/home/walkowiczf/MoveoUnity/MoveoROS2/install/moveo_gazebo:/home/walkowiczf/MoveoUnity/MoveoROS2/install/moveo_bringup:/home/walkowiczf/PycharmProjects/ROS2/install/my_robot_controller:/opt/ros/humble BYOBU_DATE=%Y-%m-%d CMAKE_PREFIX_PATH=${CMAKE_PREFIX_PATH}:/home/walkowiczf/MoveoUnity/MoveoROS2/install/moveo_interfaces:/home/walkowiczf/MoveoUnity/MoveoROS2/install/ros_tcp_endpoint:/home/walkowiczf/MoveoUnity/MoveoROS2/install/moveo_rviz:/home/walkowiczf/MoveoUnity/MoveoROS2/install/moveo_moveit2:/home/walkowiczf/MoveoUnity/MoveoROS2/install/moveo_gazebo:/home/walkowiczf/MoveoUnity/MoveoROS2/install/moveo_description:/home/walkowiczf/MoveoUnity/MoveoROS2/install/moveo_bringup:/home/walkowiczf/PycharmProjects/ROS2/install/my_robot_controller:/opt/ros/humble PYTHONPATH=/home/walkowiczf/MoveoUnity/MoveoROS2/build/moveo_description:/home/walkowiczf/MoveoUnity/MoveoROS2/install/moveo_description/lib/python3.10/site-packages:/home/walkowiczf/MoveoUnity/MoveoROS2/build/moveo_interfaces:/home/walkowiczf/MoveoUnity/MoveoROS2/install/moveo_interfaces/lib/python3.10/site-packages:/home/walkowiczf/MoveoUnity/MoveoROS2/build/ros_tcp_endpoint:/home/walkowiczf/MoveoUnity/MoveoROS2/install/ros_tcp_endpoint/lib/python3.10/site-packages:/home/walkowiczf/MoveoUnity/MoveoROS2/build/moveo_rviz:/home/walkowiczf/MoveoUnity/MoveoROS2/install/moveo_rviz/lib/python3.10/site-packages:/home/walkowiczf/MoveoUnity/MoveoROS2/build/moveo_moveit2:/home/walkowiczf/MoveoUnity/MoveoROS2/install/moveo_moveit2/lib/python3.10/site-packages:/home/walkowiczf/MoveoUnity/MoveoROS2/build/moveo_gazebo:/home/walkowiczf/MoveoUnity/MoveoROS2/install/moveo_gazebo/lib/python3.10/site-packages:/home/walkowiczf/MoveoUnity/MoveoROS2/build/moveo_bringup:/home/walkowiczf/MoveoUnity/MoveoROS2/install/moveo_bringup/lib/python3.10/site-packages:/home/walkowiczf/PycharmProjects/ROS2/install/my_robot_controller/lib/python3.10/site-packages:/opt/ros/humble/lib/python3.10/site-packages:/opt/ros/humble/local/lib/python3.10/dist-packages /usr/bin/cmake --install /home/walkowiczf/MoveoUnity/MoveoROS2/build/moveo_moveit
[8.844s] Level 1:colcon.colcon_core.shell:create_environment_hook('moveo_moveit', 'cmake_prefix_path')
[8.845s] INFO:colcon.colcon_core.shell:Creating environment hook '/home/walkowiczf/MoveoUnity/MoveoROS2/install/moveo_moveit/share/moveo_moveit/hook/cmake_prefix_path.ps1'
[8.846s] INFO:colcon.colcon_core.shell:Creating environment descriptor '/home/walkowiczf/MoveoUnity/MoveoROS2/install/moveo_moveit/share/moveo_moveit/hook/cmake_prefix_path.dsv'
[8.846s] INFO:colcon.colcon_core.shell:Creating environment hook '/home/walkowiczf/MoveoUnity/MoveoROS2/install/moveo_moveit/share/moveo_moveit/hook/cmake_prefix_path.sh'
[8.847s] Level 1:colcon.colcon_core.environment:checking '/home/walkowiczf/MoveoUnity/MoveoROS2/install/moveo_moveit/bin'
[8.847s] Level 1:colcon.colcon_core.environment:checking '/home/walkowiczf/MoveoUnity/MoveoROS2/install/moveo_moveit/lib/pkgconfig/moveo_moveit.pc'
[8.848s] Level 1:colcon.colcon_core.environment:checking '/home/walkowiczf/MoveoUnity/MoveoROS2/install/moveo_moveit/lib/python3.10/site-packages'
[8.848s] Level 1:colcon.colcon_core.environment:checking '/home/walkowiczf/MoveoUnity/MoveoROS2/install/moveo_moveit/bin'
[8.848s] INFO:colcon.colcon_core.shell:Creating package script '/home/walkowiczf/MoveoUnity/MoveoROS2/install/moveo_moveit/share/moveo_moveit/package.ps1'
[8.849s] INFO:colcon.colcon_core.shell:Creating package descriptor '/home/walkowiczf/MoveoUnity/MoveoROS2/install/moveo_moveit/share/moveo_moveit/package.dsv'
[8.850s] INFO:colcon.colcon_core.shell:Creating package script '/home/walkowiczf/MoveoUnity/MoveoROS2/install/moveo_moveit/share/moveo_moveit/package.sh'
[8.850s] INFO:colcon.colcon_core.shell:Creating package script '/home/walkowiczf/MoveoUnity/MoveoROS2/install/moveo_moveit/share/moveo_moveit/package.bash'
[8.850s] INFO:colcon.colcon_core.shell:Creating package script '/home/walkowiczf/MoveoUnity/MoveoROS2/install/moveo_moveit/share/moveo_moveit/package.zsh'
[8.851s] Level 1:colcon.colcon_core.environment:create_file_with_runtime_dependencies(/home/walkowiczf/MoveoUnity/MoveoROS2/install/moveo_moveit/share/colcon-core/packages/moveo_moveit)
[8.852s] Level 1:colcon.colcon_core.environment:create_environment_scripts_only(moveo_moveit)
[8.852s] Level 1:colcon.colcon_core.environment:checking '/home/walkowiczf/MoveoUnity/MoveoROS2/install/moveo_moveit' for CMake module files
[8.853s] Level 1:colcon.colcon_core.environment:checking '/home/walkowiczf/MoveoUnity/MoveoROS2/install/moveo_moveit' for CMake config files
[8.853s] Level 1:colcon.colcon_core.shell:create_environment_hook('moveo_moveit', 'cmake_prefix_path')
[8.853s] INFO:colcon.colcon_core.shell:Creating environment hook '/home/walkowiczf/MoveoUnity/MoveoROS2/install/moveo_moveit/share/moveo_moveit/hook/cmake_prefix_path.ps1'
[8.854s] INFO:colcon.colcon_core.shell:Creating environment descriptor '/home/walkowiczf/MoveoUnity/MoveoROS2/install/moveo_moveit/share/moveo_moveit/hook/cmake_prefix_path.dsv'
[8.854s] INFO:colcon.colcon_core.shell:Creating environment hook '/home/walkowiczf/MoveoUnity/MoveoROS2/install/moveo_moveit/share/moveo_moveit/hook/cmake_prefix_path.sh'
[8.855s] Level 1:colcon.colcon_core.environment:checking '/home/walkowiczf/MoveoUnity/MoveoROS2/install/moveo_moveit/bin'
[8.856s] Level 1:colcon.colcon_core.environment:checking '/home/walkowiczf/MoveoUnity/MoveoROS2/install/moveo_moveit/lib/pkgconfig/moveo_moveit.pc'
[8.856s] Level 1:colcon.colcon_core.environment:checking '/home/walkowiczf/MoveoUnity/MoveoROS2/install/moveo_moveit/lib/python3.10/site-packages'
[8.856s] Level 1:colcon.colcon_core.environment:checking '/home/walkowiczf/MoveoUnity/MoveoROS2/install/moveo_moveit/bin'
[8.857s] INFO:colcon.colcon_core.shell:Creating package script '/home/walkowiczf/MoveoUnity/MoveoROS2/install/moveo_moveit/share/moveo_moveit/package.ps1'
[8.857s] INFO:colcon.colcon_core.shell:Creating package descriptor '/home/walkowiczf/MoveoUnity/MoveoROS2/install/moveo_moveit/share/moveo_moveit/package.dsv'
[8.858s] INFO:colcon.colcon_core.shell:Creating package script '/home/walkowiczf/MoveoUnity/MoveoROS2/install/moveo_moveit/share/moveo_moveit/package.sh'
[8.859s] INFO:colcon.colcon_core.shell:Creating package script '/home/walkowiczf/MoveoUnity/MoveoROS2/install/moveo_moveit/share/moveo_moveit/package.bash'
[8.859s] INFO:colcon.colcon_core.shell:Creating package script '/home/walkowiczf/MoveoUnity/MoveoROS2/install/moveo_moveit/share/moveo_moveit/package.zsh'
[8.860s] Level 1:colcon.colcon_core.environment:create_file_with_runtime_dependencies(/home/walkowiczf/MoveoUnity/MoveoROS2/install/moveo_moveit/share/colcon-core/packages/moveo_moveit)
[9.118s] Level 1:colcon.colcon_core.shell:create_environment_hook('moveo_bringup', 'pythonpath_develop')
[9.119s] INFO:colcon.colcon_core.shell:Creating environment hook '/home/walkowiczf/MoveoUnity/MoveoROS2/build/moveo_bringup/share/moveo_bringup/hook/pythonpath_develop.ps1'
[9.119s] DEBUG:colcon.colcon_core.event_handler.log_command:Invoked command in '/home/walkowiczf/MoveoUnity/MoveoROS2/build/moveo_bringup' returned '0': BYOBU_DATE=%Y-%m-%d PYTHONPATH=/home/walkowiczf/MoveoUnity/MoveoROS2/build/moveo_bringup/prefix_override:/usr/lib/python3/dist-packages/colcon_core/task/python/colcon_distutils_commands:/home/walkowiczf/MoveoUnity/MoveoROS2/install/moveo_bringup/lib/python3.10/site-packages:${PYTHONPATH} /usr/bin/python3 -W ignore:setup.py install is deprecated -W ignore:easy_install command is deprecated setup.py develop --editable --build-directory /home/walkowiczf/MoveoUnity/MoveoROS2/build/moveo_bringup/build --no-deps symlink_data
[9.120s] INFO:colcon.colcon_core.shell:Creating environment descriptor '/home/walkowiczf/MoveoUnity/MoveoROS2/build/moveo_bringup/share/moveo_bringup/hook/pythonpath_develop.dsv'
[9.120s] INFO:colcon.colcon_core.shell:Creating environment hook '/home/walkowiczf/MoveoUnity/MoveoROS2/build/moveo_bringup/share/moveo_bringup/hook/pythonpath_develop.sh'
[9.121s] Level 1:colcon.colcon_core.environment:checking '/home/walkowiczf/MoveoUnity/MoveoROS2/install/moveo_bringup' for CMake module files
[9.122s] Level 1:colcon.colcon_core.environment:checking '/home/walkowiczf/MoveoUnity/MoveoROS2/install/moveo_bringup' for CMake config files
[9.122s] Level 1:colcon.colcon_core.environment:checking '/home/walkowiczf/MoveoUnity/MoveoROS2/install/moveo_bringup/lib'
[9.122s] Level 1:colcon.colcon_core.environment:checking '/home/walkowiczf/MoveoUnity/MoveoROS2/install/moveo_bringup/bin'
[9.122s] Level 1:colcon.colcon_core.environment:checking '/home/walkowiczf/MoveoUnity/MoveoROS2/install/moveo_bringup/lib/pkgconfig/moveo_bringup.pc'
[9.123s] Level 1:colcon.colcon_core.environment:checking '/home/walkowiczf/MoveoUnity/MoveoROS2/install/moveo_bringup/lib/python3.10/site-packages'
[9.123s] Level 1:colcon.colcon_core.shell:create_environment_hook('moveo_bringup', 'pythonpath')
[9.123s] INFO:colcon.colcon_core.shell:Creating environment hook '/home/walkowiczf/MoveoUnity/MoveoROS2/install/moveo_bringup/share/moveo_bringup/hook/pythonpath.ps1'
[9.124s] INFO:colcon.colcon_core.shell:Creating environment descriptor '/home/walkowiczf/MoveoUnity/MoveoROS2/install/moveo_bringup/share/moveo_bringup/hook/pythonpath.dsv'
[9.124s] INFO:colcon.colcon_core.shell:Creating environment hook '/home/walkowiczf/MoveoUnity/MoveoROS2/install/moveo_bringup/share/moveo_bringup/hook/pythonpath.sh'
[9.125s] Level 1:colcon.colcon_core.environment:checking '/home/walkowiczf/MoveoUnity/MoveoROS2/install/moveo_bringup/bin'
[9.125s] Level 1:colcon.colcon_core.environment:create_environment_scripts_only(moveo_bringup)
[9.126s] INFO:colcon.colcon_core.shell:Creating package script '/home/walkowiczf/MoveoUnity/MoveoROS2/install/moveo_bringup/share/moveo_bringup/package.ps1'
[9.126s] INFO:colcon.colcon_core.shell:Creating package descriptor '/home/walkowiczf/MoveoUnity/MoveoROS2/install/moveo_bringup/share/moveo_bringup/package.dsv'
[9.127s] INFO:colcon.colcon_core.shell:Creating package script '/home/walkowiczf/MoveoUnity/MoveoROS2/install/moveo_bringup/share/moveo_bringup/package.sh'
[9.128s] INFO:colcon.colcon_core.shell:Creating package script '/home/walkowiczf/MoveoUnity/MoveoROS2/install/moveo_bringup/share/moveo_bringup/package.bash'
[9.128s] INFO:colcon.colcon_core.shell:Creating package script '/home/walkowiczf/MoveoUnity/MoveoROS2/install/moveo_bringup/share/moveo_bringup/package.zsh'
[9.129s] Level 1:colcon.colcon_core.environment:create_file_with_runtime_dependencies(/home/walkowiczf/MoveoUnity/MoveoROS2/install/moveo_bringup/share/colcon-core/packages/moveo_bringup)
[9.129s] DEBUG:colcon.colcon_parallel_executor.executor.parallel:closing loop
[9.130s] DEBUG:colcon.colcon_parallel_executor.executor.parallel:loop closed
[9.130s] DEBUG:colcon.colcon_parallel_executor.executor.parallel:run_until_complete finished with '0'
[9.130s] DEBUG:colcon.colcon_core.event_reactor:joining thread
[9.136s] INFO:colcon.colcon_core.plugin_system:Skipping extension 'colcon_notification.desktop_notification.notify_send': Could not find 'notify-send'
[9.136s] INFO:colcon.colcon_core.plugin_system:Skipping extension 'colcon_notification.desktop_notification.terminal_notifier': Not used on non-Darwin systems
[9.137s] INFO:colcon.colcon_core.plugin_system:Skipping extension 'colcon_notification.desktop_notification.win32': Not used on non-Windows systems
[9.137s] INFO:colcon.colcon_notification.desktop_notification:Sending desktop notification using 'notify2'
[9.148s] DEBUG:colcon.colcon_core.event_reactor:joined thread
[9.149s] INFO:colcon.colcon_core.shell:Creating prefix script '/home/walkowiczf/MoveoUnity/MoveoROS2/install/local_setup.ps1'
[9.150s] INFO:colcon.colcon_core.shell:Creating prefix util module '/home/walkowiczf/MoveoUnity/MoveoROS2/install/_local_setup_util_ps1.py'
[9.152s] INFO:colcon.colcon_core.shell:Creating prefix chain script '/home/walkowiczf/MoveoUnity/MoveoROS2/install/setup.ps1'
[9.154s] INFO:colcon.colcon_core.shell:Creating prefix script '/home/walkowiczf/MoveoUnity/MoveoROS2/install/local_setup.sh'
[9.155s] INFO:colcon.colcon_core.shell:Creating prefix util module '/home/walkowiczf/MoveoUnity/MoveoROS2/install/_local_setup_util_sh.py'
[9.155s] INFO:colcon.colcon_core.shell:Creating prefix chain script '/home/walkowiczf/MoveoUnity/MoveoROS2/install/setup.sh'
[9.158s] INFO:colcon.colcon_core.shell:Creating prefix script '/home/walkowiczf/MoveoUnity/MoveoROS2/install/local_setup.bash'
[9.159s] INFO:colcon.colcon_core.shell:Creating prefix chain script '/home/walkowiczf/MoveoUnity/MoveoROS2/install/setup.bash'
[9.161s] INFO:colcon.colcon_core.shell:Creating prefix script '/home/walkowiczf/MoveoUnity/MoveoROS2/install/local_setup.zsh'
[9.161s] INFO:colcon.colcon_core.shell:Creating prefix chain script '/home/walkowiczf/MoveoUnity/MoveoROS2/install/setup.zsh'
