running develop
running egg_info
creating moveo_description.egg-info
writing moveo_description.egg-info/PKG-INFO
writing dependency_links to moveo_description.egg-info/dependency_links.txt
writing requirements to moveo_description.egg-info/requires.txt
writing top-level names to moveo_description.egg-info/top_level.txt
writing manifest file 'moveo_description.egg-info/SOURCES.txt'
reading manifest file 'moveo_description.egg-info/SOURCES.txt'
writing manifest file 'moveo_description.egg-info/SOURCES.txt'
running build_ext
Creating /home/walkowiczf/MoveoUnity/MoveoROS2/install/moveo_description/lib/python3.10/site-packages/moveo-description.egg-link (link to .)

Installed /home/walkowiczf/MoveoUnity/MoveoROS2/build/moveo_description
running symlink_data
creating /home/walkowiczf/MoveoUnity/MoveoROS2/install/moveo_description/share/ament_index/resource_index/packages
symbolically linking /home/walkowiczf/MoveoUnity/MoveoROS2/build/moveo_description/resource/moveo_description -> /home/walkowiczf/MoveoUnity/MoveoROS2/install/moveo_description/share/ament_index/resource_index/packages
symbolically linking /home/walkowiczf/MoveoUnity/MoveoROS2/build/moveo_description/package.xml -> /home/walkowiczf/MoveoUnity/MoveoROS2/install/moveo_description/share/moveo_description
creating /home/walkowiczf/MoveoUnity/MoveoROS2/install/moveo_description/share/moveo_description/description
symbolically linking /home/walkowiczf/MoveoUnity/MoveoROS2/build/moveo_description/description/gazebo.xacro -> /home/walkowiczf/MoveoUnity/MoveoROS2/install/moveo_description/share/moveo_description/description
symbolically linking /home/walkowiczf/MoveoUnity/MoveoROS2/build/moveo_description/description/moveo.urdf.xacro -> /home/walkowiczf/MoveoUnity/MoveoROS2/install/moveo_description/share/moveo_description/description
creating /home/walkowiczf/MoveoUnity/MoveoROS2/install/moveo_description/share/moveo_description/meshes
symbolically linking /home/walkowiczf/MoveoUnity/MoveoROS2/build/moveo_description/meshes/Gripper_Idol_Gear.STL -> /home/walkowiczf/MoveoUnity/MoveoROS2/install/moveo_description/share/moveo_description/meshes
symbolically linking /home/walkowiczf/MoveoUnity/MoveoROS2/build/moveo_description/meshes/Link_3_col.STL -> /home/walkowiczf/MoveoUnity/MoveoROS2/install/moveo_description/share/moveo_description/meshes
symbolically linking /home/walkowiczf/MoveoUnity/MoveoROS2/build/moveo_description/meshes/base_link_col.STL -> /home/walkowiczf/MoveoUnity/MoveoROS2/install/moveo_description/share/moveo_description/meshes
symbolically linking /home/walkowiczf/MoveoUnity/MoveoROS2/build/moveo_description/meshes/Pivot_Arm_Gripper_Servo_col.STL -> /home/walkowiczf/MoveoUnity/MoveoROS2/install/moveo_description/share/moveo_description/meshes
symbolically linking /home/walkowiczf/MoveoUnity/MoveoROS2/build/moveo_description/meshes/Link_2_col.STL -> /home/walkowiczf/MoveoUnity/MoveoROS2/install/moveo_description/share/moveo_description/meshes
symbolically linking /home/walkowiczf/MoveoUnity/MoveoROS2/build/moveo_description/meshes/Tip_Gripper_Idol_col.STL -> /home/walkowiczf/MoveoUnity/MoveoROS2/install/moveo_description/share/moveo_description/meshes
symbolically linking /home/walkowiczf/MoveoUnity/MoveoROS2/build/moveo_description/meshes/Link_2.STL -> /home/walkowiczf/MoveoUnity/MoveoROS2/install/moveo_description/share/moveo_description/meshes
symbolically linking /home/walkowiczf/MoveoUnity/MoveoROS2/build/moveo_description/meshes/Tip_Gripper_Servo_col.STL -> /home/walkowiczf/MoveoUnity/MoveoROS2/install/moveo_description/share/moveo_description/meshes
symbolically linking /home/walkowiczf/MoveoUnity/MoveoROS2/build/moveo_description/meshes/Link_4_col.STL -> /home/walkowiczf/MoveoUnity/MoveoROS2/install/moveo_description/share/moveo_description/meshes
symbolically linking /home/walkowiczf/MoveoUnity/MoveoROS2/build/moveo_description/meshes/Link_3.STL -> /home/walkowiczf/MoveoUnity/MoveoROS2/install/moveo_description/share/moveo_description/meshes
symbolically linking /home/walkowiczf/MoveoUnity/MoveoROS2/build/moveo_description/meshes/Tip_Gripper_Servo.STL -> /home/walkowiczf/MoveoUnity/MoveoROS2/install/moveo_description/share/moveo_description/meshes
symbolically linking /home/walkowiczf/MoveoUnity/MoveoROS2/build/moveo_description/meshes/Pivot_Arm_Gripper_Servo.STL -> /home/walkowiczf/MoveoUnity/MoveoROS2/install/moveo_description/share/moveo_description/meshes
symbolically linking /home/walkowiczf/MoveoUnity/MoveoROS2/build/moveo_description/meshes/Link_5_col.STL -> /home/walkowiczf/MoveoUnity/MoveoROS2/install/moveo_description/share/moveo_description/meshes
symbolically linking /home/walkowiczf/MoveoUnity/MoveoROS2/build/moveo_description/meshes/Link_5.STL -> /home/walkowiczf/MoveoUnity/MoveoROS2/install/moveo_description/share/moveo_description/meshes
symbolically linking /home/walkowiczf/MoveoUnity/MoveoROS2/build/moveo_description/meshes/Gripper_Servo_Gear.STL -> /home/walkowiczf/MoveoUnity/MoveoROS2/install/moveo_description/share/moveo_description/meshes
symbolically linking /home/walkowiczf/MoveoUnity/MoveoROS2/build/moveo_description/meshes/Tip_Gripper_Idol.STL -> /home/walkowiczf/MoveoUnity/MoveoROS2/install/moveo_description/share/moveo_description/meshes
symbolically linking /home/walkowiczf/MoveoUnity/MoveoROS2/build/moveo_description/meshes/Link_1.STL -> /home/walkowiczf/MoveoUnity/MoveoROS2/install/moveo_description/share/moveo_description/meshes
symbolically linking /home/walkowiczf/MoveoUnity/MoveoROS2/build/moveo_description/meshes/base_link.STL -> /home/walkowiczf/MoveoUnity/MoveoROS2/install/moveo_description/share/moveo_description/meshes
symbolically linking /home/walkowiczf/MoveoUnity/MoveoROS2/build/moveo_description/meshes/Gripper_Servo_Gear_col.STL -> /home/walkowiczf/MoveoUnity/MoveoROS2/install/moveo_description/share/moveo_description/meshes
symbolically linking /home/walkowiczf/MoveoUnity/MoveoROS2/build/moveo_description/meshes/Pivot_Arm_Gripper_Idol.STL -> /home/walkowiczf/MoveoUnity/MoveoROS2/install/moveo_description/share/moveo_description/meshes
symbolically linking /home/walkowiczf/MoveoUnity/MoveoROS2/build/moveo_description/meshes/Link_4.STL -> /home/walkowiczf/MoveoUnity/MoveoROS2/install/moveo_description/share/moveo_description/meshes
symbolically linking /home/walkowiczf/MoveoUnity/MoveoROS2/build/moveo_description/meshes/Link_1_col.STL -> /home/walkowiczf/MoveoUnity/MoveoROS2/install/moveo_description/share/moveo_description/meshes
symbolically linking /home/walkowiczf/MoveoUnity/MoveoROS2/build/moveo_description/meshes/Pivot_Arm_Gripper_Idol_col.STL -> /home/walkowiczf/MoveoUnity/MoveoROS2/install/moveo_description/share/moveo_description/meshes
symbolically linking /home/walkowiczf/MoveoUnity/MoveoROS2/build/moveo_description/meshes/Gripper_Idol_Gear_col.STL -> /home/walkowiczf/MoveoUnity/MoveoROS2/install/moveo_description/share/moveo_description/meshes
creating /home/walkowiczf/MoveoUnity/MoveoROS2/install/moveo_description/share/moveo_description/launch
symbolically linking /home/walkowiczf/MoveoUnity/MoveoROS2/build/moveo_description/launch/rsp.launch.py -> /home/walkowiczf/MoveoUnity/MoveoROS2/install/moveo_description/share/moveo_description/launch
creating /home/walkowiczf/MoveoUnity/MoveoROS2/install/moveo_description/share/moveo_description/config
symbolically linking /home/walkowiczf/MoveoUnity/MoveoROS2/build/moveo_description/config/joint_names_move_urdf.yaml -> /home/walkowiczf/MoveoUnity/MoveoROS2/install/moveo_description/share/moveo_description/config
