[1.775s] Invoking command in '/home/walkowiczf/MoveoUnity/MoveoROS2/build/moveo_description': BYOBU_DATE=%Y-%m-%d PYTHONPATH=/home/walkowiczf/MoveoUnity/MoveoROS2/build/moveo_description/prefix_override:/usr/lib/python3/dist-packages/colcon_core/task/python/colcon_distutils_commands:/home/walkowiczf/MoveoUnity/MoveoROS2/install/moveo_description/lib/python3.10/site-packages:${PYTHONPATH} /usr/bin/python3 -W ignore:setup.py install is deprecated -W ignore:easy_install command is deprecated setup.py develop --editable --build-directory /home/walkowiczf/MoveoUnity/MoveoROS2/build/moveo_description/build --no-deps symlink_data
[2.153s] running develop
[2.419s] running egg_info
[2.435s] creating moveo_description.egg-info
[2.435s] writing moveo_description.egg-info/PKG-INFO
[2.436s] writing dependency_links to moveo_description.egg-info/dependency_links.txt
[2.436s] writing requirements to moveo_description.egg-info/requires.txt
[2.436s] writing top-level names to moveo_description.egg-info/top_level.txt
[2.436s] writing manifest file 'moveo_description.egg-info/SOURCES.txt'
[2.466s] reading manifest file 'moveo_description.egg-info/SOURCES.txt'
[2.467s] writing manifest file 'moveo_description.egg-info/SOURCES.txt'
[2.483s] running build_ext
[2.483s] Creating /home/walkowiczf/MoveoUnity/MoveoROS2/install/moveo_description/lib/python3.10/site-packages/moveo-description.egg-link (link to .)
[2.484s] 
[2.484s] Installed /home/walkowiczf/MoveoUnity/MoveoROS2/build/moveo_description
[2.484s] running symlink_data
[2.484s] creating /home/walkowiczf/MoveoUnity/MoveoROS2/install/moveo_description/share/ament_index/resource_index/packages
[2.484s] symbolically linking /home/walkowiczf/MoveoUnity/MoveoROS2/build/moveo_description/resource/moveo_description -> /home/walkowiczf/MoveoUnity/MoveoROS2/install/moveo_description/share/ament_index/resource_index/packages
[2.484s] symbolically linking /home/walkowiczf/MoveoUnity/MoveoROS2/build/moveo_description/package.xml -> /home/walkowiczf/MoveoUnity/MoveoROS2/install/moveo_description/share/moveo_description
[2.485s] creating /home/walkowiczf/MoveoUnity/MoveoROS2/install/moveo_description/share/moveo_description/description
[2.485s] symbolically linking /home/walkowiczf/MoveoUnity/MoveoROS2/build/moveo_description/description/gazebo.xacro -> /home/walkowiczf/MoveoUnity/MoveoROS2/install/moveo_description/share/moveo_description/description
[2.485s] symbolically linking /home/walkowiczf/MoveoUnity/MoveoROS2/build/moveo_description/description/moveo.urdf.xacro -> /home/walkowiczf/MoveoUnity/MoveoROS2/install/moveo_description/share/moveo_description/description
[2.485s] creating /home/walkowiczf/MoveoUnity/MoveoROS2/install/moveo_description/share/moveo_description/meshes
[2.485s] symbolically linking /home/walkowiczf/MoveoUnity/MoveoROS2/build/moveo_description/meshes/Gripper_Idol_Gear.STL -> /home/walkowiczf/MoveoUnity/MoveoROS2/install/moveo_description/share/moveo_description/meshes
[2.485s] symbolically linking /home/walkowiczf/MoveoUnity/MoveoROS2/build/moveo_description/meshes/Link_3_col.STL -> /home/walkowiczf/MoveoUnity/MoveoROS2/install/moveo_description/share/moveo_description/meshes
[2.485s] symbolically linking /home/walkowiczf/MoveoUnity/MoveoROS2/build/moveo_description/meshes/base_link_col.STL -> /home/walkowiczf/MoveoUnity/MoveoROS2/install/moveo_description/share/moveo_description/meshes
[2.485s] symbolically linking /home/walkowiczf/MoveoUnity/MoveoROS2/build/moveo_description/meshes/Pivot_Arm_Gripper_Servo_col.STL -> /home/walkowiczf/MoveoUnity/MoveoROS2/install/moveo_description/share/moveo_description/meshes
[2.485s] symbolically linking /home/walkowiczf/MoveoUnity/MoveoROS2/build/moveo_description/meshes/Link_2_col.STL -> /home/walkowiczf/MoveoUnity/MoveoROS2/install/moveo_description/share/moveo_description/meshes
[2.485s] symbolically linking /home/walkowiczf/MoveoUnity/MoveoROS2/build/moveo_description/meshes/Tip_Gripper_Idol_col.STL -> /home/walkowiczf/MoveoUnity/MoveoROS2/install/moveo_description/share/moveo_description/meshes
[2.486s] symbolically linking /home/walkowiczf/MoveoUnity/MoveoROS2/build/moveo_description/meshes/Link_2.STL -> /home/walkowiczf/MoveoUnity/MoveoROS2/install/moveo_description/share/moveo_description/meshes
[2.486s] symbolically linking /home/walkowiczf/MoveoUnity/MoveoROS2/build/moveo_description/meshes/Tip_Gripper_Servo_col.STL -> /home/walkowiczf/MoveoUnity/MoveoROS2/install/moveo_description/share/moveo_description/meshes
[2.486s] symbolically linking /home/walkowiczf/MoveoUnity/MoveoROS2/build/moveo_description/meshes/Link_4_col.STL -> /home/walkowiczf/MoveoUnity/MoveoROS2/install/moveo_description/share/moveo_description/meshes
[2.486s] symbolically linking /home/walkowiczf/MoveoUnity/MoveoROS2/build/moveo_description/meshes/Link_3.STL -> /home/walkowiczf/MoveoUnity/MoveoROS2/install/moveo_description/share/moveo_description/meshes
[2.486s] symbolically linking /home/walkowiczf/MoveoUnity/MoveoROS2/build/moveo_description/meshes/Tip_Gripper_Servo.STL -> /home/walkowiczf/MoveoUnity/MoveoROS2/install/moveo_description/share/moveo_description/meshes
[2.486s] symbolically linking /home/walkowiczf/MoveoUnity/MoveoROS2/build/moveo_description/meshes/Pivot_Arm_Gripper_Servo.STL -> /home/walkowiczf/MoveoUnity/MoveoROS2/install/moveo_description/share/moveo_description/meshes
[2.486s] symbolically linking /home/walkowiczf/MoveoUnity/MoveoROS2/build/moveo_description/meshes/Link_5_col.STL -> /home/walkowiczf/MoveoUnity/MoveoROS2/install/moveo_description/share/moveo_description/meshes
[2.486s] symbolically linking /home/walkowiczf/MoveoUnity/MoveoROS2/build/moveo_description/meshes/Link_5.STL -> /home/walkowiczf/MoveoUnity/MoveoROS2/install/moveo_description/share/moveo_description/meshes
[2.487s] symbolically linking /home/walkowiczf/MoveoUnity/MoveoROS2/build/moveo_description/meshes/Gripper_Servo_Gear.STL -> /home/walkowiczf/MoveoUnity/MoveoROS2/install/moveo_description/share/moveo_description/meshes
[2.487s] symbolically linking /home/walkowiczf/MoveoUnity/MoveoROS2/build/moveo_description/meshes/Tip_Gripper_Idol.STL -> /home/walkowiczf/MoveoUnity/MoveoROS2/install/moveo_description/share/moveo_description/meshes
[2.487s] symbolically linking /home/walkowiczf/MoveoUnity/MoveoROS2/build/moveo_description/meshes/Link_1.STL -> /home/walkowiczf/MoveoUnity/MoveoROS2/install/moveo_description/share/moveo_description/meshes
[2.487s] symbolically linking /home/walkowiczf/MoveoUnity/MoveoROS2/build/moveo_description/meshes/base_link.STL -> /home/walkowiczf/MoveoUnity/MoveoROS2/install/moveo_description/share/moveo_description/meshes
[2.487s] symbolically linking /home/walkowiczf/MoveoUnity/MoveoROS2/build/moveo_description/meshes/Gripper_Servo_Gear_col.STL -> /home/walkowiczf/MoveoUnity/MoveoROS2/install/moveo_description/share/moveo_description/meshes
[2.487s] symbolically linking /home/walkowiczf/MoveoUnity/MoveoROS2/build/moveo_description/meshes/Pivot_Arm_Gripper_Idol.STL -> /home/walkowiczf/MoveoUnity/MoveoROS2/install/moveo_description/share/moveo_description/meshes
[2.487s] symbolically linking /home/walkowiczf/MoveoUnity/MoveoROS2/build/moveo_description/meshes/Link_4.STL -> /home/walkowiczf/MoveoUnity/MoveoROS2/install/moveo_description/share/moveo_description/meshes
[2.487s] symbolically linking /home/walkowiczf/MoveoUnity/MoveoROS2/build/moveo_description/meshes/Link_1_col.STL -> /home/walkowiczf/MoveoUnity/MoveoROS2/install/moveo_description/share/moveo_description/meshes
[2.488s] symbolically linking /home/walkowiczf/MoveoUnity/MoveoROS2/build/moveo_description/meshes/Pivot_Arm_Gripper_Idol_col.STL -> /home/walkowiczf/MoveoUnity/MoveoROS2/install/moveo_description/share/moveo_description/meshes
[2.488s] symbolically linking /home/walkowiczf/MoveoUnity/MoveoROS2/build/moveo_description/meshes/Gripper_Idol_Gear_col.STL -> /home/walkowiczf/MoveoUnity/MoveoROS2/install/moveo_description/share/moveo_description/meshes
[2.488s] creating /home/walkowiczf/MoveoUnity/MoveoROS2/install/moveo_description/share/moveo_description/launch
[2.488s] symbolically linking /home/walkowiczf/MoveoUnity/MoveoROS2/build/moveo_description/launch/rsp.launch.py -> /home/walkowiczf/MoveoUnity/MoveoROS2/install/moveo_description/share/moveo_description/launch
[2.488s] creating /home/walkowiczf/MoveoUnity/MoveoROS2/install/moveo_description/share/moveo_description/config
[2.488s] symbolically linking /home/walkowiczf/MoveoUnity/MoveoROS2/build/moveo_description/config/joint_names_move_urdf.yaml -> /home/walkowiczf/MoveoUnity/MoveoROS2/install/moveo_description/share/moveo_description/config
[2.536s] Invoked command in '/home/walkowiczf/MoveoUnity/MoveoROS2/build/moveo_description' returned '0': BYOBU_DATE=%Y-%m-%d PYTHONPATH=/home/walkowiczf/MoveoUnity/MoveoROS2/build/moveo_description/prefix_override:/usr/lib/python3/dist-packages/colcon_core/task/python/colcon_distutils_commands:/home/walkowiczf/MoveoUnity/MoveoROS2/install/moveo_description/lib/python3.10/site-packages:${PYTHONPATH} /usr/bin/python3 -W ignore:setup.py install is deprecated -W ignore:easy_install command is deprecated setup.py develop --editable --build-directory /home/walkowiczf/MoveoUnity/MoveoROS2/build/moveo_description/build --no-deps symlink_data
