running develop
running egg_info
creating moveo_gazebo.egg-info
writing moveo_gazebo.egg-info/PKG-INFO
writing dependency_links to moveo_gazebo.egg-info/dependency_links.txt
writing requirements to moveo_gazebo.egg-info/requires.txt
writing top-level names to moveo_gazebo.egg-info/top_level.txt
writing manifest file 'moveo_gazebo.egg-info/SOURCES.txt'
reading manifest file 'moveo_gazebo.egg-info/SOURCES.txt'
writing manifest file 'moveo_gazebo.egg-info/SOURCES.txt'
running build_ext
Creating /home/walkowiczf/MoveoUnity/MoveoROS2/install/moveo_gazebo/lib/python3.10/site-packages/moveo-gazebo.egg-link (link to .)

Installed /home/walkowiczf/MoveoUnity/MoveoROS2/build/moveo_gazebo
running symlink_data
creating /home/walkowiczf/MoveoUnity/MoveoROS2/install/moveo_gazebo/share/ament_index/resource_index/packages
symbolically linking /home/walkowiczf/MoveoUnity/MoveoROS2/build/moveo_gazebo/resource/moveo_gazebo -> /home/walkowiczf/MoveoUnity/MoveoROS2/install/moveo_gazebo/share/ament_index/resource_index/packages
symbolically linking /home/walkowiczf/MoveoUnity/MoveoROS2/build/moveo_gazebo/package.xml -> /home/walkowiczf/MoveoUnity/MoveoROS2/install/moveo_gazebo/share/moveo_gazebo
creating /home/walkowiczf/MoveoUnity/MoveoROS2/install/moveo_gazebo/share/moveo_gazebo/launch
symbolically linking /home/walkowiczf/MoveoUnity/MoveoROS2/build/moveo_gazebo/launch/controllers.launch.py -> /home/walkowiczf/MoveoUnity/MoveoROS2/install/moveo_gazebo/share/moveo_gazebo/launch
symbolically linking /home/walkowiczf/MoveoUnity/MoveoROS2/build/moveo_gazebo/launch/simulation.launch.py -> /home/walkowiczf/MoveoUnity/MoveoROS2/install/moveo_gazebo/share/moveo_gazebo/launch
symbolically linking /home/walkowiczf/MoveoUnity/MoveoROS2/build/moveo_gazebo/launch/simulation_save.launch.py -> /home/walkowiczf/MoveoUnity/MoveoROS2/install/moveo_gazebo/share/moveo_gazebo/launch
creating /home/walkowiczf/MoveoUnity/MoveoROS2/install/moveo_gazebo/share/moveo_gazebo/config
symbolically linking /home/walkowiczf/MoveoUnity/MoveoROS2/build/moveo_gazebo/config/controllers.yaml -> /home/walkowiczf/MoveoUnity/MoveoROS2/install/moveo_gazebo/share/moveo_gazebo/config
