[6.519s] Invoking command in '/home/walkowiczf/MoveoUnity/MoveoROS2/build/ros_tcp_endpoint': BYOBU_DATE=%Y-%m-%d PYTHONPATH=/home/walkowiczf/MoveoUnity/MoveoROS2/build/ros_tcp_endpoint/prefix_override:/usr/lib/python3/dist-packages/colcon_core/task/python/colcon_distutils_commands:/home/walkowiczf/MoveoUnity/MoveoROS2/install/ros_tcp_endpoint/lib/python3.10/site-packages:${PYTHONPATH} /usr/bin/python3 -W ignore:setup.py install is deprecated -W ignore:easy_install command is deprecated setup.py develop --editable --build-directory /home/walkowiczf/MoveoUnity/MoveoROS2/build/ros_tcp_endpoint/build --no-deps symlink_data
[8.271s] running develop
[8.274s] /home/walkowiczf/.local/lib/python3.10/site-packages/setuptools/dist.py:488: SetuptoolsDeprecationWarning: Invalid dash-separated options
[8.274s] !!
[8.274s] 
[8.275s]         ********************************************************************************
[8.275s]         Usage of dash-separated 'script-dir' will not be supported in future
[8.275s]         versions. Please use the underscore name 'script_dir' instead.
[8.275s] 
[8.275s]         This deprecation is overdue, please update your project and remove deprecated
[8.275s]         calls to avoid build errors in the future.
[8.275s] 
[8.275s]         See https://setuptools.pypa.io/en/latest/userguide/declarative_config.html for details.
[8.275s]         ********************************************************************************
[8.276s] 
[8.276s] !!
[8.276s]   opt = self.warn_dash_deprecation(opt, section)
[8.276s] /home/walkowiczf/.local/lib/python3.10/site-packages/setuptools/_distutils/dist.py:261: UserWarning: Unknown distribution option: 'tests_require'
[8.276s]   warnings.warn(msg)
[8.343s] running egg_info
[8.397s] writing ros_tcp_endpoint.egg-info/PKG-INFO
[8.397s] writing dependency_links to ros_tcp_endpoint.egg-info/dependency_links.txt
[8.397s] writing entry points to ros_tcp_endpoint.egg-info/entry_points.txt
[8.398s] writing requirements to ros_tcp_endpoint.egg-info/requires.txt
[8.398s] writing top-level names to ros_tcp_endpoint.egg-info/top_level.txt
[8.469s] reading manifest file 'ros_tcp_endpoint.egg-info/SOURCES.txt'
[8.469s] writing manifest file 'ros_tcp_endpoint.egg-info/SOURCES.txt'
[8.506s] running build_ext
[8.506s] Creating /home/walkowiczf/MoveoUnity/MoveoROS2/install/ros_tcp_endpoint/lib/python3.10/site-packages/ros-tcp-endpoint.egg-link (link to .)
[8.507s] Installing default_server_endpoint script to /home/walkowiczf/MoveoUnity/MoveoROS2/install/ros_tcp_endpoint/lib/ros_tcp_endpoint
[8.509s] 
[8.510s] Installed /home/walkowiczf/MoveoUnity/MoveoROS2/build/ros_tcp_endpoint
[8.510s] running symlink_data
[8.595s] Invoked command in '/home/walkowiczf/MoveoUnity/MoveoROS2/build/ros_tcp_endpoint' returned '0': BYOBU_DATE=%Y-%m-%d PYTHONPATH=/home/walkowiczf/MoveoUnity/MoveoROS2/build/ros_tcp_endpoint/prefix_override:/usr/lib/python3/dist-packages/colcon_core/task/python/colcon_distutils_commands:/home/walkowiczf/MoveoUnity/MoveoROS2/install/ros_tcp_endpoint/lib/python3.10/site-packages:${PYTHONPATH} /usr/bin/python3 -W ignore:setup.py install is deprecated -W ignore:easy_install command is deprecated setup.py develop --editable --build-directory /home/walkowiczf/MoveoUnity/MoveoROS2/build/ros_tcp_endpoint/build --no-deps symlink_data
