[2.214s] Invoking command in '/home/walkowiczf/MoveoUnity/MoveoROS2/build/ros_tcp_endpoint': BYOBU_DATE=%Y-%m-%d PYTHONPATH=/home/walkowiczf/MoveoUnity/MoveoROS2/build/ros_tcp_endpoint/prefix_override:/usr/lib/python3/dist-packages/colcon_core/task/python/colcon_distutils_commands:/home/walkowiczf/MoveoUnity/MoveoROS2/install/ros_tcp_endpoint/lib/python3.10/site-packages:${PYTHONPATH} /usr/bin/python3 -W ignore:setup.py install is deprecated -W ignore:easy_install command is deprecated setup.py develop --editable --build-directory /home/walkowiczf/MoveoUnity/MoveoROS2/build/ros_tcp_endpoint/build --no-deps symlink_data
[2.465s] /home/walkowiczf/.local/lib/python3.10/site-packages/setuptools/dist.py:488: SetuptoolsDeprecationWarning: Invalid dash-separated options
[2.466s] !!
[2.466s] 
[2.466s]         ********************************************************************************
[2.468s]         Usage of dash-separated 'script-dir' will not be supported in future
[2.468s]         versions. Please use the underscore name 'script_dir' instead.
[2.469s] 
[2.469s]         This deprecation is overdue, please update your project and remove deprecated
[2.469s]         calls to avoid build errors in the future.
[2.469s] 
[2.469s]         See https://setuptools.pypa.io/en/latest/userguide/declarative_config.html for details.
[2.469s]         ********************************************************************************
[2.469s] 
[2.469s] !!
[2.469s]   opt = self.warn_dash_deprecation(opt, section)
[2.491s] /home/walkowiczf/.local/lib/python3.10/site-packages/setuptools/_distutils/dist.py:261: UserWarning: Unknown distribution option: 'tests_require'
[2.491s]   warnings.warn(msg)
[2.886s] running develop
[3.659s] running egg_info
[3.691s] writing ros_tcp_endpoint.egg-info/PKG-INFO
[3.692s] writing dependency_links to ros_tcp_endpoint.egg-info/dependency_links.txt
[3.692s] writing entry points to ros_tcp_endpoint.egg-info/entry_points.txt
[3.692s] writing requirements to ros_tcp_endpoint.egg-info/requires.txt
[3.697s] writing top-level names to ros_tcp_endpoint.egg-info/top_level.txt
[3.752s] reading manifest file 'ros_tcp_endpoint.egg-info/SOURCES.txt'
[3.754s] writing manifest file 'ros_tcp_endpoint.egg-info/SOURCES.txt'
[3.783s] running build_ext
[3.783s] Creating /home/walkowiczf/MoveoUnity/MoveoROS2/install/ros_tcp_endpoint/lib/python3.10/site-packages/ros-tcp-endpoint.egg-link (link to .)
[3.784s] Installing default_server_endpoint script to /home/walkowiczf/MoveoUnity/MoveoROS2/install/ros_tcp_endpoint/lib/ros_tcp_endpoint
[3.784s] 
[3.784s] Installed /home/walkowiczf/MoveoUnity/MoveoROS2/build/ros_tcp_endpoint
[3.784s] running symlink_data
[3.936s] Invoked command in '/home/walkowiczf/MoveoUnity/MoveoROS2/build/ros_tcp_endpoint' returned '0': BYOBU_DATE=%Y-%m-%d PYTHONPATH=/home/walkowiczf/MoveoUnity/MoveoROS2/build/ros_tcp_endpoint/prefix_override:/usr/lib/python3/dist-packages/colcon_core/task/python/colcon_distutils_commands:/home/walkowiczf/MoveoUnity/MoveoROS2/install/ros_tcp_endpoint/lib/python3.10/site-packages:${PYTHONPATH} /usr/bin/python3 -W ignore:setup.py install is deprecated -W ignore:easy_install command is deprecated setup.py develop --editable --build-directory /home/walkowiczf/MoveoUnity/MoveoROS2/build/ros_tcp_endpoint/build --no-deps symlink_data
