[0.012s] Invoking command in '/home/walkowiczf/MoveoUnity/MoveoROS2/build/moveo_moveit': AMENT_PREFIX_PATH=/home/walkowiczf/MoveoUnity/MoveoROS2/install/moveo_description:${AMENT_PREFIX_PATH} BYOBU_DATE=%Y-%m-%d CMAKE_PREFIX_PATH=/home/walkowiczf/PycharmProjects/ROS2/install/my_robot_controller:/opt/ros/humble PYTHONPATH=/home/walkowiczf/MoveoUnity/MoveoROS2/build/moveo_description:/home/walkowiczf/MoveoUnity/MoveoROS2/install/moveo_description/lib/python3.10/site-packages:${PYTHONPATH} /usr/bin/cmake /home/walkowiczf/MoveoUnity/MoveoROS2/src/moveo_moveit -DAMENT_CMAKE_SYMLINK_INSTALL=1 -DCMAKE_INSTALL_PREFIX=/home/walkowiczf/MoveoUnity/MoveoROS2/install/moveo_moveit
[0.130s] -- The C compiler identification is GNU 11.4.0
[0.231s] -- The CXX compiler identification is GNU 11.4.0
[0.240s] -- Detecting C compiler ABI info
[0.307s] -- Detecting C compiler ABI info - done
[0.313s] -- Check for working C compiler: /usr/bin/cc - skipped
[0.313s] -- Detecting C compile features
[0.314s] -- Detecting C compile features - done
[0.317s] -- Detecting CXX compiler ABI info
[0.380s] -- Detecting CXX compiler ABI info - done
[0.386s] -- Check for working CXX compiler: /usr/bin/c++ - skipped
[0.386s] -- Detecting CXX compile features
[0.386s] -- Detecting CXX compile features - done
[0.396s] -- Found ament_cmake: 1.3.11 (/opt/ros/humble/share/ament_cmake/cmake)
[0.672s] -- Found Python3: /usr/bin/python3 (found version "3.10.12") found components: Interpreter 
[0.735s] -- Override CMake install command with custom implementation using symlinks instead of copying resources
[0.818s] -- Configuring done
[0.820s] -- Generating done
[0.821s] -- Build files have been written to: /home/walkowiczf/MoveoUnity/MoveoROS2/build/moveo_moveit
[0.826s] Invoked command in '/home/walkowiczf/MoveoUnity/MoveoROS2/build/moveo_moveit' returned '0': AMENT_PREFIX_PATH=/home/walkowiczf/MoveoUnity/MoveoROS2/install/moveo_description:${AMENT_PREFIX_PATH} BYOBU_DATE=%Y-%m-%d CMAKE_PREFIX_PATH=/home/walkowiczf/PycharmProjects/ROS2/install/my_robot_controller:/opt/ros/humble PYTHONPATH=/home/walkowiczf/MoveoUnity/MoveoROS2/build/moveo_description:/home/walkowiczf/MoveoUnity/MoveoROS2/install/moveo_description/lib/python3.10/site-packages:${PYTHONPATH} /usr/bin/cmake /home/walkowiczf/MoveoUnity/MoveoROS2/src/moveo_moveit -DAMENT_CMAKE_SYMLINK_INSTALL=1 -DCMAKE_INSTALL_PREFIX=/home/walkowiczf/MoveoUnity/MoveoROS2/install/moveo_moveit
[0.827s] Invoking command in '/home/walkowiczf/MoveoUnity/MoveoROS2/build/moveo_moveit': AMENT_PREFIX_PATH=/home/walkowiczf/MoveoUnity/MoveoROS2/install/moveo_description:${AMENT_PREFIX_PATH} BYOBU_DATE=%Y-%m-%d CMAKE_PREFIX_PATH=/home/walkowiczf/PycharmProjects/ROS2/install/my_robot_controller:/opt/ros/humble PYTHONPATH=/home/walkowiczf/MoveoUnity/MoveoROS2/build/moveo_description:/home/walkowiczf/MoveoUnity/MoveoROS2/install/moveo_description/lib/python3.10/site-packages:${PYTHONPATH} /usr/bin/cmake --build /home/walkowiczf/MoveoUnity/MoveoROS2/build/moveo_moveit -- -j8 -l8
[0.856s] Invoked command in '/home/walkowiczf/MoveoUnity/MoveoROS2/build/moveo_moveit' returned '0': AMENT_PREFIX_PATH=/home/walkowiczf/MoveoUnity/MoveoROS2/install/moveo_description:${AMENT_PREFIX_PATH} BYOBU_DATE=%Y-%m-%d CMAKE_PREFIX_PATH=/home/walkowiczf/PycharmProjects/ROS2/install/my_robot_controller:/opt/ros/humble PYTHONPATH=/home/walkowiczf/MoveoUnity/MoveoROS2/build/moveo_description:/home/walkowiczf/MoveoUnity/MoveoROS2/install/moveo_description/lib/python3.10/site-packages:${PYTHONPATH} /usr/bin/cmake --build /home/walkowiczf/MoveoUnity/MoveoROS2/build/moveo_moveit -- -j8 -l8
[0.863s] Invoking command in '/home/walkowiczf/MoveoUnity/MoveoROS2/build/moveo_moveit': AMENT_PREFIX_PATH=/home/walkowiczf/MoveoUnity/MoveoROS2/install/moveo_description:${AMENT_PREFIX_PATH} BYOBU_DATE=%Y-%m-%d CMAKE_PREFIX_PATH=/home/walkowiczf/PycharmProjects/ROS2/install/my_robot_controller:/opt/ros/humble PYTHONPATH=/home/walkowiczf/MoveoUnity/MoveoROS2/build/moveo_description:/home/walkowiczf/MoveoUnity/MoveoROS2/install/moveo_description/lib/python3.10/site-packages:${PYTHONPATH} /usr/bin/cmake --install /home/walkowiczf/MoveoUnity/MoveoROS2/build/moveo_moveit
[0.869s] -- Install configuration: ""
[0.869s] -- Execute custom install script
[0.869s] -- Symlinking: /home/walkowiczf/MoveoUnity/MoveoROS2/install/moveo_moveit/share/ament_index/resource_index/package_run_dependencies/moveo_moveit
[0.877s] -- Symlinking: /home/walkowiczf/MoveoUnity/MoveoROS2/install/moveo_moveit/share/ament_index/resource_index/parent_prefix_path/moveo_moveit
[0.884s] -- Symlinking: /home/walkowiczf/MoveoUnity/MoveoROS2/install/moveo_moveit/share/moveo_moveit/environment/ament_prefix_path.sh
[0.891s] -- Symlinking: /home/walkowiczf/MoveoUnity/MoveoROS2/install/moveo_moveit/share/moveo_moveit/environment/ament_prefix_path.dsv
[0.898s] -- Symlinking: /home/walkowiczf/MoveoUnity/MoveoROS2/install/moveo_moveit/share/moveo_moveit/environment/path.sh
[0.905s] -- Symlinking: /home/walkowiczf/MoveoUnity/MoveoROS2/install/moveo_moveit/share/moveo_moveit/environment/path.dsv
[0.912s] -- Symlinking: /home/walkowiczf/MoveoUnity/MoveoROS2/install/moveo_moveit/share/moveo_moveit/local_setup.bash
[0.919s] -- Symlinking: /home/walkowiczf/MoveoUnity/MoveoROS2/install/moveo_moveit/share/moveo_moveit/local_setup.sh
[0.925s] -- Symlinking: /home/walkowiczf/MoveoUnity/MoveoROS2/install/moveo_moveit/share/moveo_moveit/local_setup.zsh
[0.932s] -- Symlinking: /home/walkowiczf/MoveoUnity/MoveoROS2/install/moveo_moveit/share/moveo_moveit/local_setup.dsv
[0.939s] -- Symlinking: /home/walkowiczf/MoveoUnity/MoveoROS2/install/moveo_moveit/share/moveo_moveit/package.dsv
[0.946s] -- Symlinking: /home/walkowiczf/MoveoUnity/MoveoROS2/install/moveo_moveit/share/ament_index/resource_index/packages/moveo_moveit
[0.952s] -- Symlinking: /home/walkowiczf/MoveoUnity/MoveoROS2/install/moveo_moveit/share/moveo_moveit/cmake/moveo_moveitConfig.cmake
[0.959s] -- Symlinking: /home/walkowiczf/MoveoUnity/MoveoROS2/install/moveo_moveit/share/moveo_moveit/cmake/moveo_moveitConfig-version.cmake
[0.966s] -- Symlinking: /home/walkowiczf/MoveoUnity/MoveoROS2/install/moveo_moveit/share/moveo_moveit/package.xml
[0.973s] -- Symlinking: /home/walkowiczf/MoveoUnity/MoveoROS2/install/moveo_moveit/share/moveo_moveit/launch/demo.launch.py
[0.979s] -- Symlinking: /home/walkowiczf/MoveoUnity/MoveoROS2/install/moveo_moveit/share/moveo_moveit/launch/move_group.launch.py
[0.986s] -- Symlinking: /home/walkowiczf/MoveoUnity/MoveoROS2/install/moveo_moveit/share/moveo_moveit/launch/moveit_rviz.launch.py
[0.993s] -- Symlinking: /home/walkowiczf/MoveoUnity/MoveoROS2/install/moveo_moveit/share/moveo_moveit/launch/rsp.launch.py
[1.000s] -- Symlinking: /home/walkowiczf/MoveoUnity/MoveoROS2/install/moveo_moveit/share/moveo_moveit/launch/setup_assistant.launch.py
[1.007s] -- Symlinking: /home/walkowiczf/MoveoUnity/MoveoROS2/install/moveo_moveit/share/moveo_moveit/launch/spawn_controllers.launch.py
[1.013s] -- Symlinking: /home/walkowiczf/MoveoUnity/MoveoROS2/install/moveo_moveit/share/moveo_moveit/launch/static_virtual_joint_tfs.launch.py
[1.020s] -- Symlinking: /home/walkowiczf/MoveoUnity/MoveoROS2/install/moveo_moveit/share/moveo_moveit/launch/warehouse_db.launch.py
[1.029s] -- Symlinking: /home/walkowiczf/MoveoUnity/MoveoROS2/install/moveo_moveit/share/moveo_moveit/config/initial_positions.yaml
[1.036s] -- Symlinking: /home/walkowiczf/MoveoUnity/MoveoROS2/install/moveo_moveit/share/moveo_moveit/config/joint_limits.yaml
[1.042s] -- Symlinking: /home/walkowiczf/MoveoUnity/MoveoROS2/install/moveo_moveit/share/moveo_moveit/config/kinematics.yaml
[1.049s] -- Symlinking: /home/walkowiczf/MoveoUnity/MoveoROS2/install/moveo_moveit/share/moveo_moveit/config/moveit.rviz
[1.056s] -- Symlinking: /home/walkowiczf/MoveoUnity/MoveoROS2/install/moveo_moveit/share/moveo_moveit/config/moveit_controllers.yaml
[1.063s] -- Symlinking: /home/walkowiczf/MoveoUnity/MoveoROS2/install/moveo_moveit/share/moveo_moveit/config/moveo_urdf.ros2_control.xacro
[1.070s] -- Symlinking: /home/walkowiczf/MoveoUnity/MoveoROS2/install/moveo_moveit/share/moveo_moveit/config/moveo_urdf.srdf
[1.077s] -- Symlinking: /home/walkowiczf/MoveoUnity/MoveoROS2/install/moveo_moveit/share/moveo_moveit/config/moveo_urdf.urdf.xacro
[1.084s] -- Symlinking: /home/walkowiczf/MoveoUnity/MoveoROS2/install/moveo_moveit/share/moveo_moveit/config/pilz_cartesian_limits.yaml
[1.091s] -- Symlinking: /home/walkowiczf/MoveoUnity/MoveoROS2/install/moveo_moveit/share/moveo_moveit/config/ros2_controllers.yaml
[1.098s] -- Symlinking: /home/walkowiczf/MoveoUnity/MoveoROS2/install/moveo_moveit/share/moveo_moveit/.setup_assistant
[1.107s] Invoked command in '/home/walkowiczf/MoveoUnity/MoveoROS2/build/moveo_moveit' returned '0': AMENT_PREFIX_PATH=/home/walkowiczf/MoveoUnity/MoveoROS2/install/moveo_description:${AMENT_PREFIX_PATH} BYOBU_DATE=%Y-%m-%d CMAKE_PREFIX_PATH=/home/walkowiczf/PycharmProjects/ROS2/install/my_robot_controller:/opt/ros/humble PYTHONPATH=/home/walkowiczf/MoveoUnity/MoveoROS2/build/moveo_description:/home/walkowiczf/MoveoUnity/MoveoROS2/install/moveo_description/lib/python3.10/site-packages:${PYTHONPATH} /usr/bin/cmake --install /home/walkowiczf/MoveoUnity/MoveoROS2/build/moveo_moveit
