running develop
running egg_info
creating moveo_rviz.egg-info
writing moveo_rviz.egg-info/PKG-INFO
writing dependency_links to moveo_rviz.egg-info/dependency_links.txt
writing requirements to moveo_rviz.egg-info/requires.txt
writing top-level names to moveo_rviz.egg-info/top_level.txt
writing manifest file 'moveo_rviz.egg-info/SOURCES.txt'
reading manifest file 'moveo_rviz.egg-info/SOURCES.txt'
writing manifest file 'moveo_rviz.egg-info/SOURCES.txt'
running build_ext
Creating /home/walkowiczf/MoveoUnity/MoveoROS2/install/moveo_rviz/lib/python3.10/site-packages/moveo-rviz.egg-link (link to .)

Installed /home/walkowiczf/MoveoUnity/MoveoROS2/build/moveo_rviz
running symlink_data
creating /home/walkowiczf/MoveoUnity/MoveoROS2/install/moveo_rviz/share/ament_index/resource_index/packages
symbolically linking /home/walkowiczf/MoveoUnity/MoveoROS2/build/moveo_rviz/resource/moveo_rviz -> /home/walkowiczf/MoveoUnity/MoveoROS2/install/moveo_rviz/share/ament_index/resource_index/packages
symbolically linking /home/walkowiczf/MoveoUnity/MoveoROS2/build/moveo_rviz/package.xml -> /home/walkowiczf/MoveoUnity/MoveoROS2/install/moveo_rviz/share/moveo_rviz
creating /home/walkowiczf/MoveoUnity/MoveoROS2/install/moveo_rviz/share/moveo_rviz/launch
symbolically linking /home/walkowiczf/MoveoUnity/MoveoROS2/build/moveo_rviz/launch/rviz.launch.py -> /home/walkowiczf/MoveoUnity/MoveoROS2/install/moveo_rviz/share/moveo_rviz/launch
creating /home/walkowiczf/MoveoUnity/MoveoROS2/install/moveo_rviz/share/moveo_rviz/config
symbolically linking /home/walkowiczf/MoveoUnity/MoveoROS2/build/moveo_rviz/config/urdf_model.rviz -> /home/walkowiczf/MoveoUnity/MoveoROS2/install/moveo_rviz/share/moveo_rviz/config
symbolically linking /home/walkowiczf/MoveoUnity/MoveoROS2/build/moveo_rviz/config/moveit.rviz -> /home/walkowiczf/MoveoUnity/MoveoROS2/install/moveo_rviz/share/moveo_rviz/config
